[0.699s] Invoking command in '/home/yh6917/ME495/src/hw3group-jengabells/camera': PYTHONPATH=/home/yh6917/ME495/src/hw3group-jengabells/install/camera/lib/python3.10/site-packages:${PYTHONPATH} /usr/bin/python3 setup.py egg_info --egg-base ../build/camera build --build-base /home/yh6917/ME495/src/hw3group-jengabells/build/camera/build install --prefix /home/yh6917/ME495/src/hw3group-jengabells/install/camera --record /home/yh6917/ME495/src/hw3group-jengabells/build/camera/install.log --single-version-externally-managed
[0.893s] running egg_info
[0.893s] writing ../build/camera/camera.egg-info/PKG-INFO
[0.893s] writing dependency_links to ../build/camera/camera.egg-info/dependency_links.txt
[0.894s] writing entry points to ../build/camera/camera.egg-info/entry_points.txt
[0.894s] writing requirements to ../build/camera/camera.egg-info/requires.txt
[0.894s] writing top-level names to ../build/camera/camera.egg-info/top_level.txt
[0.895s] reading manifest file '../build/camera/camera.egg-info/SOURCES.txt'
[0.896s] writing manifest file '../build/camera/camera.egg-info/SOURCES.txt'
[0.896s] running build
[0.896s] running build_py
[0.896s] running install
[0.897s] running install_lib
[0.897s] running install_data
[0.898s] running install_egg_info
[0.899s] removing '/home/yh6917/ME495/src/hw3group-jengabells/install/camera/lib/python3.10/site-packages/camera-0.0.0-py3.10.egg-info' (and everything under it)
[0.899s] Copying ../build/camera/camera.egg-info to /home/yh6917/ME495/src/hw3group-jengabells/install/camera/lib/python3.10/site-packages/camera-0.0.0-py3.10.egg-info
[0.900s] running install_scripts
[0.914s] Installing broadcast script to /home/yh6917/ME495/src/hw3group-jengabells/install/camera/lib/camera
[0.915s] Installing cali script to /home/yh6917/ME495/src/hw3group-jengabells/install/camera/lib/camera
[0.915s] Installing cam script to /home/yh6917/ME495/src/hw3group-jengabells/install/camera/lib/camera
[0.915s] writing list of installed files to '/home/yh6917/ME495/src/hw3group-jengabells/build/camera/install.log'
[0.937s] Invoked command in '/home/yh6917/ME495/src/hw3group-jengabells/camera' returned '0': PYTHONPATH=/home/yh6917/ME495/src/hw3group-jengabells/install/camera/lib/python3.10/site-packages:${PYTHONPATH} /usr/bin/python3 setup.py egg_info --egg-base ../build/camera build --build-base /home/yh6917/ME495/src/hw3group-jengabells/build/camera/build install --prefix /home/yh6917/ME495/src/hw3group-jengabells/install/camera --record /home/yh6917/ME495/src/hw3group-jengabells/build/camera/install.log --single-version-externally-managed
