running develop
/usr/lib/python3/dist-packages/setuptools/command/easy_install.py:158: EasyInstallDeprecationWarning: easy_install command is deprecated. Use build and pip and other standards-based tools.
  warnings.warn(
/usr/lib/python3/dist-packages/setuptools/command/install.py:34: SetuptoolsDeprecationWarning: setup.py install is deprecated. Use build and pip and other standards-based tools.
  warnings.warn(
/usr/lib/python3/dist-packages/pkg_resources/__init__.py:116: PkgResourcesDeprecationWarning: 1.16.0-unknown is an invalid version and will not be supported in a future release
  warnings.warn(
/usr/lib/python3/dist-packages/pkg_resources/__init__.py:116: PkgResourcesDeprecationWarning: 1.1build1 is an invalid version and will not be supported in a future release
  warnings.warn(
/usr/lib/python3/dist-packages/pkg_resources/__init__.py:116: PkgResourcesDeprecationWarning: 0.1.43ubuntu1 is an invalid version and will not be supported in a future release
  warnings.warn(
running egg_info
writing plan_execute.egg-info/PKG-INFO
writing dependency_links to plan_execute.egg-info/dependency_links.txt
writing entry points to plan_execute.egg-info/entry_points.txt
writing requirements to plan_execute.egg-info/requires.txt
writing top-level names to plan_execute.egg-info/top_level.txt
reading manifest file 'plan_execute.egg-info/SOURCES.txt'
writing manifest file 'plan_execute.egg-info/SOURCES.txt'
running build_ext
Creating /home/alyssa/hw3_ws/src/hw3group-jengabells/install/plan_execute/lib/python3.10/site-packages/plan-execute.egg-link (link to .)
Installing simple_move script to /home/alyssa/hw3_ws/src/hw3group-jengabells/install/plan_execute/lib/plan_execute

Installed /home/alyssa/hw3_ws/src/hw3group-jengabells/build/plan_execute
running install_data
copying plan_execute/plan_and_execute.py -> /home/alyssa/hw3_ws/src/hw3group-jengabells/install/plan_execute/share/plan_execute
