[0.171s] DEBUG:colcon:Command line arguments: ['/usr/bin/colcon', 'build']
[0.171s] DEBUG:colcon:Parsed command line arguments: Namespace(log_base=None, log_level=None, verb_name='build', build_base='build', install_base='install', merge_install=False, symlink_install=False, test_result_base=None, continue_on_error=False, executor='parallel', parallel_workers=8, event_handlers=None, ignore_user_meta=False, metas=['./colcon.meta'], base_paths=['.'], packages_ignore=None, packages_ignore_regex=None, paths=None, packages_up_to=None, packages_up_to_regex=None, packages_above=None, packages_above_and_dependencies=None, packages_above_depth=None, packages_select_by_dep=None, packages_skip_by_dep=None, packages_skip_up_to=None, packages_select_build_failed=False, packages_skip_build_finished=False, packages_select_test_failures=False, packages_skip_test_passed=False, packages_select=None, packages_skip=None, packages_select_regex=None, packages_skip_regex=None, packages_start=None, packages_end=None, allow_overriding=[], cmake_args=None, cmake_target=None, cmake_target_skip_unavailable=False, cmake_clean_cache=False, cmake_clean_first=False, cmake_force_configure=False, ament_cmake_args=None, catkin_cmake_args=None, catkin_skip_building_tests=False, mixin_files=None, mixin=None, verb_parser=<colcon_mixin.mixin.mixin_argument.MixinArgumentDecorator object at 0x7f1d1c4621a0>, verb_extension=<colcon_core.verb.build.BuildVerb object at 0x7f1d1c461b10>, main=<bound method BuildVerb.main of <colcon_core.verb.build.BuildVerb object at 0x7f1d1c461b10>>, mixin_verb=('build',))
[0.193s] Level 1:colcon.colcon_core.package_discovery:discover_packages(colcon_meta) check parameters
[0.193s] Level 1:colcon.colcon_core.package_discovery:discover_packages(recursive) check parameters
[0.193s] Level 1:colcon.colcon_core.package_discovery:discover_packages(ignore) check parameters
[0.193s] Level 1:colcon.colcon_core.package_discovery:discover_packages(path) check parameters
[0.193s] Level 1:colcon.colcon_core.package_discovery:discover_packages(colcon_meta) discover
[0.193s] Level 1:colcon.colcon_core.package_discovery:discover_packages(recursive) discover
[0.193s] INFO:colcon.colcon_core.package_discovery:Crawling recursively for packages in '/home/yh6917/ME495/src/hw3group-jengabells'
[0.193s] Level 1:colcon.colcon_core.package_identification:_identify(.) by extensions ['ignore', 'ignore_ament_install']
[0.193s] Level 1:colcon.colcon_core.package_identification:_identify(.) by extension 'ignore'
[0.193s] Level 1:colcon.colcon_core.package_identification:_identify(.) by extension 'ignore_ament_install'
[0.193s] Level 1:colcon.colcon_core.package_identification:_identify(.) by extensions ['colcon_pkg']
[0.193s] Level 1:colcon.colcon_core.package_identification:_identify(.) by extension 'colcon_pkg'
[0.194s] Level 1:colcon.colcon_core.package_identification:_identify(.) by extensions ['colcon_meta']
[0.194s] Level 1:colcon.colcon_core.package_identification:_identify(.) by extension 'colcon_meta'
[0.194s] Level 1:colcon.colcon_core.package_identification:_identify(.) by extensions ['ros']
[0.194s] Level 1:colcon.colcon_core.package_identification:_identify(.) by extension 'ros'
[0.207s] Level 1:colcon.colcon_core.package_identification:_identify(.) by extensions ['cmake', 'python']
[0.207s] Level 1:colcon.colcon_core.package_identification:_identify(.) by extension 'cmake'
[0.207s] Level 1:colcon.colcon_core.package_identification:_identify(.) by extension 'python'
[0.207s] Level 1:colcon.colcon_core.package_identification:_identify(.) by extensions ['python_setup_py']
[0.207s] Level 1:colcon.colcon_core.package_identification:_identify(.) by extension 'python_setup_py'
[0.207s] Level 1:colcon.colcon_core.package_identification:_identify(build) by extensions ['ignore', 'ignore_ament_install']
[0.208s] Level 1:colcon.colcon_core.package_identification:_identify(build) by extension 'ignore'
[0.208s] Level 1:colcon.colcon_core.package_identification:_identify(build) ignored
[0.208s] Level 1:colcon.colcon_core.package_identification:_identify(camera) by extensions ['ignore', 'ignore_ament_install']
[0.208s] Level 1:colcon.colcon_core.package_identification:_identify(camera) by extension 'ignore'
[0.208s] Level 1:colcon.colcon_core.package_identification:_identify(camera) by extension 'ignore_ament_install'
[0.208s] Level 1:colcon.colcon_core.package_identification:_identify(camera) by extensions ['colcon_pkg']
[0.208s] Level 1:colcon.colcon_core.package_identification:_identify(camera) by extension 'colcon_pkg'
[0.208s] Level 1:colcon.colcon_core.package_identification:_identify(camera) by extensions ['colcon_meta']
[0.208s] Level 1:colcon.colcon_core.package_identification:_identify(camera) by extension 'colcon_meta'
[0.208s] Level 1:colcon.colcon_core.package_identification:_identify(camera) by extensions ['ros']
[0.208s] Level 1:colcon.colcon_core.package_identification:_identify(camera) by extension 'ros'
[0.211s] DEBUG:colcon.colcon_core.package_identification:Package 'camera' with type 'ros.ament_python' and name 'camera'
[0.211s] Level 1:colcon.colcon_core.package_identification:_identify(install) by extensions ['ignore', 'ignore_ament_install']
[0.211s] Level 1:colcon.colcon_core.package_identification:_identify(install) by extension 'ignore'
[0.211s] Level 1:colcon.colcon_core.package_identification:_identify(install) ignored
[0.211s] Level 1:colcon.colcon_core.package_identification:_identify(log) by extensions ['ignore', 'ignore_ament_install']
[0.211s] Level 1:colcon.colcon_core.package_identification:_identify(log) by extension 'ignore'
[0.211s] Level 1:colcon.colcon_core.package_identification:_identify(log) ignored
[0.211s] Level 1:colcon.colcon_core.package_identification:_identify(plan_execute) by extensions ['ignore', 'ignore_ament_install']
[0.211s] Level 1:colcon.colcon_core.package_identification:_identify(plan_execute) by extension 'ignore'
[0.211s] Level 1:colcon.colcon_core.package_identification:_identify(plan_execute) by extension 'ignore_ament_install'
[0.211s] Level 1:colcon.colcon_core.package_identification:_identify(plan_execute) by extensions ['colcon_pkg']
[0.211s] Level 1:colcon.colcon_core.package_identification:_identify(plan_execute) by extension 'colcon_pkg'
[0.211s] Level 1:colcon.colcon_core.package_identification:_identify(plan_execute) by extensions ['colcon_meta']
[0.211s] Level 1:colcon.colcon_core.package_identification:_identify(plan_execute) by extension 'colcon_meta'
[0.211s] Level 1:colcon.colcon_core.package_identification:_identify(plan_execute) by extensions ['ros']
[0.211s] Level 1:colcon.colcon_core.package_identification:_identify(plan_execute) by extension 'ros'
[0.212s] DEBUG:colcon.colcon_core.package_identification:Package 'plan_execute' with type 'ros.ament_python' and name 'plan_execute'
[0.212s] Level 1:colcon.colcon_core.package_identification:_identify(plan_execute_interface) by extensions ['ignore', 'ignore_ament_install']
[0.212s] Level 1:colcon.colcon_core.package_identification:_identify(plan_execute_interface) by extension 'ignore'
[0.212s] Level 1:colcon.colcon_core.package_identification:_identify(plan_execute_interface) by extension 'ignore_ament_install'
[0.212s] Level 1:colcon.colcon_core.package_identification:_identify(plan_execute_interface) by extensions ['colcon_pkg']
[0.212s] Level 1:colcon.colcon_core.package_identification:_identify(plan_execute_interface) by extension 'colcon_pkg'
[0.212s] Level 1:colcon.colcon_core.package_identification:_identify(plan_execute_interface) by extensions ['colcon_meta']
[0.212s] Level 1:colcon.colcon_core.package_identification:_identify(plan_execute_interface) by extension 'colcon_meta'
[0.212s] Level 1:colcon.colcon_core.package_identification:_identify(plan_execute_interface) by extensions ['ros']
[0.212s] Level 1:colcon.colcon_core.package_identification:_identify(plan_execute_interface) by extension 'ros'
[0.213s] DEBUG:colcon.colcon_core.package_identification:Package 'plan_execute_interface' with type 'ros.ament_cmake' and name 'plan_execute_interface'
[0.213s] Level 1:colcon.colcon_core.package_discovery:discover_packages(recursive) using defaults
[0.213s] Level 1:colcon.colcon_core.package_discovery:discover_packages(ignore) discover
[0.213s] Level 1:colcon.colcon_core.package_discovery:discover_packages(ignore) using defaults
[0.213s] Level 1:colcon.colcon_core.package_discovery:discover_packages(path) discover
[0.213s] Level 1:colcon.colcon_core.package_discovery:discover_packages(path) using defaults
[0.240s] Level 1:colcon.colcon_core.package_discovery:discover_packages(prefix_path) check parameters
[0.240s] Level 1:colcon.colcon_core.package_discovery:discover_packages(prefix_path) discover
[0.242s] DEBUG:colcon.colcon_installed_package_information.package_discovery:Found 3 installed packages in /home/yh6917/ME495/src/hw3group-jengabells/install
[0.243s] DEBUG:colcon.colcon_installed_package_information.package_discovery:Found 41 installed packages in /home/yh6917/nuws/install
[0.245s] DEBUG:colcon.colcon_installed_package_information.package_discovery:Found 448 installed packages in /opt/ros/humble
[0.247s] Level 1:colcon.colcon_core.package_discovery:discover_packages(prefix_path) using defaults
[0.331s] Level 5:colcon.colcon_core.verb:set package 'camera' build argument 'cmake_args' from command line to 'None'
[0.332s] Level 5:colcon.colcon_core.verb:set package 'camera' build argument 'cmake_target' from command line to 'None'
[0.332s] Level 5:colcon.colcon_core.verb:set package 'camera' build argument 'cmake_target_skip_unavailable' from command line to 'False'
[0.332s] Level 5:colcon.colcon_core.verb:set package 'camera' build argument 'cmake_clean_cache' from command line to 'False'
[0.332s] Level 5:colcon.colcon_core.verb:set package 'camera' build argument 'cmake_clean_first' from command line to 'False'
[0.332s] Level 5:colcon.colcon_core.verb:set package 'camera' build argument 'cmake_force_configure' from command line to 'False'
[0.332s] Level 5:colcon.colcon_core.verb:set package 'camera' build argument 'ament_cmake_args' from command line to 'None'
[0.332s] Level 5:colcon.colcon_core.verb:set package 'camera' build argument 'catkin_cmake_args' from command line to 'None'
[0.332s] Level 5:colcon.colcon_core.verb:set package 'camera' build argument 'catkin_skip_building_tests' from command line to 'False'
[0.332s] DEBUG:colcon.colcon_core.verb:Building package 'camera' with the following arguments: {'ament_cmake_args': None, 'build_base': '/home/yh6917/ME495/src/hw3group-jengabells/build/camera', 'catkin_cmake_args': None, 'catkin_skip_building_tests': False, 'cmake_args': None, 'cmake_clean_cache': False, 'cmake_clean_first': False, 'cmake_force_configure': False, 'cmake_target': None, 'cmake_target_skip_unavailable': False, 'install_base': '/home/yh6917/ME495/src/hw3group-jengabells/install/camera', 'merge_install': False, 'path': '/home/yh6917/ME495/src/hw3group-jengabells/camera', 'symlink_install': False, 'test_result_base': None}
[0.333s] Level 5:colcon.colcon_core.verb:set package 'plan_execute' build argument 'cmake_args' from command line to 'None'
[0.333s] Level 5:colcon.colcon_core.verb:set package 'plan_execute' build argument 'cmake_target' from command line to 'None'
[0.333s] Level 5:colcon.colcon_core.verb:set package 'plan_execute' build argument 'cmake_target_skip_unavailable' from command line to 'False'
[0.333s] Level 5:colcon.colcon_core.verb:set package 'plan_execute' build argument 'cmake_clean_cache' from command line to 'False'
[0.333s] Level 5:colcon.colcon_core.verb:set package 'plan_execute' build argument 'cmake_clean_first' from command line to 'False'
[0.333s] Level 5:colcon.colcon_core.verb:set package 'plan_execute' build argument 'cmake_force_configure' from command line to 'False'
[0.333s] Level 5:colcon.colcon_core.verb:set package 'plan_execute' build argument 'ament_cmake_args' from command line to 'None'
[0.333s] Level 5:colcon.colcon_core.verb:set package 'plan_execute' build argument 'catkin_cmake_args' from command line to 'None'
[0.333s] Level 5:colcon.colcon_core.verb:set package 'plan_execute' build argument 'catkin_skip_building_tests' from command line to 'False'
[0.333s] DEBUG:colcon.colcon_core.verb:Building package 'plan_execute' with the following arguments: {'ament_cmake_args': None, 'build_base': '/home/yh6917/ME495/src/hw3group-jengabells/build/plan_execute', 'catkin_cmake_args': None, 'catkin_skip_building_tests': False, 'cmake_args': None, 'cmake_clean_cache': False, 'cmake_clean_first': False, 'cmake_force_configure': False, 'cmake_target': None, 'cmake_target_skip_unavailable': False, 'install_base': '/home/yh6917/ME495/src/hw3group-jengabells/install/plan_execute', 'merge_install': False, 'path': '/home/yh6917/ME495/src/hw3group-jengabells/plan_execute', 'symlink_install': False, 'test_result_base': None}
[0.335s] Level 5:colcon.colcon_core.verb:set package 'plan_execute_interface' build argument 'cmake_args' from command line to 'None'
[0.335s] Level 5:colcon.colcon_core.verb:set package 'plan_execute_interface' build argument 'cmake_target' from command line to 'None'
[0.335s] Level 5:colcon.colcon_core.verb:set package 'plan_execute_interface' build argument 'cmake_target_skip_unavailable' from command line to 'False'
[0.335s] Level 5:colcon.colcon_core.verb:set package 'plan_execute_interface' build argument 'cmake_clean_cache' from command line to 'False'
[0.335s] Level 5:colcon.colcon_core.verb:set package 'plan_execute_interface' build argument 'cmake_clean_first' from command line to 'False'
[0.335s] Level 5:colcon.colcon_core.verb:set package 'plan_execute_interface' build argument 'cmake_force_configure' from command line to 'False'
[0.335s] Level 5:colcon.colcon_core.verb:set package 'plan_execute_interface' build argument 'ament_cmake_args' from command line to 'None'
[0.335s] Level 5:colcon.colcon_core.verb:set package 'plan_execute_interface' build argument 'catkin_cmake_args' from command line to 'None'
[0.335s] Level 5:colcon.colcon_core.verb:set package 'plan_execute_interface' build argument 'catkin_skip_building_tests' from command line to 'False'
[0.335s] DEBUG:colcon.colcon_core.verb:Building package 'plan_execute_interface' with the following arguments: {'ament_cmake_args': None, 'build_base': '/home/yh6917/ME495/src/hw3group-jengabells/build/plan_execute_interface', 'catkin_cmake_args': None, 'catkin_skip_building_tests': False, 'cmake_args': None, 'cmake_clean_cache': False, 'cmake_clean_first': False, 'cmake_force_configure': False, 'cmake_target': None, 'cmake_target_skip_unavailable': False, 'install_base': '/home/yh6917/ME495/src/hw3group-jengabells/install/plan_execute_interface', 'merge_install': False, 'path': '/home/yh6917/ME495/src/hw3group-jengabells/plan_execute_interface', 'symlink_install': False, 'test_result_base': None}
[0.336s] INFO:colcon.colcon_core.executor:Executing jobs using 'parallel' executor
[0.340s] DEBUG:colcon.colcon_parallel_executor.executor.parallel:run_until_complete
[0.340s] INFO:colcon.colcon_ros.task.ament_python.build:Building ROS package in '/home/yh6917/ME495/src/hw3group-jengabells/camera' with build type 'ament_python'
[0.340s] Level 1:colcon.colcon_core.shell:create_environment_hook('camera', 'ament_prefix_path')
[0.345s] INFO:colcon.colcon_core.plugin_system:Skipping extension 'colcon_core.shell.bat': Not used on non-Windows systems
[0.345s] INFO:colcon.colcon_core.shell:Creating environment hook '/home/yh6917/ME495/src/hw3group-jengabells/install/camera/share/camera/hook/ament_prefix_path.ps1'
[0.346s] INFO:colcon.colcon_core.shell:Creating environment descriptor '/home/yh6917/ME495/src/hw3group-jengabells/install/camera/share/camera/hook/ament_prefix_path.dsv'
[0.346s] INFO:colcon.colcon_core.shell:Creating environment hook '/home/yh6917/ME495/src/hw3group-jengabells/install/camera/share/camera/hook/ament_prefix_path.sh'
[0.349s] INFO:colcon.colcon_core.shell:Skip shell extension 'powershell' for command environment: Not usable outside of PowerShell
[0.349s] DEBUG:colcon.colcon_core.shell:Skip shell extension 'dsv' for command environment
[0.355s] INFO:colcon.colcon_ros.task.ament_python.build:Building ROS package in '/home/yh6917/ME495/src/hw3group-jengabells/plan_execute' with build type 'ament_python'
[0.355s] Level 1:colcon.colcon_core.shell:create_environment_hook('plan_execute', 'ament_prefix_path')
[0.357s] INFO:colcon.colcon_core.shell:Creating environment hook '/home/yh6917/ME495/src/hw3group-jengabells/install/plan_execute/share/plan_execute/hook/ament_prefix_path.ps1'
[0.357s] INFO:colcon.colcon_core.shell:Creating environment descriptor '/home/yh6917/ME495/src/hw3group-jengabells/install/plan_execute/share/plan_execute/hook/ament_prefix_path.dsv'
[0.358s] INFO:colcon.colcon_core.shell:Creating environment hook '/home/yh6917/ME495/src/hw3group-jengabells/install/plan_execute/share/plan_execute/hook/ament_prefix_path.sh'
[0.360s] INFO:colcon.colcon_core.shell:Skip shell extension 'powershell' for command environment: Not usable outside of PowerShell
[0.360s] DEBUG:colcon.colcon_core.shell:Skip shell extension 'dsv' for command environment
[0.367s] INFO:colcon.colcon_ros.task.ament_cmake.build:Building ROS package in '/home/yh6917/ME495/src/hw3group-jengabells/plan_execute_interface' with build type 'ament_cmake'
[0.367s] INFO:colcon.colcon_cmake.task.cmake.build:Building CMake package in '/home/yh6917/ME495/src/hw3group-jengabells/plan_execute_interface'
[0.369s] INFO:colcon.colcon_core.shell:Skip shell extension 'powershell' for command environment: Not usable outside of PowerShell
[0.369s] DEBUG:colcon.colcon_core.shell:Skip shell extension 'dsv' for command environment
[0.701s] INFO:colcon.colcon_core.task.python.build:Building Python package in '/home/yh6917/ME495/src/hw3group-jengabells/camera'
[0.703s] INFO:colcon.colcon_core.shell:Skip shell extension 'powershell' for command environment: Not usable outside of PowerShell
[0.708s] DEBUG:colcon.colcon_core.shell:Skip shell extension 'dsv' for command environment
[1.008s] INFO:colcon.colcon_core.task.python.build:Building Python package in '/home/yh6917/ME495/src/hw3group-jengabells/plan_execute'
[1.010s] INFO:colcon.colcon_core.shell:Skip shell extension 'powershell' for command environment: Not usable outside of PowerShell
[1.010s] DEBUG:colcon.colcon_core.shell:Skip shell extension 'dsv' for command environment
[1.024s] DEBUG:colcon.colcon_core.event_handler.log_command:Invoking command in '/home/yh6917/ME495/src/hw3group-jengabells/build/plan_execute_interface': CMAKE_PREFIX_PATH=${CMAKE_PREFIX_PATH}:/home/yh6917/ME495/src/hw3group-jengabells/install/camera:/home/yh6917/ME495/src/hw3group-jengabells/install/plan_execute:/opt/ros/humble /usr/bin/cmake --build /home/yh6917/ME495/src/hw3group-jengabells/build/plan_execute_interface -- -j8 -l8
[1.546s] DEBUG:colcon.colcon_core.event_handler.log_command:Invoked command in '/home/yh6917/ME495/src/hw3group-jengabells/build/plan_execute_interface' returned '0': CMAKE_PREFIX_PATH=${CMAKE_PREFIX_PATH}:/home/yh6917/ME495/src/hw3group-jengabells/install/camera:/home/yh6917/ME495/src/hw3group-jengabells/install/plan_execute:/opt/ros/humble /usr/bin/cmake --build /home/yh6917/ME495/src/hw3group-jengabells/build/plan_execute_interface -- -j8 -l8
[1.553s] DEBUG:colcon.colcon_core.event_handler.log_command:Invoking command in '/home/yh6917/ME495/src/hw3group-jengabells/camera': PYTHONPATH=/home/yh6917/ME495/src/hw3group-jengabells/install/camera/lib/python3.10/site-packages:${PYTHONPATH} /usr/bin/python3 setup.py egg_info --egg-base ../build/camera build --build-base /home/yh6917/ME495/src/hw3group-jengabells/build/camera/build install --prefix /home/yh6917/ME495/src/hw3group-jengabells/install/camera --record /home/yh6917/ME495/src/hw3group-jengabells/build/camera/install.log --single-version-externally-managed
[1.570s] DEBUG:colcon.colcon_core.event_handler.log_command:Invoking command in '/home/yh6917/ME495/src/hw3group-jengabells/plan_execute': PYTHONPATH=/home/yh6917/ME495/src/hw3group-jengabells/install/plan_execute/lib/python3.10/site-packages:${PYTHONPATH} /usr/bin/python3 setup.py egg_info --egg-base ../build/plan_execute build --build-base /home/yh6917/ME495/src/hw3group-jengabells/build/plan_execute/build install --prefix /home/yh6917/ME495/src/hw3group-jengabells/install/plan_execute --record /home/yh6917/ME495/src/hw3group-jengabells/build/plan_execute/install.log --single-version-externally-managed
[1.635s] DEBUG:colcon.colcon_core.event_handler.log_command:Invoking command in '/home/yh6917/ME495/src/hw3group-jengabells/build/plan_execute_interface': CMAKE_PREFIX_PATH=${CMAKE_PREFIX_PATH}:/home/yh6917/ME495/src/hw3group-jengabells/install/camera:/home/yh6917/ME495/src/hw3group-jengabells/install/plan_execute:/opt/ros/humble /usr/bin/cmake --install /home/yh6917/ME495/src/hw3group-jengabells/build/plan_execute_interface
[1.709s] Level 1:colcon.colcon_core.environment:create_environment_scripts_only(plan_execute_interface)
[1.713s] DEBUG:colcon.colcon_core.event_handler.log_command:Invoked command in '/home/yh6917/ME495/src/hw3group-jengabells/build/plan_execute_interface' returned '0': CMAKE_PREFIX_PATH=${CMAKE_PREFIX_PATH}:/home/yh6917/ME495/src/hw3group-jengabells/install/camera:/home/yh6917/ME495/src/hw3group-jengabells/install/plan_execute:/opt/ros/humble /usr/bin/cmake --install /home/yh6917/ME495/src/hw3group-jengabells/build/plan_execute_interface
[1.716s] Level 1:colcon.colcon_core.environment:checking '/home/yh6917/ME495/src/hw3group-jengabells/install/plan_execute_interface' for CMake module files
[1.718s] Level 1:colcon.colcon_core.environment:checking '/home/yh6917/ME495/src/hw3group-jengabells/install/plan_execute_interface' for CMake config files
[1.718s] Level 1:colcon.colcon_core.shell:create_environment_hook('plan_execute_interface', 'cmake_prefix_path')
[1.720s] INFO:colcon.colcon_core.shell:Creating environment hook '/home/yh6917/ME495/src/hw3group-jengabells/install/plan_execute_interface/share/plan_execute_interface/hook/cmake_prefix_path.ps1'
[1.720s] INFO:colcon.colcon_core.shell:Creating environment descriptor '/home/yh6917/ME495/src/hw3group-jengabells/install/plan_execute_interface/share/plan_execute_interface/hook/cmake_prefix_path.dsv'
[1.721s] INFO:colcon.colcon_core.shell:Creating environment hook '/home/yh6917/ME495/src/hw3group-jengabells/install/plan_execute_interface/share/plan_execute_interface/hook/cmake_prefix_path.sh'
[1.721s] Level 1:colcon.colcon_core.environment:checking '/home/yh6917/ME495/src/hw3group-jengabells/install/plan_execute_interface/lib'
[1.722s] Level 1:colcon.colcon_core.shell:create_environment_hook('plan_execute_interface', 'ld_library_path_lib')
[1.723s] INFO:colcon.colcon_core.shell:Creating environment hook '/home/yh6917/ME495/src/hw3group-jengabells/install/plan_execute_interface/share/plan_execute_interface/hook/ld_library_path_lib.ps1'
[1.724s] INFO:colcon.colcon_core.shell:Creating environment descriptor '/home/yh6917/ME495/src/hw3group-jengabells/install/plan_execute_interface/share/plan_execute_interface/hook/ld_library_path_lib.dsv'
[1.724s] INFO:colcon.colcon_core.shell:Creating environment hook '/home/yh6917/ME495/src/hw3group-jengabells/install/plan_execute_interface/share/plan_execute_interface/hook/ld_library_path_lib.sh'
[1.725s] Level 1:colcon.colcon_core.environment:checking '/home/yh6917/ME495/src/hw3group-jengabells/install/plan_execute_interface/bin'
[1.725s] Level 1:colcon.colcon_core.environment:checking '/home/yh6917/ME495/src/hw3group-jengabells/install/plan_execute_interface/lib/pkgconfig/plan_execute_interface.pc'
[1.725s] Level 1:colcon.colcon_core.environment:checking '/home/yh6917/ME495/src/hw3group-jengabells/install/plan_execute_interface/lib/python3.10/site-packages'
[1.725s] Level 1:colcon.colcon_core.environment:checking '/home/yh6917/ME495/src/hw3group-jengabells/install/plan_execute_interface/bin'
[1.727s] INFO:colcon.colcon_core.shell:Creating package script '/home/yh6917/ME495/src/hw3group-jengabells/install/plan_execute_interface/share/plan_execute_interface/package.ps1'
[1.728s] INFO:colcon.colcon_core.shell:Creating package descriptor '/home/yh6917/ME495/src/hw3group-jengabells/install/plan_execute_interface/share/plan_execute_interface/package.dsv'
[1.728s] INFO:colcon.colcon_core.shell:Creating package script '/home/yh6917/ME495/src/hw3group-jengabells/install/plan_execute_interface/share/plan_execute_interface/package.sh'
[1.729s] INFO:colcon.colcon_core.shell:Creating package script '/home/yh6917/ME495/src/hw3group-jengabells/install/plan_execute_interface/share/plan_execute_interface/package.bash'
[1.730s] INFO:colcon.colcon_core.shell:Creating package script '/home/yh6917/ME495/src/hw3group-jengabells/install/plan_execute_interface/share/plan_execute_interface/package.zsh'
[1.730s] Level 1:colcon.colcon_core.environment:create_file_with_runtime_dependencies(/home/yh6917/ME495/src/hw3group-jengabells/install/plan_execute_interface/share/colcon-core/packages/plan_execute_interface)
[1.822s] Level 1:colcon.colcon_core.environment:create_environment_scripts_only(plan_execute_interface)
[1.826s] Level 1:colcon.colcon_core.environment:checking '/home/yh6917/ME495/src/hw3group-jengabells/install/plan_execute_interface' for CMake module files
[1.827s] Level 1:colcon.colcon_core.environment:checking '/home/yh6917/ME495/src/hw3group-jengabells/install/plan_execute_interface' for CMake config files
[1.827s] Level 1:colcon.colcon_core.shell:create_environment_hook('plan_execute_interface', 'cmake_prefix_path')
[1.829s] INFO:colcon.colcon_core.shell:Creating environment hook '/home/yh6917/ME495/src/hw3group-jengabells/install/plan_execute_interface/share/plan_execute_interface/hook/cmake_prefix_path.ps1'
[1.830s] INFO:colcon.colcon_core.shell:Creating environment descriptor '/home/yh6917/ME495/src/hw3group-jengabells/install/plan_execute_interface/share/plan_execute_interface/hook/cmake_prefix_path.dsv'
[1.830s] INFO:colcon.colcon_core.shell:Creating environment hook '/home/yh6917/ME495/src/hw3group-jengabells/install/plan_execute_interface/share/plan_execute_interface/hook/cmake_prefix_path.sh'
[1.830s] Level 1:colcon.colcon_core.environment:checking '/home/yh6917/ME495/src/hw3group-jengabells/install/plan_execute_interface/lib'
[1.831s] Level 1:colcon.colcon_core.shell:create_environment_hook('plan_execute_interface', 'ld_library_path_lib')
[1.833s] INFO:colcon.colcon_core.shell:Creating environment hook '/home/yh6917/ME495/src/hw3group-jengabells/install/plan_execute_interface/share/plan_execute_interface/hook/ld_library_path_lib.ps1'
[1.834s] INFO:colcon.colcon_core.shell:Creating environment descriptor '/home/yh6917/ME495/src/hw3group-jengabells/install/plan_execute_interface/share/plan_execute_interface/hook/ld_library_path_lib.dsv'
[1.834s] INFO:colcon.colcon_core.shell:Creating environment hook '/home/yh6917/ME495/src/hw3group-jengabells/install/plan_execute_interface/share/plan_execute_interface/hook/ld_library_path_lib.sh'
[1.835s] Level 1:colcon.colcon_core.environment:checking '/home/yh6917/ME495/src/hw3group-jengabells/install/plan_execute_interface/bin'
[1.835s] Level 1:colcon.colcon_core.environment:checking '/home/yh6917/ME495/src/hw3group-jengabells/install/plan_execute_interface/lib/pkgconfig/plan_execute_interface.pc'
[1.835s] Level 1:colcon.colcon_core.environment:checking '/home/yh6917/ME495/src/hw3group-jengabells/install/plan_execute_interface/lib/python3.10/site-packages'
[1.835s] Level 1:colcon.colcon_core.environment:checking '/home/yh6917/ME495/src/hw3group-jengabells/install/plan_execute_interface/bin'
[1.837s] INFO:colcon.colcon_core.shell:Creating package script '/home/yh6917/ME495/src/hw3group-jengabells/install/plan_execute_interface/share/plan_execute_interface/package.ps1'
[1.838s] INFO:colcon.colcon_core.shell:Creating package descriptor '/home/yh6917/ME495/src/hw3group-jengabells/install/plan_execute_interface/share/plan_execute_interface/package.dsv'
[1.838s] INFO:colcon.colcon_core.shell:Creating package script '/home/yh6917/ME495/src/hw3group-jengabells/install/plan_execute_interface/share/plan_execute_interface/package.sh'
[1.839s] INFO:colcon.colcon_core.shell:Creating package script '/home/yh6917/ME495/src/hw3group-jengabells/install/plan_execute_interface/share/plan_execute_interface/package.bash'
[1.840s] INFO:colcon.colcon_core.shell:Creating package script '/home/yh6917/ME495/src/hw3group-jengabells/install/plan_execute_interface/share/plan_execute_interface/package.zsh'
[1.840s] Level 1:colcon.colcon_core.environment:create_file_with_runtime_dependencies(/home/yh6917/ME495/src/hw3group-jengabells/install/plan_execute_interface/share/colcon-core/packages/plan_execute_interface)
[2.004s] Level 1:colcon.colcon_core.environment:checking '/home/yh6917/ME495/src/hw3group-jengabells/install/plan_execute' for CMake module files
[2.005s] DEBUG:colcon.colcon_core.event_handler.log_command:Invoked command in '/home/yh6917/ME495/src/hw3group-jengabells/plan_execute' returned '0': PYTHONPATH=/home/yh6917/ME495/src/hw3group-jengabells/install/plan_execute/lib/python3.10/site-packages:${PYTHONPATH} /usr/bin/python3 setup.py egg_info --egg-base ../build/plan_execute build --build-base /home/yh6917/ME495/src/hw3group-jengabells/build/plan_execute/build install --prefix /home/yh6917/ME495/src/hw3group-jengabells/install/plan_execute --record /home/yh6917/ME495/src/hw3group-jengabells/build/plan_execute/install.log --single-version-externally-managed
[2.006s] Level 1:colcon.colcon_core.environment:checking '/home/yh6917/ME495/src/hw3group-jengabells/install/plan_execute' for CMake config files
[2.006s] Level 1:colcon.colcon_core.environment:checking '/home/yh6917/ME495/src/hw3group-jengabells/install/plan_execute/lib'
[2.006s] Level 1:colcon.colcon_core.environment:checking '/home/yh6917/ME495/src/hw3group-jengabells/install/plan_execute/bin'
[2.006s] Level 1:colcon.colcon_core.environment:checking '/home/yh6917/ME495/src/hw3group-jengabells/install/plan_execute/lib/pkgconfig/plan_execute.pc'
[2.007s] Level 1:colcon.colcon_core.environment:checking '/home/yh6917/ME495/src/hw3group-jengabells/install/plan_execute/lib/python3.10/site-packages'
[2.007s] Level 1:colcon.colcon_core.shell:create_environment_hook('plan_execute', 'pythonpath')
[2.008s] INFO:colcon.colcon_core.shell:Creating environment hook '/home/yh6917/ME495/src/hw3group-jengabells/install/plan_execute/share/plan_execute/hook/pythonpath.ps1'
[2.008s] INFO:colcon.colcon_core.shell:Creating environment descriptor '/home/yh6917/ME495/src/hw3group-jengabells/install/plan_execute/share/plan_execute/hook/pythonpath.dsv'
[2.009s] INFO:colcon.colcon_core.shell:Creating environment hook '/home/yh6917/ME495/src/hw3group-jengabells/install/plan_execute/share/plan_execute/hook/pythonpath.sh'
[2.009s] Level 1:colcon.colcon_core.environment:checking '/home/yh6917/ME495/src/hw3group-jengabells/install/plan_execute/bin'
[2.009s] Level 1:colcon.colcon_core.environment:create_environment_scripts_only(plan_execute)
[2.011s] INFO:colcon.colcon_core.shell:Creating package script '/home/yh6917/ME495/src/hw3group-jengabells/install/plan_execute/share/plan_execute/package.ps1'
[2.011s] INFO:colcon.colcon_core.shell:Creating package descriptor '/home/yh6917/ME495/src/hw3group-jengabells/install/plan_execute/share/plan_execute/package.dsv'
[2.012s] INFO:colcon.colcon_core.shell:Creating package script '/home/yh6917/ME495/src/hw3group-jengabells/install/plan_execute/share/plan_execute/package.sh'
[2.012s] INFO:colcon.colcon_core.shell:Creating package script '/home/yh6917/ME495/src/hw3group-jengabells/install/plan_execute/share/plan_execute/package.bash'
[2.012s] INFO:colcon.colcon_core.shell:Creating package script '/home/yh6917/ME495/src/hw3group-jengabells/install/plan_execute/share/plan_execute/package.zsh'
[2.013s] Level 1:colcon.colcon_core.environment:create_file_with_runtime_dependencies(/home/yh6917/ME495/src/hw3group-jengabells/install/plan_execute/share/colcon-core/packages/plan_execute)
[2.017s] Level 1:colcon.colcon_core.environment:checking '/home/yh6917/ME495/src/hw3group-jengabells/install/camera' for CMake module files
[2.018s] Level 1:colcon.colcon_core.environment:checking '/home/yh6917/ME495/src/hw3group-jengabells/install/camera' for CMake config files
[2.018s] DEBUG:colcon.colcon_core.event_handler.log_command:Invoked command in '/home/yh6917/ME495/src/hw3group-jengabells/camera' returned '0': PYTHONPATH=/home/yh6917/ME495/src/hw3group-jengabells/install/camera/lib/python3.10/site-packages:${PYTHONPATH} /usr/bin/python3 setup.py egg_info --egg-base ../build/camera build --build-base /home/yh6917/ME495/src/hw3group-jengabells/build/camera/build install --prefix /home/yh6917/ME495/src/hw3group-jengabells/install/camera --record /home/yh6917/ME495/src/hw3group-jengabells/build/camera/install.log --single-version-externally-managed
[2.019s] Level 1:colcon.colcon_core.environment:checking '/home/yh6917/ME495/src/hw3group-jengabells/install/camera/lib'
[2.019s] Level 1:colcon.colcon_core.environment:checking '/home/yh6917/ME495/src/hw3group-jengabells/install/camera/bin'
[2.019s] Level 1:colcon.colcon_core.environment:checking '/home/yh6917/ME495/src/hw3group-jengabells/install/camera/lib/pkgconfig/camera.pc'
[2.019s] Level 1:colcon.colcon_core.environment:checking '/home/yh6917/ME495/src/hw3group-jengabells/install/camera/lib/python3.10/site-packages'
[2.019s] Level 1:colcon.colcon_core.shell:create_environment_hook('camera', 'pythonpath')
[2.020s] INFO:colcon.colcon_core.shell:Creating environment hook '/home/yh6917/ME495/src/hw3group-jengabells/install/camera/share/camera/hook/pythonpath.ps1'
[2.021s] INFO:colcon.colcon_core.shell:Creating environment descriptor '/home/yh6917/ME495/src/hw3group-jengabells/install/camera/share/camera/hook/pythonpath.dsv'
[2.021s] INFO:colcon.colcon_core.shell:Creating environment hook '/home/yh6917/ME495/src/hw3group-jengabells/install/camera/share/camera/hook/pythonpath.sh'
[2.022s] Level 1:colcon.colcon_core.environment:checking '/home/yh6917/ME495/src/hw3group-jengabells/install/camera/bin'
[2.022s] Level 1:colcon.colcon_core.environment:create_environment_scripts_only(camera)
[2.023s] INFO:colcon.colcon_core.shell:Creating package script '/home/yh6917/ME495/src/hw3group-jengabells/install/camera/share/camera/package.ps1'
[2.024s] INFO:colcon.colcon_core.shell:Creating package descriptor '/home/yh6917/ME495/src/hw3group-jengabells/install/camera/share/camera/package.dsv'
[2.024s] INFO:colcon.colcon_core.shell:Creating package script '/home/yh6917/ME495/src/hw3group-jengabells/install/camera/share/camera/package.sh'
[2.024s] INFO:colcon.colcon_core.shell:Creating package script '/home/yh6917/ME495/src/hw3group-jengabells/install/camera/share/camera/package.bash'
[2.025s] INFO:colcon.colcon_core.shell:Creating package script '/home/yh6917/ME495/src/hw3group-jengabells/install/camera/share/camera/package.zsh'
[2.025s] Level 1:colcon.colcon_core.environment:create_file_with_runtime_dependencies(/home/yh6917/ME495/src/hw3group-jengabells/install/camera/share/colcon-core/packages/camera)
[2.025s] DEBUG:colcon.colcon_parallel_executor.executor.parallel:closing loop
[2.026s] DEBUG:colcon.colcon_parallel_executor.executor.parallel:loop closed
[2.026s] DEBUG:colcon.colcon_parallel_executor.executor.parallel:run_until_complete finished with '0'
[2.026s] DEBUG:colcon.colcon_core.event_reactor:joining thread
[2.032s] INFO:colcon.colcon_core.plugin_system:Skipping extension 'colcon_notification.desktop_notification.terminal_notifier': Not used on non-Darwin systems
[2.032s] INFO:colcon.colcon_core.plugin_system:Skipping extension 'colcon_notification.desktop_notification.win32': Not used on non-Windows systems
[2.032s] INFO:colcon.colcon_notification.desktop_notification:Sending desktop notification using 'notify2'
[2.047s] DEBUG:colcon.colcon_core.event_reactor:joined thread
[2.049s] INFO:colcon.colcon_core.shell:Creating prefix script '/home/yh6917/ME495/src/hw3group-jengabells/install/local_setup.ps1'
[2.051s] INFO:colcon.colcon_core.shell:Creating prefix util module '/home/yh6917/ME495/src/hw3group-jengabells/install/_local_setup_util_ps1.py'
[2.053s] INFO:colcon.colcon_core.shell:Creating prefix chain script '/home/yh6917/ME495/src/hw3group-jengabells/install/setup.ps1'
[2.054s] INFO:colcon.colcon_core.shell:Creating prefix script '/home/yh6917/ME495/src/hw3group-jengabells/install/local_setup.sh'
[2.055s] INFO:colcon.colcon_core.shell:Creating prefix util module '/home/yh6917/ME495/src/hw3group-jengabells/install/_local_setup_util_sh.py'
[2.056s] INFO:colcon.colcon_core.shell:Creating prefix chain script '/home/yh6917/ME495/src/hw3group-jengabells/install/setup.sh'
[2.057s] INFO:colcon.colcon_core.shell:Creating prefix script '/home/yh6917/ME495/src/hw3group-jengabells/install/local_setup.bash'
[2.058s] INFO:colcon.colcon_core.shell:Creating prefix chain script '/home/yh6917/ME495/src/hw3group-jengabells/install/setup.bash'
[2.060s] INFO:colcon.colcon_core.shell:Creating prefix script '/home/yh6917/ME495/src/hw3group-jengabells/install/local_setup.zsh'
[2.060s] INFO:colcon.colcon_core.shell:Creating prefix chain script '/home/yh6917/ME495/src/hw3group-jengabells/install/setup.zsh'
