[0.919s] Invoking command in '/home/yh6917/ME495/src/hw3group-jengabells/build/camera': PYTHONPATH=/home/yh6917/ME495/src/hw3group-jengabells/install/camera/lib/python3.10/site-packages:${PYTHONPATH} /usr/bin/python3 setup.py develop --prefix /home/yh6917/ME495/src/hw3group-jengabells/install/camera --uninstall --editable --build-directory /home/yh6917/ME495/src/hw3group-jengabells/build/camera/build
[1.284s] running develop
[1.520s] Removing /home/yh6917/ME495/src/hw3group-jengabells/install/camera/lib/python3.10/site-packages/camera.egg-link (link to .)
[1.565s] Invoked command in '/home/yh6917/ME495/src/hw3group-jengabells/build/camera' returned '0': PYTHONPATH=/home/yh6917/ME495/src/hw3group-jengabells/install/camera/lib/python3.10/site-packages:${PYTHONPATH} /usr/bin/python3 setup.py develop --prefix /home/yh6917/ME495/src/hw3group-jengabells/install/camera --uninstall --editable --build-directory /home/yh6917/ME495/src/hw3group-jengabells/build/camera/build
[1.566s] Invoking command in '/home/yh6917/ME495/src/hw3group-jengabells/camera': PYTHONPATH=/home/yh6917/ME495/src/hw3group-jengabells/install/camera/lib/python3.10/site-packages:${PYTHONPATH} /usr/bin/python3 setup.py egg_info --egg-base ../build/camera build --build-base /home/yh6917/ME495/src/hw3group-jengabells/build/camera/build install --prefix /home/yh6917/ME495/src/hw3group-jengabells/install/camera --record /home/yh6917/ME495/src/hw3group-jengabells/build/camera/install.log --single-version-externally-managed
[1.788s] running egg_info
[1.788s] writing ../build/camera/camera.egg-info/PKG-INFO
[1.788s] writing dependency_links to ../build/camera/camera.egg-info/dependency_links.txt
[1.788s] writing entry points to ../build/camera/camera.egg-info/entry_points.txt
[1.788s] writing requirements to ../build/camera/camera.egg-info/requires.txt
[1.788s] writing top-level names to ../build/camera/camera.egg-info/top_level.txt
[1.790s] reading manifest file '../build/camera/camera.egg-info/SOURCES.txt'
[1.791s] writing manifest file '../build/camera/camera.egg-info/SOURCES.txt'
[1.791s] running build
[1.792s] running build_py
[1.792s] running install
[1.792s] running install_lib
[1.793s] creating /home/yh6917/ME495/src/hw3group-jengabells/install/camera/lib/python3.10/site-packages/camera
[1.794s] copying /home/yh6917/ME495/src/hw3group-jengabells/build/camera/build/lib/camera/__init__.py -> /home/yh6917/ME495/src/hw3group-jengabells/install/camera/lib/python3.10/site-packages/camera
[1.794s] copying /home/yh6917/ME495/src/hw3group-jengabells/build/camera/build/lib/camera/test.py -> /home/yh6917/ME495/src/hw3group-jengabells/install/camera/lib/python3.10/site-packages/camera
[1.794s] copying /home/yh6917/ME495/src/hw3group-jengabells/build/camera/build/lib/camera/realsense.py -> /home/yh6917/ME495/src/hw3group-jengabells/install/camera/lib/python3.10/site-packages/camera
[1.794s] copying /home/yh6917/ME495/src/hw3group-jengabells/build/camera/build/lib/camera/broadcast_transform.py -> /home/yh6917/ME495/src/hw3group-jengabells/install/camera/lib/python3.10/site-packages/camera
[1.794s] copying /home/yh6917/ME495/src/hw3group-jengabells/build/camera/build/lib/camera/calibrate.py -> /home/yh6917/ME495/src/hw3group-jengabells/install/camera/lib/python3.10/site-packages/camera
[1.795s] byte-compiling /home/yh6917/ME495/src/hw3group-jengabells/install/camera/lib/python3.10/site-packages/camera/__init__.py to __init__.cpython-310.pyc
[1.795s] byte-compiling /home/yh6917/ME495/src/hw3group-jengabells/install/camera/lib/python3.10/site-packages/camera/test.py to test.cpython-310.pyc
[1.795s] byte-compiling /home/yh6917/ME495/src/hw3group-jengabells/install/camera/lib/python3.10/site-packages/camera/realsense.py to realsense.cpython-310.pyc
[1.799s] byte-compiling /home/yh6917/ME495/src/hw3group-jengabells/install/camera/lib/python3.10/site-packages/camera/broadcast_transform.py to broadcast_transform.cpython-310.pyc
[1.800s] byte-compiling /home/yh6917/ME495/src/hw3group-jengabells/install/camera/lib/python3.10/site-packages/camera/calibrate.py to calibrate.cpython-310.pyc
[1.801s] running install_data
[1.802s] running install_egg_info
[1.803s] Copying ../build/camera/camera.egg-info to /home/yh6917/ME495/src/hw3group-jengabells/install/camera/lib/python3.10/site-packages/camera-0.0.0-py3.10.egg-info
[1.804s] running install_scripts
[1.823s] Installing broadcast script to /home/yh6917/ME495/src/hw3group-jengabells/install/camera/lib/camera
[1.823s] Installing cali script to /home/yh6917/ME495/src/hw3group-jengabells/install/camera/lib/camera
[1.823s] Installing cam script to /home/yh6917/ME495/src/hw3group-jengabells/install/camera/lib/camera
[1.823s] writing list of installed files to '/home/yh6917/ME495/src/hw3group-jengabells/build/camera/install.log'
[1.851s] Invoked command in '/home/yh6917/ME495/src/hw3group-jengabells/camera' returned '0': PYTHONPATH=/home/yh6917/ME495/src/hw3group-jengabells/install/camera/lib/python3.10/site-packages:${PYTHONPATH} /usr/bin/python3 setup.py egg_info --egg-base ../build/camera build --build-base /home/yh6917/ME495/src/hw3group-jengabells/build/camera/build install --prefix /home/yh6917/ME495/src/hw3group-jengabells/install/camera --record /home/yh6917/ME495/src/hw3group-jengabells/build/camera/install.log --single-version-externally-managed
