[0.910s] Invoking command in '/home/yh6917/ME495/src/hw3group-jengabells/camera': PYTHONPATH=/home/yh6917/ME495/src/hw3group-jengabells/install/camera/lib/python3.10/site-packages:${PYTHONPATH} /usr/bin/python3 setup.py egg_info --egg-base ../build/camera build --build-base /home/yh6917/ME495/src/hw3group-jengabells/build/camera/build install --prefix /home/yh6917/ME495/src/hw3group-jengabells/install/camera --record /home/yh6917/ME495/src/hw3group-jengabells/build/camera/install.log --single-version-externally-managed
[1.196s] running egg_info
[1.196s] creating ../build/camera/camera.egg-info
[1.197s] writing ../build/camera/camera.egg-info/PKG-INFO
[1.197s] writing dependency_links to ../build/camera/camera.egg-info/dependency_links.txt
[1.197s] writing entry points to ../build/camera/camera.egg-info/entry_points.txt
[1.197s] writing requirements to ../build/camera/camera.egg-info/requires.txt
[1.197s] writing top-level names to ../build/camera/camera.egg-info/top_level.txt
[1.197s] writing manifest file '../build/camera/camera.egg-info/SOURCES.txt'
[1.199s] reading manifest file '../build/camera/camera.egg-info/SOURCES.txt'
[1.200s] writing manifest file '../build/camera/camera.egg-info/SOURCES.txt'
[1.200s] running build
[1.200s] running build_py
[1.200s] creating /home/yh6917/ME495/src/hw3group-jengabells/build/camera/build
[1.200s] creating /home/yh6917/ME495/src/hw3group-jengabells/build/camera/build/lib
[1.200s] creating /home/yh6917/ME495/src/hw3group-jengabells/build/camera/build/lib/camera
[1.200s] copying camera/__init__.py -> /home/yh6917/ME495/src/hw3group-jengabells/build/camera/build/lib/camera
[1.200s] copying camera/test.py -> /home/yh6917/ME495/src/hw3group-jengabells/build/camera/build/lib/camera
[1.200s] copying camera/realsense.py -> /home/yh6917/ME495/src/hw3group-jengabells/build/camera/build/lib/camera
[1.200s] copying camera/broadcast_transform.py -> /home/yh6917/ME495/src/hw3group-jengabells/build/camera/build/lib/camera
[1.200s] copying camera/calibrate.py -> /home/yh6917/ME495/src/hw3group-jengabells/build/camera/build/lib/camera
[1.201s] running install
[1.201s] running install_lib
[1.202s] creating /home/yh6917/ME495/src/hw3group-jengabells/install/camera/lib/python3.10/site-packages/camera
[1.202s] copying /home/yh6917/ME495/src/hw3group-jengabells/build/camera/build/lib/camera/__init__.py -> /home/yh6917/ME495/src/hw3group-jengabells/install/camera/lib/python3.10/site-packages/camera
[1.202s] copying /home/yh6917/ME495/src/hw3group-jengabells/build/camera/build/lib/camera/test.py -> /home/yh6917/ME495/src/hw3group-jengabells/install/camera/lib/python3.10/site-packages/camera
[1.202s] copying /home/yh6917/ME495/src/hw3group-jengabells/build/camera/build/lib/camera/realsense.py -> /home/yh6917/ME495/src/hw3group-jengabells/install/camera/lib/python3.10/site-packages/camera
[1.202s] copying /home/yh6917/ME495/src/hw3group-jengabells/build/camera/build/lib/camera/broadcast_transform.py -> /home/yh6917/ME495/src/hw3group-jengabells/install/camera/lib/python3.10/site-packages/camera
[1.202s] copying /home/yh6917/ME495/src/hw3group-jengabells/build/camera/build/lib/camera/calibrate.py -> /home/yh6917/ME495/src/hw3group-jengabells/install/camera/lib/python3.10/site-packages/camera
[1.203s] byte-compiling /home/yh6917/ME495/src/hw3group-jengabells/install/camera/lib/python3.10/site-packages/camera/__init__.py to __init__.cpython-310.pyc
[1.203s] byte-compiling /home/yh6917/ME495/src/hw3group-jengabells/install/camera/lib/python3.10/site-packages/camera/test.py to test.cpython-310.pyc
[1.204s] byte-compiling /home/yh6917/ME495/src/hw3group-jengabells/install/camera/lib/python3.10/site-packages/camera/realsense.py to realsense.cpython-310.pyc
[1.206s] byte-compiling /home/yh6917/ME495/src/hw3group-jengabells/install/camera/lib/python3.10/site-packages/camera/broadcast_transform.py to broadcast_transform.cpython-310.pyc
[1.207s] byte-compiling /home/yh6917/ME495/src/hw3group-jengabells/install/camera/lib/python3.10/site-packages/camera/calibrate.py to calibrate.cpython-310.pyc
[1.208s] running install_data
[1.209s] creating /home/yh6917/ME495/src/hw3group-jengabells/install/camera/share/ament_index
[1.209s] creating /home/yh6917/ME495/src/hw3group-jengabells/install/camera/share/ament_index/resource_index
[1.209s] creating /home/yh6917/ME495/src/hw3group-jengabells/install/camera/share/ament_index/resource_index/packages
[1.209s] copying resource/camera -> /home/yh6917/ME495/src/hw3group-jengabells/install/camera/share/ament_index/resource_index/packages
[1.209s] copying package.xml -> /home/yh6917/ME495/src/hw3group-jengabells/install/camera/share/camera
[1.209s] copying launch/jenga_vision.launch.py -> /home/yh6917/ME495/src/hw3group-jengabells/install/camera/share/camera
[1.209s] copying launch/cv.launch.py -> /home/yh6917/ME495/src/hw3group-jengabells/install/camera/share/camera
[1.209s] copying config/april.rviz -> /home/yh6917/ME495/src/hw3group-jengabells/install/camera/share/camera
[1.209s] copying config/april.yaml -> /home/yh6917/ME495/src/hw3group-jengabells/install/camera/share/camera
[1.209s] copying config/tf.yaml -> /home/yh6917/ME495/src/hw3group-jengabells/install/camera/share/camera
[1.209s] running install_egg_info
[1.211s] Copying ../build/camera/camera.egg-info to /home/yh6917/ME495/src/hw3group-jengabells/install/camera/lib/python3.10/site-packages/camera-0.0.0-py3.10.egg-info
[1.211s] running install_scripts
[1.233s] Installing broadcast script to /home/yh6917/ME495/src/hw3group-jengabells/install/camera/lib/camera
[1.233s] Installing cali script to /home/yh6917/ME495/src/hw3group-jengabells/install/camera/lib/camera
[1.233s] Installing cam script to /home/yh6917/ME495/src/hw3group-jengabells/install/camera/lib/camera
[1.233s] writing list of installed files to '/home/yh6917/ME495/src/hw3group-jengabells/build/camera/install.log'
[1.260s] Invoked command in '/home/yh6917/ME495/src/hw3group-jengabells/camera' returned '0': PYTHONPATH=/home/yh6917/ME495/src/hw3group-jengabells/install/camera/lib/python3.10/site-packages:${PYTHONPATH} /usr/bin/python3 setup.py egg_info --egg-base ../build/camera build --build-base /home/yh6917/ME495/src/hw3group-jengabells/build/camera/build install --prefix /home/yh6917/ME495/src/hw3group-jengabells/install/camera --record /home/yh6917/ME495/src/hw3group-jengabells/build/camera/install.log --single-version-externally-managed
