[0.625s] Invoking command in '/home/yh6917/ME495/src/hw3group-jengabells/plan_execute': PYTHONPATH=/home/yh6917/ME495/src/hw3group-jengabells/install/plan_execute/lib/python3.10/site-packages:${PYTHONPATH} /usr/bin/python3 setup.py egg_info --egg-base ../build/plan_execute build --build-base /home/yh6917/ME495/src/hw3group-jengabells/build/plan_execute/build install --prefix /home/yh6917/ME495/src/hw3group-jengabells/install/plan_execute --record /home/yh6917/ME495/src/hw3group-jengabells/build/plan_execute/install.log --single-version-externally-managed
[0.810s] running egg_info
[0.810s] creating ../build/plan_execute/plan_execute.egg-info
[0.810s] writing ../build/plan_execute/plan_execute.egg-info/PKG-INFO
[0.811s] writing dependency_links to ../build/plan_execute/plan_execute.egg-info/dependency_links.txt
[0.811s] writing entry points to ../build/plan_execute/plan_execute.egg-info/entry_points.txt
[0.811s] writing requirements to ../build/plan_execute/plan_execute.egg-info/requires.txt
[0.811s] writing top-level names to ../build/plan_execute/plan_execute.egg-info/top_level.txt
[0.811s] writing manifest file '../build/plan_execute/plan_execute.egg-info/SOURCES.txt'
[0.813s] reading manifest file '../build/plan_execute/plan_execute.egg-info/SOURCES.txt'
[0.813s] writing manifest file '../build/plan_execute/plan_execute.egg-info/SOURCES.txt'
[0.813s] running build
[0.814s] running build_py
[0.814s] creating /home/yh6917/ME495/src/hw3group-jengabells/build/plan_execute/build
[0.814s] creating /home/yh6917/ME495/src/hw3group-jengabells/build/plan_execute/build/lib
[0.814s] creating /home/yh6917/ME495/src/hw3group-jengabells/build/plan_execute/build/lib/plan_execute
[0.814s] copying plan_execute/__init__.py -> /home/yh6917/ME495/src/hw3group-jengabells/build/plan_execute/build/lib/plan_execute
[0.814s] copying plan_execute/test.py -> /home/yh6917/ME495/src/hw3group-jengabells/build/plan_execute/build/lib/plan_execute
[0.814s] copying plan_execute/plan_and_execute.py -> /home/yh6917/ME495/src/hw3group-jengabells/build/plan_execute/build/lib/plan_execute
[0.814s] copying plan_execute/simple_move.py -> /home/yh6917/ME495/src/hw3group-jengabells/build/plan_execute/build/lib/plan_execute
[0.814s] copying plan_execute/cv_test.py -> /home/yh6917/ME495/src/hw3group-jengabells/build/plan_execute/build/lib/plan_execute
[0.815s] running install
[0.815s] running install_lib
[0.816s] creating /home/yh6917/ME495/src/hw3group-jengabells/install/plan_execute/lib/python3.10/site-packages/plan_execute
[0.816s] copying /home/yh6917/ME495/src/hw3group-jengabells/build/plan_execute/build/lib/plan_execute/__init__.py -> /home/yh6917/ME495/src/hw3group-jengabells/install/plan_execute/lib/python3.10/site-packages/plan_execute
[0.816s] copying /home/yh6917/ME495/src/hw3group-jengabells/build/plan_execute/build/lib/plan_execute/test.py -> /home/yh6917/ME495/src/hw3group-jengabells/install/plan_execute/lib/python3.10/site-packages/plan_execute
[0.816s] copying /home/yh6917/ME495/src/hw3group-jengabells/build/plan_execute/build/lib/plan_execute/plan_and_execute.py -> /home/yh6917/ME495/src/hw3group-jengabells/install/plan_execute/lib/python3.10/site-packages/plan_execute
[0.816s] copying /home/yh6917/ME495/src/hw3group-jengabells/build/plan_execute/build/lib/plan_execute/simple_move.py -> /home/yh6917/ME495/src/hw3group-jengabells/install/plan_execute/lib/python3.10/site-packages/plan_execute
[0.816s] copying /home/yh6917/ME495/src/hw3group-jengabells/build/plan_execute/build/lib/plan_execute/cv_test.py -> /home/yh6917/ME495/src/hw3group-jengabells/install/plan_execute/lib/python3.10/site-packages/plan_execute
[0.817s] byte-compiling /home/yh6917/ME495/src/hw3group-jengabells/install/plan_execute/lib/python3.10/site-packages/plan_execute/__init__.py to __init__.cpython-310.pyc
[0.817s] byte-compiling /home/yh6917/ME495/src/hw3group-jengabells/install/plan_execute/lib/python3.10/site-packages/plan_execute/test.py to test.cpython-310.pyc
[0.818s] byte-compiling /home/yh6917/ME495/src/hw3group-jengabells/install/plan_execute/lib/python3.10/site-packages/plan_execute/plan_and_execute.py to plan_and_execute.cpython-310.pyc
[0.822s] byte-compiling /home/yh6917/ME495/src/hw3group-jengabells/install/plan_execute/lib/python3.10/site-packages/plan_execute/simple_move.py to simple_move.cpython-310.pyc
[0.825s] byte-compiling /home/yh6917/ME495/src/hw3group-jengabells/install/plan_execute/lib/python3.10/site-packages/plan_execute/cv_test.py to cv_test.cpython-310.pyc
[0.827s] running install_data
[0.828s] creating /home/yh6917/ME495/src/hw3group-jengabells/install/plan_execute/share/ament_index
[0.828s] creating /home/yh6917/ME495/src/hw3group-jengabells/install/plan_execute/share/ament_index/resource_index
[0.828s] creating /home/yh6917/ME495/src/hw3group-jengabells/install/plan_execute/share/ament_index/resource_index/packages
[0.828s] copying resource/plan_execute -> /home/yh6917/ME495/src/hw3group-jengabells/install/plan_execute/share/ament_index/resource_index/packages
[0.828s] copying package.xml -> /home/yh6917/ME495/src/hw3group-jengabells/install/plan_execute/share/plan_execute
[0.828s] copying launch/simple_move.launch.py -> /home/yh6917/ME495/src/hw3group-jengabells/install/plan_execute/share/plan_execute
[0.828s] copying plan_execute/plan_and_execute.py -> /home/yh6917/ME495/src/hw3group-jengabells/install/plan_execute/share/plan_execute
[0.828s] running install_egg_info
[0.830s] Copying ../build/plan_execute/plan_execute.egg-info to /home/yh6917/ME495/src/hw3group-jengabells/install/plan_execute/lib/python3.10/site-packages/plan_execute-0.0.0-py3.10.egg-info
[0.830s] running install_scripts
[0.851s] Installing cv_test script to /home/yh6917/ME495/src/hw3group-jengabells/install/plan_execute/lib/plan_execute
[0.851s] Installing simple_move script to /home/yh6917/ME495/src/hw3group-jengabells/install/plan_execute/lib/plan_execute
[0.852s] writing list of installed files to '/home/yh6917/ME495/src/hw3group-jengabells/build/plan_execute/install.log'
[0.876s] Invoked command in '/home/yh6917/ME495/src/hw3group-jengabells/plan_execute' returned '0': PYTHONPATH=/home/yh6917/ME495/src/hw3group-jengabells/install/plan_execute/lib/python3.10/site-packages:${PYTHONPATH} /usr/bin/python3 setup.py egg_info --egg-base ../build/plan_execute build --build-base /home/yh6917/ME495/src/hw3group-jengabells/build/plan_execute/build install --prefix /home/yh6917/ME495/src/hw3group-jengabells/install/plan_execute --record /home/yh6917/ME495/src/hw3group-jengabells/build/plan_execute/install.log --single-version-externally-managed
