[0.458s] Invoking command in '/home/yh6917/ME495/src/hw3group-jengabells/build/plan_execute_interface': CMAKE_PREFIX_PATH=${CMAKE_PREFIX_PATH}:/home/yh6917/ME495/src/homework4-hang-yin/install/nubot_nav:/home/yh6917/ME495/src/homework4-hang-yin/install/nubot:/home/yh6917/ME495/src/hw3group-jengabells/install/camera:/home/yh6917/ME495/src/hw3group-jengabells/install/plan_execute:/opt/ros/humble /usr/bin/cmake --build /home/yh6917/ME495/src/hw3group-jengabells/build/plan_execute_interface -- -j8 -l8
[0.492s] [  2%] Built target plan_execute_interface__cpp
[0.495s] [ 12%] Built target plan_execute_interface__rosidl_generator_c
[0.500s] [ 12%] Built target ament_cmake_python_copy_plan_execute_interface
[0.514s] [ 23%] Built target plan_execute_interface__rosidl_typesupport_cpp
[0.520s] [ 33%] Built target plan_execute_interface__rosidl_typesupport_introspection_cpp
[0.522s] [ 43%] Built target plan_execute_interface__rosidl_typesupport_introspection_c
[0.523s] [ 58%] Built target plan_execute_interface__rosidl_typesupport_c
[0.523s] [ 64%] Built target plan_execute_interface__rosidl_typesupport_fastrtps_c
[0.525s] [ 74%] Built target plan_execute_interface__rosidl_typesupport_fastrtps_cpp
[0.541s] [ 74%] Built target plan_execute_interface
[0.557s] [ 76%] Built target plan_execute_interface__py
[0.574s] [ 84%] Built target plan_execute_interface__rosidl_generator_py
[0.596s] [ 89%] Built target plan_execute_interface__rosidl_typesupport_introspection_c__pyext
[0.597s] [100%] Built target plan_execute_interface__rosidl_typesupport_fastrtps_c__pyext
[0.597s] [100%] Built target plan_execute_interface__rosidl_typesupport_c__pyext
[0.766s] running egg_info
[0.767s] writing plan_execute_interface.egg-info/PKG-INFO
[0.767s] writing dependency_links to plan_execute_interface.egg-info/dependency_links.txt
[0.767s] writing top-level names to plan_execute_interface.egg-info/top_level.txt
[0.770s] reading manifest file 'plan_execute_interface.egg-info/SOURCES.txt'
[0.770s] writing manifest file 'plan_execute_interface.egg-info/SOURCES.txt'
[0.794s] [100%] Built target ament_cmake_python_build_plan_execute_interface_egg
[0.804s] Invoked command in '/home/yh6917/ME495/src/hw3group-jengabells/build/plan_execute_interface' returned '0': CMAKE_PREFIX_PATH=${CMAKE_PREFIX_PATH}:/home/yh6917/ME495/src/homework4-hang-yin/install/nubot_nav:/home/yh6917/ME495/src/homework4-hang-yin/install/nubot:/home/yh6917/ME495/src/hw3group-jengabells/install/camera:/home/yh6917/ME495/src/hw3group-jengabells/install/plan_execute:/opt/ros/humble /usr/bin/cmake --build /home/yh6917/ME495/src/hw3group-jengabells/build/plan_execute_interface -- -j8 -l8
[0.859s] Invoking command in '/home/yh6917/ME495/src/hw3group-jengabells/build/plan_execute_interface': CMAKE_PREFIX_PATH=${CMAKE_PREFIX_PATH}:/home/yh6917/ME495/src/homework4-hang-yin/install/nubot_nav:/home/yh6917/ME495/src/homework4-hang-yin/install/nubot:/home/yh6917/ME495/src/hw3group-jengabells/install/camera:/home/yh6917/ME495/src/hw3group-jengabells/install/plan_execute:/opt/ros/humble /usr/bin/cmake --install /home/yh6917/ME495/src/hw3group-jengabells/build/plan_execute_interface
[0.866s] -- Install configuration: ""
[0.866s] -- Up-to-date: /home/yh6917/ME495/src/hw3group-jengabells/install/plan_execute_interface/share/ament_index/resource_index/rosidl_interfaces/plan_execute_interface
[0.866s] -- Up-to-date: /home/yh6917/ME495/src/hw3group-jengabells/install/plan_execute_interface/include/plan_execute_interface/plan_execute_interface
[0.866s] -- Up-to-date: /home/yh6917/ME495/src/hw3group-jengabells/install/plan_execute_interface/include/plan_execute_interface/plan_execute_interface/srv
[0.866s] -- Up-to-date: /home/yh6917/ME495/src/hw3group-jengabells/install/plan_execute_interface/include/plan_execute_interface/plan_execute_interface/srv/go_here.h
[0.867s] -- Up-to-date: /home/yh6917/ME495/src/hw3group-jengabells/install/plan_execute_interface/include/plan_execute_interface/plan_execute_interface/srv/place.h
[0.867s] -- Up-to-date: /home/yh6917/ME495/src/hw3group-jengabells/install/plan_execute_interface/include/plan_execute_interface/plan_execute_interface/srv/detail
[0.867s] -- Up-to-date: /home/yh6917/ME495/src/hw3group-jengabells/install/plan_execute_interface/include/plan_execute_interface/plan_execute_interface/srv/detail/go_here__struct.h
[0.867s] -- Up-to-date: /home/yh6917/ME495/src/hw3group-jengabells/install/plan_execute_interface/include/plan_execute_interface/plan_execute_interface/srv/detail/place__type_support.h
[0.867s] -- Up-to-date: /home/yh6917/ME495/src/hw3group-jengabells/install/plan_execute_interface/include/plan_execute_interface/plan_execute_interface/srv/detail/place__functions.c
[0.867s] -- Up-to-date: /home/yh6917/ME495/src/hw3group-jengabells/install/plan_execute_interface/include/plan_execute_interface/plan_execute_interface/srv/detail/go_here__functions.h
[0.867s] -- Up-to-date: /home/yh6917/ME495/src/hw3group-jengabells/install/plan_execute_interface/include/plan_execute_interface/plan_execute_interface/srv/detail/go_here__type_support.h
[0.867s] -- Up-to-date: /home/yh6917/ME495/src/hw3group-jengabells/install/plan_execute_interface/include/plan_execute_interface/plan_execute_interface/srv/detail/place__struct.h
[0.867s] -- Up-to-date: /home/yh6917/ME495/src/hw3group-jengabells/install/plan_execute_interface/include/plan_execute_interface/plan_execute_interface/srv/detail/go_here__functions.c
[0.867s] -- Up-to-date: /home/yh6917/ME495/src/hw3group-jengabells/install/plan_execute_interface/include/plan_execute_interface/plan_execute_interface/srv/detail/place__functions.h
[0.867s] -- Up-to-date: /home/yh6917/ME495/src/hw3group-jengabells/install/plan_execute_interface/include/plan_execute_interface/plan_execute_interface/msg
[0.868s] -- Up-to-date: /home/yh6917/ME495/src/hw3group-jengabells/install/plan_execute_interface/include/plan_execute_interface/plan_execute_interface/msg/rosidl_generator_c__visibility_control.h
[0.868s] -- Up-to-date: /home/yh6917/ME495/src/hw3group-jengabells/install/plan_execute_interface/share/plan_execute_interface/environment/library_path.sh
[0.868s] -- Up-to-date: /home/yh6917/ME495/src/hw3group-jengabells/install/plan_execute_interface/share/plan_execute_interface/environment/library_path.dsv
[0.868s] -- Up-to-date: /home/yh6917/ME495/src/hw3group-jengabells/install/plan_execute_interface/lib/libplan_execute_interface__rosidl_generator_c.so
[0.868s] -- Up-to-date: /home/yh6917/ME495/src/hw3group-jengabells/install/plan_execute_interface/include/plan_execute_interface/plan_execute_interface
[0.868s] -- Up-to-date: /home/yh6917/ME495/src/hw3group-jengabells/install/plan_execute_interface/include/plan_execute_interface/plan_execute_interface/srv
[0.868s] -- Up-to-date: /home/yh6917/ME495/src/hw3group-jengabells/install/plan_execute_interface/include/plan_execute_interface/plan_execute_interface/srv/detail
[0.868s] -- Up-to-date: /home/yh6917/ME495/src/hw3group-jengabells/install/plan_execute_interface/include/plan_execute_interface/plan_execute_interface/srv/detail/go_here__rosidl_typesupport_fastrtps_c.h
[0.868s] -- Up-to-date: /home/yh6917/ME495/src/hw3group-jengabells/install/plan_execute_interface/include/plan_execute_interface/plan_execute_interface/srv/detail/place__rosidl_typesupport_fastrtps_c.h
[0.868s] -- Up-to-date: /home/yh6917/ME495/src/hw3group-jengabells/install/plan_execute_interface/include/plan_execute_interface/plan_execute_interface/msg
[0.868s] -- Up-to-date: /home/yh6917/ME495/src/hw3group-jengabells/install/plan_execute_interface/include/plan_execute_interface/plan_execute_interface/msg/rosidl_typesupport_fastrtps_c__visibility_control.h
[0.868s] -- Up-to-date: /home/yh6917/ME495/src/hw3group-jengabells/install/plan_execute_interface/lib/libplan_execute_interface__rosidl_typesupport_fastrtps_c.so
[0.869s] -- Up-to-date: /home/yh6917/ME495/src/hw3group-jengabells/install/plan_execute_interface/include/plan_execute_interface/plan_execute_interface
[0.869s] -- Up-to-date: /home/yh6917/ME495/src/hw3group-jengabells/install/plan_execute_interface/include/plan_execute_interface/plan_execute_interface/srv
[0.869s] -- Up-to-date: /home/yh6917/ME495/src/hw3group-jengabells/install/plan_execute_interface/include/plan_execute_interface/plan_execute_interface/srv/place.hpp
[0.869s] -- Up-to-date: /home/yh6917/ME495/src/hw3group-jengabells/install/plan_execute_interface/include/plan_execute_interface/plan_execute_interface/srv/detail
[0.869s] -- Up-to-date: /home/yh6917/ME495/src/hw3group-jengabells/install/plan_execute_interface/include/plan_execute_interface/plan_execute_interface/srv/detail/go_here__traits.hpp
[0.869s] -- Up-to-date: /home/yh6917/ME495/src/hw3group-jengabells/install/plan_execute_interface/include/plan_execute_interface/plan_execute_interface/srv/detail/go_here__builder.hpp
[0.869s] -- Up-to-date: /home/yh6917/ME495/src/hw3group-jengabells/install/plan_execute_interface/include/plan_execute_interface/plan_execute_interface/srv/detail/place__struct.hpp
[0.869s] -- Up-to-date: /home/yh6917/ME495/src/hw3group-jengabells/install/plan_execute_interface/include/plan_execute_interface/plan_execute_interface/srv/detail/place__traits.hpp
[0.869s] -- Up-to-date: /home/yh6917/ME495/src/hw3group-jengabells/install/plan_execute_interface/include/plan_execute_interface/plan_execute_interface/srv/detail/place__builder.hpp
[0.869s] -- Up-to-date: /home/yh6917/ME495/src/hw3group-jengabells/install/plan_execute_interface/include/plan_execute_interface/plan_execute_interface/srv/detail/go_here__struct.hpp
[0.869s] -- Up-to-date: /home/yh6917/ME495/src/hw3group-jengabells/install/plan_execute_interface/include/plan_execute_interface/plan_execute_interface/srv/go_here.hpp
[0.870s] -- Up-to-date: /home/yh6917/ME495/src/hw3group-jengabells/install/plan_execute_interface/include/plan_execute_interface/plan_execute_interface
[0.870s] -- Up-to-date: /home/yh6917/ME495/src/hw3group-jengabells/install/plan_execute_interface/include/plan_execute_interface/plan_execute_interface/srv
[0.870s] -- Up-to-date: /home/yh6917/ME495/src/hw3group-jengabells/install/plan_execute_interface/include/plan_execute_interface/plan_execute_interface/srv/detail
[0.870s] -- Up-to-date: /home/yh6917/ME495/src/hw3group-jengabells/install/plan_execute_interface/include/plan_execute_interface/plan_execute_interface/srv/detail/dds_fastrtps
[0.870s] -- Up-to-date: /home/yh6917/ME495/src/hw3group-jengabells/install/plan_execute_interface/include/plan_execute_interface/plan_execute_interface/srv/detail/go_here__rosidl_typesupport_fastrtps_cpp.hpp
[0.870s] -- Up-to-date: /home/yh6917/ME495/src/hw3group-jengabells/install/plan_execute_interface/include/plan_execute_interface/plan_execute_interface/srv/detail/place__rosidl_typesupport_fastrtps_cpp.hpp
[0.870s] -- Up-to-date: /home/yh6917/ME495/src/hw3group-jengabells/install/plan_execute_interface/include/plan_execute_interface/plan_execute_interface/msg
[0.870s] -- Up-to-date: /home/yh6917/ME495/src/hw3group-jengabells/install/plan_execute_interface/include/plan_execute_interface/plan_execute_interface/msg/rosidl_typesupport_fastrtps_cpp__visibility_control.h
[0.870s] -- Up-to-date: /home/yh6917/ME495/src/hw3group-jengabells/install/plan_execute_interface/lib/libplan_execute_interface__rosidl_typesupport_fastrtps_cpp.so
[0.870s] -- Up-to-date: /home/yh6917/ME495/src/hw3group-jengabells/install/plan_execute_interface/include/plan_execute_interface/plan_execute_interface
[0.870s] -- Up-to-date: /home/yh6917/ME495/src/hw3group-jengabells/install/plan_execute_interface/include/plan_execute_interface/plan_execute_interface/srv
[0.870s] -- Up-to-date: /home/yh6917/ME495/src/hw3group-jengabells/install/plan_execute_interface/include/plan_execute_interface/plan_execute_interface/srv/detail
[0.870s] -- Up-to-date: /home/yh6917/ME495/src/hw3group-jengabells/install/plan_execute_interface/include/plan_execute_interface/plan_execute_interface/srv/detail/place__rosidl_typesupport_introspection_c.h
[0.871s] -- Up-to-date: /home/yh6917/ME495/src/hw3group-jengabells/install/plan_execute_interface/include/plan_execute_interface/plan_execute_interface/srv/detail/place__type_support.c
[0.871s] -- Up-to-date: /home/yh6917/ME495/src/hw3group-jengabells/install/plan_execute_interface/include/plan_execute_interface/plan_execute_interface/srv/detail/go_here__type_support.c
[0.871s] -- Up-to-date: /home/yh6917/ME495/src/hw3group-jengabells/install/plan_execute_interface/include/plan_execute_interface/plan_execute_interface/srv/detail/go_here__rosidl_typesupport_introspection_c.h
[0.871s] -- Up-to-date: /home/yh6917/ME495/src/hw3group-jengabells/install/plan_execute_interface/include/plan_execute_interface/plan_execute_interface/msg
[0.871s] -- Up-to-date: /home/yh6917/ME495/src/hw3group-jengabells/install/plan_execute_interface/include/plan_execute_interface/plan_execute_interface/msg/rosidl_typesupport_introspection_c__visibility_control.h
[0.871s] -- Up-to-date: /home/yh6917/ME495/src/hw3group-jengabells/install/plan_execute_interface/lib/libplan_execute_interface__rosidl_typesupport_introspection_c.so
[0.871s] -- Up-to-date: /home/yh6917/ME495/src/hw3group-jengabells/install/plan_execute_interface/lib/libplan_execute_interface__rosidl_typesupport_c.so
[0.871s] -- Up-to-date: /home/yh6917/ME495/src/hw3group-jengabells/install/plan_execute_interface/include/plan_execute_interface/plan_execute_interface
[0.871s] -- Up-to-date: /home/yh6917/ME495/src/hw3group-jengabells/install/plan_execute_interface/include/plan_execute_interface/plan_execute_interface/srv
[0.871s] -- Up-to-date: /home/yh6917/ME495/src/hw3group-jengabells/install/plan_execute_interface/include/plan_execute_interface/plan_execute_interface/srv/detail
[0.871s] -- Up-to-date: /home/yh6917/ME495/src/hw3group-jengabells/install/plan_execute_interface/include/plan_execute_interface/plan_execute_interface/srv/detail/go_here__type_support.cpp
[0.871s] -- Up-to-date: /home/yh6917/ME495/src/hw3group-jengabells/install/plan_execute_interface/include/plan_execute_interface/plan_execute_interface/srv/detail/go_here__rosidl_typesupport_introspection_cpp.hpp
[0.871s] -- Up-to-date: /home/yh6917/ME495/src/hw3group-jengabells/install/plan_execute_interface/include/plan_execute_interface/plan_execute_interface/srv/detail/place__type_support.cpp
[0.872s] -- Up-to-date: /home/yh6917/ME495/src/hw3group-jengabells/install/plan_execute_interface/include/plan_execute_interface/plan_execute_interface/srv/detail/place__rosidl_typesupport_introspection_cpp.hpp
[0.872s] -- Up-to-date: /home/yh6917/ME495/src/hw3group-jengabells/install/plan_execute_interface/lib/libplan_execute_interface__rosidl_typesupport_introspection_cpp.so
[0.872s] -- Up-to-date: /home/yh6917/ME495/src/hw3group-jengabells/install/plan_execute_interface/lib/libplan_execute_interface__rosidl_typesupport_cpp.so
[0.872s] -- Up-to-date: /home/yh6917/ME495/src/hw3group-jengabells/install/plan_execute_interface/share/plan_execute_interface/environment/pythonpath.sh
[0.872s] -- Up-to-date: /home/yh6917/ME495/src/hw3group-jengabells/install/plan_execute_interface/share/plan_execute_interface/environment/pythonpath.dsv
[0.872s] -- Up-to-date: /home/yh6917/ME495/src/hw3group-jengabells/install/plan_execute_interface/local/lib/python3.10/dist-packages/plan_execute_interface-0.0.0-py3.10.egg-info
[0.872s] -- Installing: /home/yh6917/ME495/src/hw3group-jengabells/install/plan_execute_interface/local/lib/python3.10/dist-packages/plan_execute_interface-0.0.0-py3.10.egg-info/dependency_links.txt
[0.872s] -- Installing: /home/yh6917/ME495/src/hw3group-jengabells/install/plan_execute_interface/local/lib/python3.10/dist-packages/plan_execute_interface-0.0.0-py3.10.egg-info/PKG-INFO
[0.872s] -- Installing: /home/yh6917/ME495/src/hw3group-jengabells/install/plan_execute_interface/local/lib/python3.10/dist-packages/plan_execute_interface-0.0.0-py3.10.egg-info/top_level.txt
[0.872s] -- Installing: /home/yh6917/ME495/src/hw3group-jengabells/install/plan_execute_interface/local/lib/python3.10/dist-packages/plan_execute_interface-0.0.0-py3.10.egg-info/SOURCES.txt
[0.872s] -- Up-to-date: /home/yh6917/ME495/src/hw3group-jengabells/install/plan_execute_interface/local/lib/python3.10/dist-packages/plan_execute_interface
[0.872s] -- Up-to-date: /home/yh6917/ME495/src/hw3group-jengabells/install/plan_execute_interface/local/lib/python3.10/dist-packages/plan_execute_interface/__init__.py
[0.872s] -- Up-to-date: /home/yh6917/ME495/src/hw3group-jengabells/install/plan_execute_interface/local/lib/python3.10/dist-packages/plan_execute_interface/srv
[0.873s] -- Up-to-date: /home/yh6917/ME495/src/hw3group-jengabells/install/plan_execute_interface/local/lib/python3.10/dist-packages/plan_execute_interface/srv/__init__.py
[0.873s] -- Up-to-date: /home/yh6917/ME495/src/hw3group-jengabells/install/plan_execute_interface/local/lib/python3.10/dist-packages/plan_execute_interface/srv/_place_s.c
[0.873s] -- Up-to-date: /home/yh6917/ME495/src/hw3group-jengabells/install/plan_execute_interface/local/lib/python3.10/dist-packages/plan_execute_interface/srv/_go_here_s.c
[0.873s] -- Up-to-date: /home/yh6917/ME495/src/hw3group-jengabells/install/plan_execute_interface/local/lib/python3.10/dist-packages/plan_execute_interface/srv/_place.py
[0.873s] -- Up-to-date: /home/yh6917/ME495/src/hw3group-jengabells/install/plan_execute_interface/local/lib/python3.10/dist-packages/plan_execute_interface/srv/_go_here.py
[0.873s] -- Up-to-date: /home/yh6917/ME495/src/hw3group-jengabells/install/plan_execute_interface/local/lib/python3.10/dist-packages/plan_execute_interface/_plan_execute_interface_s.ep.rosidl_typesupport_fastrtps_c.c
[0.873s] -- Up-to-date: /home/yh6917/ME495/src/hw3group-jengabells/install/plan_execute_interface/local/lib/python3.10/dist-packages/plan_execute_interface/plan_execute_interface_s__rosidl_typesupport_introspection_c.cpython-310-x86_64-linux-gnu.so
[0.873s] -- Up-to-date: /home/yh6917/ME495/src/hw3group-jengabells/install/plan_execute_interface/local/lib/python3.10/dist-packages/plan_execute_interface/_plan_execute_interface_s.ep.rosidl_typesupport_c.c
[0.873s] -- Up-to-date: /home/yh6917/ME495/src/hw3group-jengabells/install/plan_execute_interface/local/lib/python3.10/dist-packages/plan_execute_interface/_plan_execute_interface_s.ep.rosidl_typesupport_introspection_c.c
[0.873s] -- Up-to-date: /home/yh6917/ME495/src/hw3group-jengabells/install/plan_execute_interface/local/lib/python3.10/dist-packages/plan_execute_interface/plan_execute_interface_s__rosidl_typesupport_fastrtps_c.cpython-310-x86_64-linux-gnu.so
[0.873s] -- Up-to-date: /home/yh6917/ME495/src/hw3group-jengabells/install/plan_execute_interface/local/lib/python3.10/dist-packages/plan_execute_interface/plan_execute_interface_s__rosidl_typesupport_c.cpython-310-x86_64-linux-gnu.so
[0.873s] -- Up-to-date: /home/yh6917/ME495/src/hw3group-jengabells/install/plan_execute_interface/local/lib/python3.10/dist-packages/plan_execute_interface/libplan_execute_interface__rosidl_generator_py.so
[0.895s] Listing '/home/yh6917/ME495/src/hw3group-jengabells/install/plan_execute_interface/local/lib/python3.10/dist-packages/plan_execute_interface'...
[0.896s] Listing '/home/yh6917/ME495/src/hw3group-jengabells/install/plan_execute_interface/local/lib/python3.10/dist-packages/plan_execute_interface/srv'...
[0.900s] -- Up-to-date: /home/yh6917/ME495/src/hw3group-jengabells/install/plan_execute_interface/local/lib/python3.10/dist-packages/plan_execute_interface/plan_execute_interface_s__rosidl_typesupport_fastrtps_c.cpython-310-x86_64-linux-gnu.so
[0.900s] -- Up-to-date: /home/yh6917/ME495/src/hw3group-jengabells/install/plan_execute_interface/local/lib/python3.10/dist-packages/plan_execute_interface/plan_execute_interface_s__rosidl_typesupport_introspection_c.cpython-310-x86_64-linux-gnu.so
[0.900s] -- Up-to-date: /home/yh6917/ME495/src/hw3group-jengabells/install/plan_execute_interface/local/lib/python3.10/dist-packages/plan_execute_interface/plan_execute_interface_s__rosidl_typesupport_c.cpython-310-x86_64-linux-gnu.so
[0.900s] -- Up-to-date: /home/yh6917/ME495/src/hw3group-jengabells/install/plan_execute_interface/lib/libplan_execute_interface__rosidl_generator_py.so
[0.901s] -- Up-to-date: /home/yh6917/ME495/src/hw3group-jengabells/install/plan_execute_interface/share/plan_execute_interface/srv/GoHere.idl
[0.901s] -- Up-to-date: /home/yh6917/ME495/src/hw3group-jengabells/install/plan_execute_interface/share/plan_execute_interface/srv/Place.idl
[0.901s] -- Up-to-date: /home/yh6917/ME495/src/hw3group-jengabells/install/plan_execute_interface/share/plan_execute_interface/srv/GoHere.srv
[0.901s] -- Up-to-date: /home/yh6917/ME495/src/hw3group-jengabells/install/plan_execute_interface/share/plan_execute_interface/srv/GoHere_Request.msg
[0.901s] -- Up-to-date: /home/yh6917/ME495/src/hw3group-jengabells/install/plan_execute_interface/share/plan_execute_interface/srv/GoHere_Response.msg
[0.901s] -- Up-to-date: /home/yh6917/ME495/src/hw3group-jengabells/install/plan_execute_interface/share/plan_execute_interface/srv/Place.srv
[0.901s] -- Up-to-date: /home/yh6917/ME495/src/hw3group-jengabells/install/plan_execute_interface/share/plan_execute_interface/srv/Place_Request.msg
[0.901s] -- Up-to-date: /home/yh6917/ME495/src/hw3group-jengabells/install/plan_execute_interface/share/plan_execute_interface/srv/Place_Response.msg
[0.901s] -- Up-to-date: /home/yh6917/ME495/src/hw3group-jengabells/install/plan_execute_interface/share/ament_index/resource_index/package_run_dependencies/plan_execute_interface
[0.902s] -- Up-to-date: /home/yh6917/ME495/src/hw3group-jengabells/install/plan_execute_interface/share/ament_index/resource_index/parent_prefix_path/plan_execute_interface
[0.902s] -- Up-to-date: /home/yh6917/ME495/src/hw3group-jengabells/install/plan_execute_interface/share/plan_execute_interface/environment/ament_prefix_path.sh
[0.902s] -- Up-to-date: /home/yh6917/ME495/src/hw3group-jengabells/install/plan_execute_interface/share/plan_execute_interface/environment/ament_prefix_path.dsv
[0.902s] -- Up-to-date: /home/yh6917/ME495/src/hw3group-jengabells/install/plan_execute_interface/share/plan_execute_interface/environment/path.sh
[0.902s] -- Up-to-date: /home/yh6917/ME495/src/hw3group-jengabells/install/plan_execute_interface/share/plan_execute_interface/environment/path.dsv
[0.902s] -- Up-to-date: /home/yh6917/ME495/src/hw3group-jengabells/install/plan_execute_interface/share/plan_execute_interface/local_setup.bash
[0.902s] -- Up-to-date: /home/yh6917/ME495/src/hw3group-jengabells/install/plan_execute_interface/share/plan_execute_interface/local_setup.sh
[0.902s] -- Up-to-date: /home/yh6917/ME495/src/hw3group-jengabells/install/plan_execute_interface/share/plan_execute_interface/local_setup.zsh
[0.902s] -- Up-to-date: /home/yh6917/ME495/src/hw3group-jengabells/install/plan_execute_interface/share/plan_execute_interface/local_setup.dsv
[0.902s] -- Installing: /home/yh6917/ME495/src/hw3group-jengabells/install/plan_execute_interface/share/plan_execute_interface/package.dsv
[0.902s] -- Up-to-date: /home/yh6917/ME495/src/hw3group-jengabells/install/plan_execute_interface/share/ament_index/resource_index/packages/plan_execute_interface
[0.903s] -- Up-to-date: /home/yh6917/ME495/src/hw3group-jengabells/install/plan_execute_interface/share/plan_execute_interface/cmake/export_plan_execute_interface__rosidl_generator_cExport.cmake
[0.903s] -- Up-to-date: /home/yh6917/ME495/src/hw3group-jengabells/install/plan_execute_interface/share/plan_execute_interface/cmake/export_plan_execute_interface__rosidl_generator_cExport-noconfig.cmake
[0.903s] -- Up-to-date: /home/yh6917/ME495/src/hw3group-jengabells/install/plan_execute_interface/share/plan_execute_interface/cmake/export_plan_execute_interface__rosidl_typesupport_fastrtps_cExport.cmake
[0.903s] -- Up-to-date: /home/yh6917/ME495/src/hw3group-jengabells/install/plan_execute_interface/share/plan_execute_interface/cmake/export_plan_execute_interface__rosidl_typesupport_fastrtps_cExport-noconfig.cmake
[0.903s] -- Up-to-date: /home/yh6917/ME495/src/hw3group-jengabells/install/plan_execute_interface/share/plan_execute_interface/cmake/export_plan_execute_interface__rosidl_generator_cppExport.cmake
[0.903s] -- Up-to-date: /home/yh6917/ME495/src/hw3group-jengabells/install/plan_execute_interface/share/plan_execute_interface/cmake/export_plan_execute_interface__rosidl_typesupport_fastrtps_cppExport.cmake
[0.903s] -- Up-to-date: /home/yh6917/ME495/src/hw3group-jengabells/install/plan_execute_interface/share/plan_execute_interface/cmake/export_plan_execute_interface__rosidl_typesupport_fastrtps_cppExport-noconfig.cmake
[0.903s] -- Up-to-date: /home/yh6917/ME495/src/hw3group-jengabells/install/plan_execute_interface/share/plan_execute_interface/cmake/plan_execute_interface__rosidl_typesupport_introspection_cExport.cmake
[0.903s] -- Up-to-date: /home/yh6917/ME495/src/hw3group-jengabells/install/plan_execute_interface/share/plan_execute_interface/cmake/plan_execute_interface__rosidl_typesupport_introspection_cExport-noconfig.cmake
[0.903s] -- Up-to-date: /home/yh6917/ME495/src/hw3group-jengabells/install/plan_execute_interface/share/plan_execute_interface/cmake/plan_execute_interface__rosidl_typesupport_cExport.cmake
[0.904s] -- Up-to-date: /home/yh6917/ME495/src/hw3group-jengabells/install/plan_execute_interface/share/plan_execute_interface/cmake/plan_execute_interface__rosidl_typesupport_cExport-noconfig.cmake
[0.904s] -- Up-to-date: /home/yh6917/ME495/src/hw3group-jengabells/install/plan_execute_interface/share/plan_execute_interface/cmake/plan_execute_interface__rosidl_typesupport_introspection_cppExport.cmake
[0.904s] -- Up-to-date: /home/yh6917/ME495/src/hw3group-jengabells/install/plan_execute_interface/share/plan_execute_interface/cmake/plan_execute_interface__rosidl_typesupport_introspection_cppExport-noconfig.cmake
[0.904s] -- Up-to-date: /home/yh6917/ME495/src/hw3group-jengabells/install/plan_execute_interface/share/plan_execute_interface/cmake/plan_execute_interface__rosidl_typesupport_cppExport.cmake
[0.904s] -- Up-to-date: /home/yh6917/ME495/src/hw3group-jengabells/install/plan_execute_interface/share/plan_execute_interface/cmake/plan_execute_interface__rosidl_typesupport_cppExport-noconfig.cmake
[0.904s] -- Up-to-date: /home/yh6917/ME495/src/hw3group-jengabells/install/plan_execute_interface/share/plan_execute_interface/cmake/export_plan_execute_interface__rosidl_generator_pyExport.cmake
[0.904s] -- Up-to-date: /home/yh6917/ME495/src/hw3group-jengabells/install/plan_execute_interface/share/plan_execute_interface/cmake/export_plan_execute_interface__rosidl_generator_pyExport-noconfig.cmake
[0.904s] -- Up-to-date: /home/yh6917/ME495/src/hw3group-jengabells/install/plan_execute_interface/share/plan_execute_interface/cmake/rosidl_cmake-extras.cmake
[0.904s] -- Up-to-date: /home/yh6917/ME495/src/hw3group-jengabells/install/plan_execute_interface/share/plan_execute_interface/cmake/ament_cmake_export_dependencies-extras.cmake
[0.904s] -- Up-to-date: /home/yh6917/ME495/src/hw3group-jengabells/install/plan_execute_interface/share/plan_execute_interface/cmake/ament_cmake_export_include_directories-extras.cmake
[0.904s] -- Up-to-date: /home/yh6917/ME495/src/hw3group-jengabells/install/plan_execute_interface/share/plan_execute_interface/cmake/ament_cmake_export_libraries-extras.cmake
[0.904s] -- Up-to-date: /home/yh6917/ME495/src/hw3group-jengabells/install/plan_execute_interface/share/plan_execute_interface/cmake/ament_cmake_export_targets-extras.cmake
[0.904s] -- Up-to-date: /home/yh6917/ME495/src/hw3group-jengabells/install/plan_execute_interface/share/plan_execute_interface/cmake/rosidl_cmake_export_typesupport_targets-extras.cmake
[0.904s] -- Up-to-date: /home/yh6917/ME495/src/hw3group-jengabells/install/plan_execute_interface/share/plan_execute_interface/cmake/rosidl_cmake_export_typesupport_libraries-extras.cmake
[0.904s] -- Up-to-date: /home/yh6917/ME495/src/hw3group-jengabells/install/plan_execute_interface/share/plan_execute_interface/cmake/plan_execute_interfaceConfig.cmake
[0.905s] -- Up-to-date: /home/yh6917/ME495/src/hw3group-jengabells/install/plan_execute_interface/share/plan_execute_interface/cmake/plan_execute_interfaceConfig-version.cmake
[0.905s] -- Up-to-date: /home/yh6917/ME495/src/hw3group-jengabells/install/plan_execute_interface/share/plan_execute_interface/package.xml
[0.906s] Invoked command in '/home/yh6917/ME495/src/hw3group-jengabells/build/plan_execute_interface' returned '0': CMAKE_PREFIX_PATH=${CMAKE_PREFIX_PATH}:/home/yh6917/ME495/src/homework4-hang-yin/install/nubot_nav:/home/yh6917/ME495/src/homework4-hang-yin/install/nubot:/home/yh6917/ME495/src/hw3group-jengabells/install/camera:/home/yh6917/ME495/src/hw3group-jengabells/install/plan_execute:/opt/ros/humble /usr/bin/cmake --install /home/yh6917/ME495/src/hw3group-jengabells/build/plan_execute_interface
