[0.430s] Invoking command in '/home/yh6917/ME495/src/hw3group-jengabells/plan_execute': PYTHONPATH=/home/yh6917/ME495/src/hw3group-jengabells/install/plan_execute/lib/python3.10/site-packages:${PYTHONPATH} /usr/bin/python3 setup.py egg_info --egg-base ../build/plan_execute build --build-base /home/yh6917/ME495/src/hw3group-jengabells/build/plan_execute/build install --prefix /home/yh6917/ME495/src/hw3group-jengabells/install/plan_execute --record /home/yh6917/ME495/src/hw3group-jengabells/build/plan_execute/install.log --single-version-externally-managed
[0.597s] running egg_info
[0.597s] creating ../build/plan_execute/plan_execute.egg-info
[0.597s] writing ../build/plan_execute/plan_execute.egg-info/PKG-INFO
[0.597s] writing dependency_links to ../build/plan_execute/plan_execute.egg-info/dependency_links.txt
[0.597s] writing entry points to ../build/plan_execute/plan_execute.egg-info/entry_points.txt
[0.597s] writing requirements to ../build/plan_execute/plan_execute.egg-info/requires.txt
[0.597s] writing top-level names to ../build/plan_execute/plan_execute.egg-info/top_level.txt
[0.598s] writing manifest file '../build/plan_execute/plan_execute.egg-info/SOURCES.txt'
[0.599s] reading manifest file '../build/plan_execute/plan_execute.egg-info/SOURCES.txt'
[0.599s] writing manifest file '../build/plan_execute/plan_execute.egg-info/SOURCES.txt'
[0.599s] running build
[0.599s] running build_py
[0.599s] creating /home/yh6917/ME495/src/hw3group-jengabells/build/plan_execute/build
[0.599s] creating /home/yh6917/ME495/src/hw3group-jengabells/build/plan_execute/build/lib
[0.600s] creating /home/yh6917/ME495/src/hw3group-jengabells/build/plan_execute/build/lib/plan_execute
[0.600s] copying plan_execute/__init__.py -> /home/yh6917/ME495/src/hw3group-jengabells/build/plan_execute/build/lib/plan_execute
[0.600s] copying plan_execute/plan_and_execute.py -> /home/yh6917/ME495/src/hw3group-jengabells/build/plan_execute/build/lib/plan_execute
[0.600s] copying plan_execute/simple_move.py -> /home/yh6917/ME495/src/hw3group-jengabells/build/plan_execute/build/lib/plan_execute
[0.600s] running install
[0.600s] running install_lib
[0.600s] creating /home/yh6917/ME495/src/hw3group-jengabells/install/plan_execute/lib/python3.10/site-packages/plan_execute
[0.600s] copying /home/yh6917/ME495/src/hw3group-jengabells/build/plan_execute/build/lib/plan_execute/__init__.py -> /home/yh6917/ME495/src/hw3group-jengabells/install/plan_execute/lib/python3.10/site-packages/plan_execute
[0.600s] copying /home/yh6917/ME495/src/hw3group-jengabells/build/plan_execute/build/lib/plan_execute/plan_and_execute.py -> /home/yh6917/ME495/src/hw3group-jengabells/install/plan_execute/lib/python3.10/site-packages/plan_execute
[0.601s] copying /home/yh6917/ME495/src/hw3group-jengabells/build/plan_execute/build/lib/plan_execute/simple_move.py -> /home/yh6917/ME495/src/hw3group-jengabells/install/plan_execute/lib/python3.10/site-packages/plan_execute
[0.601s] byte-compiling /home/yh6917/ME495/src/hw3group-jengabells/install/plan_execute/lib/python3.10/site-packages/plan_execute/__init__.py to __init__.cpython-310.pyc
[0.601s] byte-compiling /home/yh6917/ME495/src/hw3group-jengabells/install/plan_execute/lib/python3.10/site-packages/plan_execute/plan_and_execute.py to plan_and_execute.cpython-310.pyc
[0.602s] byte-compiling /home/yh6917/ME495/src/hw3group-jengabells/install/plan_execute/lib/python3.10/site-packages/plan_execute/simple_move.py to simple_move.cpython-310.pyc
[0.603s] running install_data
[0.603s] creating /home/yh6917/ME495/src/hw3group-jengabells/install/plan_execute/share/ament_index
[0.603s] creating /home/yh6917/ME495/src/hw3group-jengabells/install/plan_execute/share/ament_index/resource_index
[0.603s] creating /home/yh6917/ME495/src/hw3group-jengabells/install/plan_execute/share/ament_index/resource_index/packages
[0.603s] copying resource/plan_execute -> /home/yh6917/ME495/src/hw3group-jengabells/install/plan_execute/share/ament_index/resource_index/packages
[0.603s] copying package.xml -> /home/yh6917/ME495/src/hw3group-jengabells/install/plan_execute/share/plan_execute
[0.603s] copying launch/simple_move.launch.py -> /home/yh6917/ME495/src/hw3group-jengabells/install/plan_execute/share/plan_execute
[0.603s] copying plan_execute/plan_and_execute.py -> /home/yh6917/ME495/src/hw3group-jengabells/install/plan_execute/share/plan_execute
[0.603s] running install_egg_info
[0.604s] Copying ../build/plan_execute/plan_execute.egg-info to /home/yh6917/ME495/src/hw3group-jengabells/install/plan_execute/lib/python3.10/site-packages/plan_execute-0.0.0-py3.10.egg-info
[0.605s] running install_scripts
[0.617s] Installing simple_move script to /home/yh6917/ME495/src/hw3group-jengabells/install/plan_execute/lib/plan_execute
[0.617s] writing list of installed files to '/home/yh6917/ME495/src/hw3group-jengabells/build/plan_execute/install.log'
[0.635s] Invoked command in '/home/yh6917/ME495/src/hw3group-jengabells/plan_execute' returned '0': PYTHONPATH=/home/yh6917/ME495/src/hw3group-jengabells/install/plan_execute/lib/python3.10/site-packages:${PYTHONPATH} /usr/bin/python3 setup.py egg_info --egg-base ../build/plan_execute build --build-base /home/yh6917/ME495/src/hw3group-jengabells/build/plan_execute/build install --prefix /home/yh6917/ME495/src/hw3group-jengabells/install/plan_execute --record /home/yh6917/ME495/src/hw3group-jengabells/build/plan_execute/install.log --single-version-externally-managed
