running egg_info
creating ../build/camera/camera.egg-info
writing ../build/camera/camera.egg-info/PKG-INFO
writing dependency_links to ../build/camera/camera.egg-info/dependency_links.txt
writing entry points to ../build/camera/camera.egg-info/entry_points.txt
writing requirements to ../build/camera/camera.egg-info/requires.txt
writing top-level names to ../build/camera/camera.egg-info/top_level.txt
writing manifest file '../build/camera/camera.egg-info/SOURCES.txt'
reading manifest file '../build/camera/camera.egg-info/SOURCES.txt'
writing manifest file '../build/camera/camera.egg-info/SOURCES.txt'
running build
running build_py
creating /home/yh6917/ME495/src/hw3group-jengabells/build/camera/build
creating /home/yh6917/ME495/src/hw3group-jengabells/build/camera/build/lib
creating /home/yh6917/ME495/src/hw3group-jengabells/build/camera/build/lib/camera
copying camera/__init__.py -> /home/yh6917/ME495/src/hw3group-jengabells/build/camera/build/lib/camera
copying camera/test.py -> /home/yh6917/ME495/src/hw3group-jengabells/build/camera/build/lib/camera
copying camera/realsense.py -> /home/yh6917/ME495/src/hw3group-jengabells/build/camera/build/lib/camera
copying camera/broadcast_transform.py -> /home/yh6917/ME495/src/hw3group-jengabells/build/camera/build/lib/camera
copying camera/calibrate.py -> /home/yh6917/ME495/src/hw3group-jengabells/build/camera/build/lib/camera
running install
running install_lib
creating /home/yh6917/ME495/src/hw3group-jengabells/install/camera/lib/python3.10/site-packages/camera
copying /home/yh6917/ME495/src/hw3group-jengabells/build/camera/build/lib/camera/__init__.py -> /home/yh6917/ME495/src/hw3group-jengabells/install/camera/lib/python3.10/site-packages/camera
copying /home/yh6917/ME495/src/hw3group-jengabells/build/camera/build/lib/camera/test.py -> /home/yh6917/ME495/src/hw3group-jengabells/install/camera/lib/python3.10/site-packages/camera
copying /home/yh6917/ME495/src/hw3group-jengabells/build/camera/build/lib/camera/realsense.py -> /home/yh6917/ME495/src/hw3group-jengabells/install/camera/lib/python3.10/site-packages/camera
copying /home/yh6917/ME495/src/hw3group-jengabells/build/camera/build/lib/camera/broadcast_transform.py -> /home/yh6917/ME495/src/hw3group-jengabells/install/camera/lib/python3.10/site-packages/camera
copying /home/yh6917/ME495/src/hw3group-jengabells/build/camera/build/lib/camera/calibrate.py -> /home/yh6917/ME495/src/hw3group-jengabells/install/camera/lib/python3.10/site-packages/camera
byte-compiling /home/yh6917/ME495/src/hw3group-jengabells/install/camera/lib/python3.10/site-packages/camera/__init__.py to __init__.cpython-310.pyc
byte-compiling /home/yh6917/ME495/src/hw3group-jengabells/install/camera/lib/python3.10/site-packages/camera/test.py to test.cpython-310.pyc
byte-compiling /home/yh6917/ME495/src/hw3group-jengabells/install/camera/lib/python3.10/site-packages/camera/realsense.py to realsense.cpython-310.pyc
byte-compiling /home/yh6917/ME495/src/hw3group-jengabells/install/camera/lib/python3.10/site-packages/camera/broadcast_transform.py to broadcast_transform.cpython-310.pyc
byte-compiling /home/yh6917/ME495/src/hw3group-jengabells/install/camera/lib/python3.10/site-packages/camera/calibrate.py to calibrate.cpython-310.pyc
running install_data
creating /home/yh6917/ME495/src/hw3group-jengabells/install/camera/share/ament_index
creating /home/yh6917/ME495/src/hw3group-jengabells/install/camera/share/ament_index/resource_index
creating /home/yh6917/ME495/src/hw3group-jengabells/install/camera/share/ament_index/resource_index/packages
copying resource/camera -> /home/yh6917/ME495/src/hw3group-jengabells/install/camera/share/ament_index/resource_index/packages
copying package.xml -> /home/yh6917/ME495/src/hw3group-jengabells/install/camera/share/camera
copying launch/jenga_vision.launch.py -> /home/yh6917/ME495/src/hw3group-jengabells/install/camera/share/camera
copying launch/cv.launch.py -> /home/yh6917/ME495/src/hw3group-jengabells/install/camera/share/camera
copying config/april.rviz -> /home/yh6917/ME495/src/hw3group-jengabells/install/camera/share/camera
copying config/april.yaml -> /home/yh6917/ME495/src/hw3group-jengabells/install/camera/share/camera
copying config/tf.yaml -> /home/yh6917/ME495/src/hw3group-jengabells/install/camera/share/camera
running install_egg_info
Copying ../build/camera/camera.egg-info to /home/yh6917/ME495/src/hw3group-jengabells/install/camera/lib/python3.10/site-packages/camera-0.0.0-py3.10.egg-info
running install_scripts
Installing broadcast script to /home/yh6917/ME495/src/hw3group-jengabells/install/camera/lib/camera
Installing cali script to /home/yh6917/ME495/src/hw3group-jengabells/install/camera/lib/camera
Installing cam script to /home/yh6917/ME495/src/hw3group-jengabells/install/camera/lib/camera
writing list of installed files to '/home/yh6917/ME495/src/hw3group-jengabells/build/camera/install.log'
