/home/yh6917/ME495/src/hw3group-jengabells/install/plan_execute/lib/python3.10/site-packages/plan_execute/__init__.py
/home/yh6917/ME495/src/hw3group-jengabells/install/plan_execute/lib/python3.10/site-packages/plan_execute/test.py
/home/yh6917/ME495/src/hw3group-jengabells/install/plan_execute/lib/python3.10/site-packages/plan_execute/plan_and_execute.py
/home/yh6917/ME495/src/hw3group-jengabells/install/plan_execute/lib/python3.10/site-packages/plan_execute/simple_move.py
/home/yh6917/ME495/src/hw3group-jengabells/install/plan_execute/lib/python3.10/site-packages/plan_execute/cv_test.py
/home/yh6917/ME495/src/hw3group-jengabells/install/plan_execute/lib/python3.10/site-packages/plan_execute/__pycache__/__init__.cpython-310.pyc
/home/yh6917/ME495/src/hw3group-jengabells/install/plan_execute/lib/python3.10/site-packages/plan_execute/__pycache__/test.cpython-310.pyc
/home/yh6917/ME495/src/hw3group-jengabells/install/plan_execute/lib/python3.10/site-packages/plan_execute/__pycache__/plan_and_execute.cpython-310.pyc
/home/yh6917/ME495/src/hw3group-jengabells/install/plan_execute/lib/python3.10/site-packages/plan_execute/__pycache__/simple_move.cpython-310.pyc
/home/yh6917/ME495/src/hw3group-jengabells/install/plan_execute/lib/python3.10/site-packages/plan_execute/__pycache__/cv_test.cpython-310.pyc
/home/yh6917/ME495/src/hw3group-jengabells/install/plan_execute/share/ament_index/resource_index/packages/plan_execute
/home/yh6917/ME495/src/hw3group-jengabells/install/plan_execute/share/plan_execute/package.xml
/home/yh6917/ME495/src/hw3group-jengabells/install/plan_execute/share/plan_execute/simple_move.launch.py
/home/yh6917/ME495/src/hw3group-jengabells/install/plan_execute/share/plan_execute/plan_and_execute.py
/home/yh6917/ME495/src/hw3group-jengabells/install/plan_execute/lib/python3.10/site-packages/plan_execute-0.0.0-py3.10.egg-info/dependency_links.txt
/home/yh6917/ME495/src/hw3group-jengabells/install/plan_execute/lib/python3.10/site-packages/plan_execute-0.0.0-py3.10.egg-info/entry_points.txt
/home/yh6917/ME495/src/hw3group-jengabells/install/plan_execute/lib/python3.10/site-packages/plan_execute-0.0.0-py3.10.egg-info/PKG-INFO
/home/yh6917/ME495/src/hw3group-jengabells/install/plan_execute/lib/python3.10/site-packages/plan_execute-0.0.0-py3.10.egg-info/top_level.txt
/home/yh6917/ME495/src/hw3group-jengabells/install/plan_execute/lib/python3.10/site-packages/plan_execute-0.0.0-py3.10.egg-info/zip-safe
/home/yh6917/ME495/src/hw3group-jengabells/install/plan_execute/lib/python3.10/site-packages/plan_execute-0.0.0-py3.10.egg-info/SOURCES.txt
/home/yh6917/ME495/src/hw3group-jengabells/install/plan_execute/lib/python3.10/site-packages/plan_execute-0.0.0-py3.10.egg-info/requires.txt
/home/yh6917/ME495/src/hw3group-jengabells/install/plan_execute/lib/plan_execute/cv_test
/home/yh6917/ME495/src/hw3group-jengabells/install/plan_execute/lib/plan_execute/simple_move
