[0.702s] Invoking command in '/home/yh6917/ME495/src/hw3group-jengabells/camera': PYTHONPATH=/home/yh6917/ME495/src/hw3group-jengabells/install/camera/lib/python3.10/site-packages:${PYTHONPATH} /usr/bin/python3 setup.py egg_info --egg-base ../build/camera build --build-base /home/yh6917/ME495/src/hw3group-jengabells/build/camera/build install --prefix /home/yh6917/ME495/src/hw3group-jengabells/install/camera --record /home/yh6917/ME495/src/hw3group-jengabells/build/camera/install.log --single-version-externally-managed
[0.900s] running egg_info
[0.900s] writing ../build/camera/camera.egg-info/PKG-INFO
[0.900s] writing dependency_links to ../build/camera/camera.egg-info/dependency_links.txt
[0.901s] writing entry points to ../build/camera/camera.egg-info/entry_points.txt
[0.901s] writing requirements to ../build/camera/camera.egg-info/requires.txt
[0.901s] writing top-level names to ../build/camera/camera.egg-info/top_level.txt
[0.902s] reading manifest file '../build/camera/camera.egg-info/SOURCES.txt'
[0.903s] writing manifest file '../build/camera/camera.egg-info/SOURCES.txt'
[0.903s] running build
[0.903s] running build_py
[0.903s] copying camera/realsense.py -> /home/yh6917/ME495/src/hw3group-jengabells/build/camera/build/lib/camera
[0.904s] copying camera/calibrate.py -> /home/yh6917/ME495/src/hw3group-jengabells/build/camera/build/lib/camera
[0.904s] running install
[0.904s] running install_lib
[0.905s] copying /home/yh6917/ME495/src/hw3group-jengabells/build/camera/build/lib/camera/realsense.py -> /home/yh6917/ME495/src/hw3group-jengabells/install/camera/lib/python3.10/site-packages/camera
[0.905s] copying /home/yh6917/ME495/src/hw3group-jengabells/build/camera/build/lib/camera/calibrate.py -> /home/yh6917/ME495/src/hw3group-jengabells/install/camera/lib/python3.10/site-packages/camera
[0.905s] byte-compiling /home/yh6917/ME495/src/hw3group-jengabells/install/camera/lib/python3.10/site-packages/camera/realsense.py to realsense.cpython-310.pyc
[0.908s] byte-compiling /home/yh6917/ME495/src/hw3group-jengabells/install/camera/lib/python3.10/site-packages/camera/calibrate.py to calibrate.cpython-310.pyc
[0.909s] running install_data
[0.910s] copying launch/jenga_vision.launch.py -> /home/yh6917/ME495/src/hw3group-jengabells/install/camera/share/camera
[0.910s] running install_egg_info
[0.911s] removing '/home/yh6917/ME495/src/hw3group-jengabells/install/camera/lib/python3.10/site-packages/camera-0.0.0-py3.10.egg-info' (and everything under it)
[0.912s] Copying ../build/camera/camera.egg-info to /home/yh6917/ME495/src/hw3group-jengabells/install/camera/lib/python3.10/site-packages/camera-0.0.0-py3.10.egg-info
[0.912s] running install_scripts
[0.927s] Installing broadcast script to /home/yh6917/ME495/src/hw3group-jengabells/install/camera/lib/camera
[0.927s] Installing cali script to /home/yh6917/ME495/src/hw3group-jengabells/install/camera/lib/camera
[0.927s] Installing cam script to /home/yh6917/ME495/src/hw3group-jengabells/install/camera/lib/camera
[0.928s] writing list of installed files to '/home/yh6917/ME495/src/hw3group-jengabells/build/camera/install.log'
[0.950s] Invoked command in '/home/yh6917/ME495/src/hw3group-jengabells/camera' returned '0': PYTHONPATH=/home/yh6917/ME495/src/hw3group-jengabells/install/camera/lib/python3.10/site-packages:${PYTHONPATH} /usr/bin/python3 setup.py egg_info --egg-base ../build/camera build --build-base /home/yh6917/ME495/src/hw3group-jengabells/build/camera/build install --prefix /home/yh6917/ME495/src/hw3group-jengabells/install/camera --record /home/yh6917/ME495/src/hw3group-jengabells/build/camera/install.log --single-version-externally-managed
