[ 10%] Built target plan_execute_interface__rosidl_generator_c
[ 12%] Built target plan_execute_interface__cpp
[ 12%] Built target ament_cmake_python_copy_plan_execute_interface
[ 25%] Built target plan_execute_interface__rosidl_typesupport_introspection_c
[ 33%] Built target plan_execute_interface__rosidl_typesupport_fastrtps_c
[ 43%] Built target plan_execute_interface__rosidl_typesupport_fastrtps_cpp
[ 56%] Built target plan_execute_interface__rosidl_typesupport_cpp
[ 71%] Built target plan_execute_interface__rosidl_typesupport_introspection_cpp
[ 74%] Built target plan_execute_interface__rosidl_typesupport_c
[ 74%] Built target plan_execute_interface
[ 76%] Built target plan_execute_interface__py
[ 84%] Built target plan_execute_interface__rosidl_generator_py
[ 94%] Built target plan_execute_interface__rosidl_typesupport_c__pyext
[ 97%] Built target plan_execute_interface__rosidl_typesupport_introspection_c__pyext
[100%] Built target plan_execute_interface__rosidl_typesupport_fastrtps_c__pyext
running egg_info
writing plan_execute_interface.egg-info/PKG-INFO
writing dependency_links to plan_execute_interface.egg-info/dependency_links.txt
writing top-level names to plan_execute_interface.egg-info/top_level.txt
reading manifest file 'plan_execute_interface.egg-info/SOURCES.txt'
writing manifest file 'plan_execute_interface.egg-info/SOURCES.txt'
[100%] Built target ament_cmake_python_build_plan_execute_interface_egg
-- Install configuration: ""
-- Up-to-date: /home/yh6917/ME495/src/hw3group-jengabells/install/plan_execute_interface/share/ament_index/resource_index/rosidl_interfaces/plan_execute_interface
-- Up-to-date: /home/yh6917/ME495/src/hw3group-jengabells/install/plan_execute_interface/include/plan_execute_interface/plan_execute_interface
-- Up-to-date: /home/yh6917/ME495/src/hw3group-jengabells/install/plan_execute_interface/include/plan_execute_interface/plan_execute_interface/srv
-- Up-to-date: /home/yh6917/ME495/src/hw3group-jengabells/install/plan_execute_interface/include/plan_execute_interface/plan_execute_interface/srv/go_here.h
-- Up-to-date: /home/yh6917/ME495/src/hw3group-jengabells/install/plan_execute_interface/include/plan_execute_interface/plan_execute_interface/srv/place.h
-- Up-to-date: /home/yh6917/ME495/src/hw3group-jengabells/install/plan_execute_interface/include/plan_execute_interface/plan_execute_interface/srv/detail
-- Up-to-date: /home/yh6917/ME495/src/hw3group-jengabells/install/plan_execute_interface/include/plan_execute_interface/plan_execute_interface/srv/detail/go_here__struct.h
-- Up-to-date: /home/yh6917/ME495/src/hw3group-jengabells/install/plan_execute_interface/include/plan_execute_interface/plan_execute_interface/srv/detail/place__type_support.h
-- Up-to-date: /home/yh6917/ME495/src/hw3group-jengabells/install/plan_execute_interface/include/plan_execute_interface/plan_execute_interface/srv/detail/place__functions.c
-- Up-to-date: /home/yh6917/ME495/src/hw3group-jengabells/install/plan_execute_interface/include/plan_execute_interface/plan_execute_interface/srv/detail/go_here__functions.h
-- Up-to-date: /home/yh6917/ME495/src/hw3group-jengabells/install/plan_execute_interface/include/plan_execute_interface/plan_execute_interface/srv/detail/go_here__type_support.h
-- Up-to-date: /home/yh6917/ME495/src/hw3group-jengabells/install/plan_execute_interface/include/plan_execute_interface/plan_execute_interface/srv/detail/place__struct.h
-- Up-to-date: /home/yh6917/ME495/src/hw3group-jengabells/install/plan_execute_interface/include/plan_execute_interface/plan_execute_interface/srv/detail/go_here__functions.c
-- Up-to-date: /home/yh6917/ME495/src/hw3group-jengabells/install/plan_execute_interface/include/plan_execute_interface/plan_execute_interface/srv/detail/place__functions.h
-- Up-to-date: /home/yh6917/ME495/src/hw3group-jengabells/install/plan_execute_interface/include/plan_execute_interface/plan_execute_interface/msg
-- Up-to-date: /home/yh6917/ME495/src/hw3group-jengabells/install/plan_execute_interface/include/plan_execute_interface/plan_execute_interface/msg/rosidl_generator_c__visibility_control.h
-- Up-to-date: /home/yh6917/ME495/src/hw3group-jengabells/install/plan_execute_interface/share/plan_execute_interface/environment/library_path.sh
-- Up-to-date: /home/yh6917/ME495/src/hw3group-jengabells/install/plan_execute_interface/share/plan_execute_interface/environment/library_path.dsv
-- Up-to-date: /home/yh6917/ME495/src/hw3group-jengabells/install/plan_execute_interface/lib/libplan_execute_interface__rosidl_generator_c.so
-- Up-to-date: /home/yh6917/ME495/src/hw3group-jengabells/install/plan_execute_interface/include/plan_execute_interface/plan_execute_interface
-- Up-to-date: /home/yh6917/ME495/src/hw3group-jengabells/install/plan_execute_interface/include/plan_execute_interface/plan_execute_interface/srv
-- Up-to-date: /home/yh6917/ME495/src/hw3group-jengabells/install/plan_execute_interface/include/plan_execute_interface/plan_execute_interface/srv/detail
-- Up-to-date: /home/yh6917/ME495/src/hw3group-jengabells/install/plan_execute_interface/include/plan_execute_interface/plan_execute_interface/srv/detail/go_here__rosidl_typesupport_fastrtps_c.h
-- Up-to-date: /home/yh6917/ME495/src/hw3group-jengabells/install/plan_execute_interface/include/plan_execute_interface/plan_execute_interface/srv/detail/place__rosidl_typesupport_fastrtps_c.h
-- Up-to-date: /home/yh6917/ME495/src/hw3group-jengabells/install/plan_execute_interface/include/plan_execute_interface/plan_execute_interface/msg
-- Up-to-date: /home/yh6917/ME495/src/hw3group-jengabells/install/plan_execute_interface/include/plan_execute_interface/plan_execute_interface/msg/rosidl_typesupport_fastrtps_c__visibility_control.h
-- Up-to-date: /home/yh6917/ME495/src/hw3group-jengabells/install/plan_execute_interface/lib/libplan_execute_interface__rosidl_typesupport_fastrtps_c.so
-- Up-to-date: /home/yh6917/ME495/src/hw3group-jengabells/install/plan_execute_interface/include/plan_execute_interface/plan_execute_interface
-- Up-to-date: /home/yh6917/ME495/src/hw3group-jengabells/install/plan_execute_interface/include/plan_execute_interface/plan_execute_interface/srv
-- Up-to-date: /home/yh6917/ME495/src/hw3group-jengabells/install/plan_execute_interface/include/plan_execute_interface/plan_execute_interface/srv/place.hpp
-- Up-to-date: /home/yh6917/ME495/src/hw3group-jengabells/install/plan_execute_interface/include/plan_execute_interface/plan_execute_interface/srv/detail
-- Up-to-date: /home/yh6917/ME495/src/hw3group-jengabells/install/plan_execute_interface/include/plan_execute_interface/plan_execute_interface/srv/detail/go_here__traits.hpp
-- Up-to-date: /home/yh6917/ME495/src/hw3group-jengabells/install/plan_execute_interface/include/plan_execute_interface/plan_execute_interface/srv/detail/go_here__builder.hpp
-- Up-to-date: /home/yh6917/ME495/src/hw3group-jengabells/install/plan_execute_interface/include/plan_execute_interface/plan_execute_interface/srv/detail/place__struct.hpp
-- Up-to-date: /home/yh6917/ME495/src/hw3group-jengabells/install/plan_execute_interface/include/plan_execute_interface/plan_execute_interface/srv/detail/place__traits.hpp
-- Up-to-date: /home/yh6917/ME495/src/hw3group-jengabells/install/plan_execute_interface/include/plan_execute_interface/plan_execute_interface/srv/detail/place__builder.hpp
-- Up-to-date: /home/yh6917/ME495/src/hw3group-jengabells/install/plan_execute_interface/include/plan_execute_interface/plan_execute_interface/srv/detail/go_here__struct.hpp
-- Up-to-date: /home/yh6917/ME495/src/hw3group-jengabells/install/plan_execute_interface/include/plan_execute_interface/plan_execute_interface/srv/go_here.hpp
-- Up-to-date: /home/yh6917/ME495/src/hw3group-jengabells/install/plan_execute_interface/include/plan_execute_interface/plan_execute_interface
-- Up-to-date: /home/yh6917/ME495/src/hw3group-jengabells/install/plan_execute_interface/include/plan_execute_interface/plan_execute_interface/srv
-- Up-to-date: /home/yh6917/ME495/src/hw3group-jengabells/install/plan_execute_interface/include/plan_execute_interface/plan_execute_interface/srv/detail
-- Up-to-date: /home/yh6917/ME495/src/hw3group-jengabells/install/plan_execute_interface/include/plan_execute_interface/plan_execute_interface/srv/detail/dds_fastrtps
-- Up-to-date: /home/yh6917/ME495/src/hw3group-jengabells/install/plan_execute_interface/include/plan_execute_interface/plan_execute_interface/srv/detail/go_here__rosidl_typesupport_fastrtps_cpp.hpp
-- Up-to-date: /home/yh6917/ME495/src/hw3group-jengabells/install/plan_execute_interface/include/plan_execute_interface/plan_execute_interface/srv/detail/place__rosidl_typesupport_fastrtps_cpp.hpp
-- Up-to-date: /home/yh6917/ME495/src/hw3group-jengabells/install/plan_execute_interface/include/plan_execute_interface/plan_execute_interface/msg
-- Up-to-date: /home/yh6917/ME495/src/hw3group-jengabells/install/plan_execute_interface/include/plan_execute_interface/plan_execute_interface/msg/rosidl_typesupport_fastrtps_cpp__visibility_control.h
-- Up-to-date: /home/yh6917/ME495/src/hw3group-jengabells/install/plan_execute_interface/lib/libplan_execute_interface__rosidl_typesupport_fastrtps_cpp.so
-- Up-to-date: /home/yh6917/ME495/src/hw3group-jengabells/install/plan_execute_interface/include/plan_execute_interface/plan_execute_interface
-- Up-to-date: /home/yh6917/ME495/src/hw3group-jengabells/install/plan_execute_interface/include/plan_execute_interface/plan_execute_interface/srv
-- Up-to-date: /home/yh6917/ME495/src/hw3group-jengabells/install/plan_execute_interface/include/plan_execute_interface/plan_execute_interface/srv/detail
-- Up-to-date: /home/yh6917/ME495/src/hw3group-jengabells/install/plan_execute_interface/include/plan_execute_interface/plan_execute_interface/srv/detail/place__rosidl_typesupport_introspection_c.h
-- Up-to-date: /home/yh6917/ME495/src/hw3group-jengabells/install/plan_execute_interface/include/plan_execute_interface/plan_execute_interface/srv/detail/place__type_support.c
-- Up-to-date: /home/yh6917/ME495/src/hw3group-jengabells/install/plan_execute_interface/include/plan_execute_interface/plan_execute_interface/srv/detail/go_here__type_support.c
-- Up-to-date: /home/yh6917/ME495/src/hw3group-jengabells/install/plan_execute_interface/include/plan_execute_interface/plan_execute_interface/srv/detail/go_here__rosidl_typesupport_introspection_c.h
-- Up-to-date: /home/yh6917/ME495/src/hw3group-jengabells/install/plan_execute_interface/include/plan_execute_interface/plan_execute_interface/msg
-- Up-to-date: /home/yh6917/ME495/src/hw3group-jengabells/install/plan_execute_interface/include/plan_execute_interface/plan_execute_interface/msg/rosidl_typesupport_introspection_c__visibility_control.h
-- Up-to-date: /home/yh6917/ME495/src/hw3group-jengabells/install/plan_execute_interface/lib/libplan_execute_interface__rosidl_typesupport_introspection_c.so
-- Up-to-date: /home/yh6917/ME495/src/hw3group-jengabells/install/plan_execute_interface/lib/libplan_execute_interface__rosidl_typesupport_c.so
-- Up-to-date: /home/yh6917/ME495/src/hw3group-jengabells/install/plan_execute_interface/include/plan_execute_interface/plan_execute_interface
-- Up-to-date: /home/yh6917/ME495/src/hw3group-jengabells/install/plan_execute_interface/include/plan_execute_interface/plan_execute_interface/srv
-- Up-to-date: /home/yh6917/ME495/src/hw3group-jengabells/install/plan_execute_interface/include/plan_execute_interface/plan_execute_interface/srv/detail
-- Up-to-date: /home/yh6917/ME495/src/hw3group-jengabells/install/plan_execute_interface/include/plan_execute_interface/plan_execute_interface/srv/detail/go_here__type_support.cpp
-- Up-to-date: /home/yh6917/ME495/src/hw3group-jengabells/install/plan_execute_interface/include/plan_execute_interface/plan_execute_interface/srv/detail/go_here__rosidl_typesupport_introspection_cpp.hpp
-- Up-to-date: /home/yh6917/ME495/src/hw3group-jengabells/install/plan_execute_interface/include/plan_execute_interface/plan_execute_interface/srv/detail/place__type_support.cpp
-- Up-to-date: /home/yh6917/ME495/src/hw3group-jengabells/install/plan_execute_interface/include/plan_execute_interface/plan_execute_interface/srv/detail/place__rosidl_typesupport_introspection_cpp.hpp
-- Up-to-date: /home/yh6917/ME495/src/hw3group-jengabells/install/plan_execute_interface/lib/libplan_execute_interface__rosidl_typesupport_introspection_cpp.so
-- Up-to-date: /home/yh6917/ME495/src/hw3group-jengabells/install/plan_execute_interface/lib/libplan_execute_interface__rosidl_typesupport_cpp.so
-- Up-to-date: /home/yh6917/ME495/src/hw3group-jengabells/install/plan_execute_interface/share/plan_execute_interface/environment/pythonpath.sh
-- Up-to-date: /home/yh6917/ME495/src/hw3group-jengabells/install/plan_execute_interface/share/plan_execute_interface/environment/pythonpath.dsv
-- Up-to-date: /home/yh6917/ME495/src/hw3group-jengabells/install/plan_execute_interface/local/lib/python3.10/dist-packages/plan_execute_interface-0.0.0-py3.10.egg-info
-- Installing: /home/yh6917/ME495/src/hw3group-jengabells/install/plan_execute_interface/local/lib/python3.10/dist-packages/plan_execute_interface-0.0.0-py3.10.egg-info/dependency_links.txt
-- Installing: /home/yh6917/ME495/src/hw3group-jengabells/install/plan_execute_interface/local/lib/python3.10/dist-packages/plan_execute_interface-0.0.0-py3.10.egg-info/PKG-INFO
-- Installing: /home/yh6917/ME495/src/hw3group-jengabells/install/plan_execute_interface/local/lib/python3.10/dist-packages/plan_execute_interface-0.0.0-py3.10.egg-info/top_level.txt
-- Installing: /home/yh6917/ME495/src/hw3group-jengabells/install/plan_execute_interface/local/lib/python3.10/dist-packages/plan_execute_interface-0.0.0-py3.10.egg-info/SOURCES.txt
-- Up-to-date: /home/yh6917/ME495/src/hw3group-jengabells/install/plan_execute_interface/local/lib/python3.10/dist-packages/plan_execute_interface
-- Up-to-date: /home/yh6917/ME495/src/hw3group-jengabells/install/plan_execute_interface/local/lib/python3.10/dist-packages/plan_execute_interface/__init__.py
-- Up-to-date: /home/yh6917/ME495/src/hw3group-jengabells/install/plan_execute_interface/local/lib/python3.10/dist-packages/plan_execute_interface/srv
-- Up-to-date: /home/yh6917/ME495/src/hw3group-jengabells/install/plan_execute_interface/local/lib/python3.10/dist-packages/plan_execute_interface/srv/__init__.py
-- Up-to-date: /home/yh6917/ME495/src/hw3group-jengabells/install/plan_execute_interface/local/lib/python3.10/dist-packages/plan_execute_interface/srv/_place_s.c
-- Up-to-date: /home/yh6917/ME495/src/hw3group-jengabells/install/plan_execute_interface/local/lib/python3.10/dist-packages/plan_execute_interface/srv/_go_here_s.c
-- Up-to-date: /home/yh6917/ME495/src/hw3group-jengabells/install/plan_execute_interface/local/lib/python3.10/dist-packages/plan_execute_interface/srv/_place.py
-- Up-to-date: /home/yh6917/ME495/src/hw3group-jengabells/install/plan_execute_interface/local/lib/python3.10/dist-packages/plan_execute_interface/srv/_go_here.py
-- Up-to-date: /home/yh6917/ME495/src/hw3group-jengabells/install/plan_execute_interface/local/lib/python3.10/dist-packages/plan_execute_interface/_plan_execute_interface_s.ep.rosidl_typesupport_fastrtps_c.c
-- Up-to-date: /home/yh6917/ME495/src/hw3group-jengabells/install/plan_execute_interface/local/lib/python3.10/dist-packages/plan_execute_interface/plan_execute_interface_s__rosidl_typesupport_introspection_c.cpython-310-x86_64-linux-gnu.so
-- Up-to-date: /home/yh6917/ME495/src/hw3group-jengabells/install/plan_execute_interface/local/lib/python3.10/dist-packages/plan_execute_interface/_plan_execute_interface_s.ep.rosidl_typesupport_c.c
-- Up-to-date: /home/yh6917/ME495/src/hw3group-jengabells/install/plan_execute_interface/local/lib/python3.10/dist-packages/plan_execute_interface/_plan_execute_interface_s.ep.rosidl_typesupport_introspection_c.c
-- Up-to-date: /home/yh6917/ME495/src/hw3group-jengabells/install/plan_execute_interface/local/lib/python3.10/dist-packages/plan_execute_interface/plan_execute_interface_s__rosidl_typesupport_fastrtps_c.cpython-310-x86_64-linux-gnu.so
-- Up-to-date: /home/yh6917/ME495/src/hw3group-jengabells/install/plan_execute_interface/local/lib/python3.10/dist-packages/plan_execute_interface/plan_execute_interface_s__rosidl_typesupport_c.cpython-310-x86_64-linux-gnu.so
-- Up-to-date: /home/yh6917/ME495/src/hw3group-jengabells/install/plan_execute_interface/local/lib/python3.10/dist-packages/plan_execute_interface/libplan_execute_interface__rosidl_generator_py.so
Listing '/home/yh6917/ME495/src/hw3group-jengabells/install/plan_execute_interface/local/lib/python3.10/dist-packages/plan_execute_interface'...
Listing '/home/yh6917/ME495/src/hw3group-jengabells/install/plan_execute_interface/local/lib/python3.10/dist-packages/plan_execute_interface/srv'...
-- Up-to-date: /home/yh6917/ME495/src/hw3group-jengabells/install/plan_execute_interface/local/lib/python3.10/dist-packages/plan_execute_interface/plan_execute_interface_s__rosidl_typesupport_fastrtps_c.cpython-310-x86_64-linux-gnu.so
-- Up-to-date: /home/yh6917/ME495/src/hw3group-jengabells/install/plan_execute_interface/local/lib/python3.10/dist-packages/plan_execute_interface/plan_execute_interface_s__rosidl_typesupport_introspection_c.cpython-310-x86_64-linux-gnu.so
-- Up-to-date: /home/yh6917/ME495/src/hw3group-jengabells/install/plan_execute_interface/local/lib/python3.10/dist-packages/plan_execute_interface/plan_execute_interface_s__rosidl_typesupport_c.cpython-310-x86_64-linux-gnu.so
-- Up-to-date: /home/yh6917/ME495/src/hw3group-jengabells/install/plan_execute_interface/lib/libplan_execute_interface__rosidl_generator_py.so
-- Up-to-date: /home/yh6917/ME495/src/hw3group-jengabells/install/plan_execute_interface/share/plan_execute_interface/srv/GoHere.idl
-- Up-to-date: /home/yh6917/ME495/src/hw3group-jengabells/install/plan_execute_interface/share/plan_execute_interface/srv/Place.idl
-- Up-to-date: /home/yh6917/ME495/src/hw3group-jengabells/install/plan_execute_interface/share/plan_execute_interface/srv/GoHere.srv
-- Up-to-date: /home/yh6917/ME495/src/hw3group-jengabells/install/plan_execute_interface/share/plan_execute_interface/srv/GoHere_Request.msg
-- Up-to-date: /home/yh6917/ME495/src/hw3group-jengabells/install/plan_execute_interface/share/plan_execute_interface/srv/GoHere_Response.msg
-- Up-to-date: /home/yh6917/ME495/src/hw3group-jengabells/install/plan_execute_interface/share/plan_execute_interface/srv/Place.srv
-- Up-to-date: /home/yh6917/ME495/src/hw3group-jengabells/install/plan_execute_interface/share/plan_execute_interface/srv/Place_Request.msg
-- Up-to-date: /home/yh6917/ME495/src/hw3group-jengabells/install/plan_execute_interface/share/plan_execute_interface/srv/Place_Response.msg
-- Up-to-date: /home/yh6917/ME495/src/hw3group-jengabells/install/plan_execute_interface/share/ament_index/resource_index/package_run_dependencies/plan_execute_interface
-- Up-to-date: /home/yh6917/ME495/src/hw3group-jengabells/install/plan_execute_interface/share/ament_index/resource_index/parent_prefix_path/plan_execute_interface
-- Up-to-date: /home/yh6917/ME495/src/hw3group-jengabells/install/plan_execute_interface/share/plan_execute_interface/environment/ament_prefix_path.sh
-- Up-to-date: /home/yh6917/ME495/src/hw3group-jengabells/install/plan_execute_interface/share/plan_execute_interface/environment/ament_prefix_path.dsv
-- Up-to-date: /home/yh6917/ME495/src/hw3group-jengabells/install/plan_execute_interface/share/plan_execute_interface/environment/path.sh
-- Up-to-date: /home/yh6917/ME495/src/hw3group-jengabells/install/plan_execute_interface/share/plan_execute_interface/environment/path.dsv
-- Up-to-date: /home/yh6917/ME495/src/hw3group-jengabells/install/plan_execute_interface/share/plan_execute_interface/local_setup.bash
-- Up-to-date: /home/yh6917/ME495/src/hw3group-jengabells/install/plan_execute_interface/share/plan_execute_interface/local_setup.sh
-- Up-to-date: /home/yh6917/ME495/src/hw3group-jengabells/install/plan_execute_interface/share/plan_execute_interface/local_setup.zsh
-- Up-to-date: /home/yh6917/ME495/src/hw3group-jengabells/install/plan_execute_interface/share/plan_execute_interface/local_setup.dsv
-- Installing: /home/yh6917/ME495/src/hw3group-jengabells/install/plan_execute_interface/share/plan_execute_interface/package.dsv
-- Up-to-date: /home/yh6917/ME495/src/hw3group-jengabells/install/plan_execute_interface/share/ament_index/resource_index/packages/plan_execute_interface
-- Up-to-date: /home/yh6917/ME495/src/hw3group-jengabells/install/plan_execute_interface/share/plan_execute_interface/cmake/export_plan_execute_interface__rosidl_generator_cExport.cmake
-- Up-to-date: /home/yh6917/ME495/src/hw3group-jengabells/install/plan_execute_interface/share/plan_execute_interface/cmake/export_plan_execute_interface__rosidl_generator_cExport-noconfig.cmake
-- Up-to-date: /home/yh6917/ME495/src/hw3group-jengabells/install/plan_execute_interface/share/plan_execute_interface/cmake/export_plan_execute_interface__rosidl_typesupport_fastrtps_cExport.cmake
-- Up-to-date: /home/yh6917/ME495/src/hw3group-jengabells/install/plan_execute_interface/share/plan_execute_interface/cmake/export_plan_execute_interface__rosidl_typesupport_fastrtps_cExport-noconfig.cmake
-- Up-to-date: /home/yh6917/ME495/src/hw3group-jengabells/install/plan_execute_interface/share/plan_execute_interface/cmake/export_plan_execute_interface__rosidl_generator_cppExport.cmake
-- Up-to-date: /home/yh6917/ME495/src/hw3group-jengabells/install/plan_execute_interface/share/plan_execute_interface/cmake/export_plan_execute_interface__rosidl_typesupport_fastrtps_cppExport.cmake
-- Up-to-date: /home/yh6917/ME495/src/hw3group-jengabells/install/plan_execute_interface/share/plan_execute_interface/cmake/export_plan_execute_interface__rosidl_typesupport_fastrtps_cppExport-noconfig.cmake
-- Up-to-date: /home/yh6917/ME495/src/hw3group-jengabells/install/plan_execute_interface/share/plan_execute_interface/cmake/plan_execute_interface__rosidl_typesupport_introspection_cExport.cmake
-- Up-to-date: /home/yh6917/ME495/src/hw3group-jengabells/install/plan_execute_interface/share/plan_execute_interface/cmake/plan_execute_interface__rosidl_typesupport_introspection_cExport-noconfig.cmake
-- Up-to-date: /home/yh6917/ME495/src/hw3group-jengabells/install/plan_execute_interface/share/plan_execute_interface/cmake/plan_execute_interface__rosidl_typesupport_cExport.cmake
-- Up-to-date: /home/yh6917/ME495/src/hw3group-jengabells/install/plan_execute_interface/share/plan_execute_interface/cmake/plan_execute_interface__rosidl_typesupport_cExport-noconfig.cmake
-- Up-to-date: /home/yh6917/ME495/src/hw3group-jengabells/install/plan_execute_interface/share/plan_execute_interface/cmake/plan_execute_interface__rosidl_typesupport_introspection_cppExport.cmake
-- Up-to-date: /home/yh6917/ME495/src/hw3group-jengabells/install/plan_execute_interface/share/plan_execute_interface/cmake/plan_execute_interface__rosidl_typesupport_introspection_cppExport-noconfig.cmake
-- Up-to-date: /home/yh6917/ME495/src/hw3group-jengabells/install/plan_execute_interface/share/plan_execute_interface/cmake/plan_execute_interface__rosidl_typesupport_cppExport.cmake
-- Up-to-date: /home/yh6917/ME495/src/hw3group-jengabells/install/plan_execute_interface/share/plan_execute_interface/cmake/plan_execute_interface__rosidl_typesupport_cppExport-noconfig.cmake
-- Up-to-date: /home/yh6917/ME495/src/hw3group-jengabells/install/plan_execute_interface/share/plan_execute_interface/cmake/export_plan_execute_interface__rosidl_generator_pyExport.cmake
-- Up-to-date: /home/yh6917/ME495/src/hw3group-jengabells/install/plan_execute_interface/share/plan_execute_interface/cmake/export_plan_execute_interface__rosidl_generator_pyExport-noconfig.cmake
-- Up-to-date: /home/yh6917/ME495/src/hw3group-jengabells/install/plan_execute_interface/share/plan_execute_interface/cmake/rosidl_cmake-extras.cmake
-- Up-to-date: /home/yh6917/ME495/src/hw3group-jengabells/install/plan_execute_interface/share/plan_execute_interface/cmake/ament_cmake_export_dependencies-extras.cmake
-- Up-to-date: /home/yh6917/ME495/src/hw3group-jengabells/install/plan_execute_interface/share/plan_execute_interface/cmake/ament_cmake_export_include_directories-extras.cmake
-- Up-to-date: /home/yh6917/ME495/src/hw3group-jengabells/install/plan_execute_interface/share/plan_execute_interface/cmake/ament_cmake_export_libraries-extras.cmake
-- Up-to-date: /home/yh6917/ME495/src/hw3group-jengabells/install/plan_execute_interface/share/plan_execute_interface/cmake/ament_cmake_export_targets-extras.cmake
-- Up-to-date: /home/yh6917/ME495/src/hw3group-jengabells/install/plan_execute_interface/share/plan_execute_interface/cmake/rosidl_cmake_export_typesupport_targets-extras.cmake
-- Up-to-date: /home/yh6917/ME495/src/hw3group-jengabells/install/plan_execute_interface/share/plan_execute_interface/cmake/rosidl_cmake_export_typesupport_libraries-extras.cmake
-- Up-to-date: /home/yh6917/ME495/src/hw3group-jengabells/install/plan_execute_interface/share/plan_execute_interface/cmake/plan_execute_interfaceConfig.cmake
-- Up-to-date: /home/yh6917/ME495/src/hw3group-jengabells/install/plan_execute_interface/share/plan_execute_interface/cmake/plan_execute_interfaceConfig-version.cmake
-- Up-to-date: /home/yh6917/ME495/src/hw3group-jengabells/install/plan_execute_interface/share/plan_execute_interface/package.xml
