[1.212s] Invoking command in '/home/yh6917/ME495/src/hw3group-jengabells/camera': PYTHONPATH=/home/yh6917/ME495/src/hw3group-jengabells/install/camera/lib/python3.10/site-packages:${PYTHONPATH} /usr/bin/python3 setup.py egg_info --egg-base ../build/camera build --build-base /home/yh6917/ME495/src/hw3group-jengabells/build/camera/build install --prefix /home/yh6917/ME495/src/hw3group-jengabells/install/camera --record /home/yh6917/ME495/src/hw3group-jengabells/build/camera/install.log --single-version-externally-managed
[1.590s] running egg_info
[1.591s] writing ../build/camera/camera.egg-info/PKG-INFO
[1.591s] writing dependency_links to ../build/camera/camera.egg-info/dependency_links.txt
[1.592s] writing entry points to ../build/camera/camera.egg-info/entry_points.txt
[1.593s] writing requirements to ../build/camera/camera.egg-info/requires.txt
[1.593s] writing top-level names to ../build/camera/camera.egg-info/top_level.txt
[1.595s] reading manifest file '../build/camera/camera.egg-info/SOURCES.txt'
[1.596s] writing manifest file '../build/camera/camera.egg-info/SOURCES.txt'
[1.596s] running build
[1.596s] running build_py
[1.596s] copying camera/realsense.py -> /home/yh6917/ME495/src/hw3group-jengabells/build/camera/build/lib/camera
[1.597s] running install
[1.597s] running install_lib
[1.599s] copying /home/yh6917/ME495/src/hw3group-jengabells/build/camera/build/lib/camera/realsense.py -> /home/yh6917/ME495/src/hw3group-jengabells/install/camera/lib/python3.10/site-packages/camera
[1.600s] byte-compiling /home/yh6917/ME495/src/hw3group-jengabells/install/camera/lib/python3.10/site-packages/camera/realsense.py to realsense.cpython-310.pyc
[1.603s] running install_data
[1.604s] copying model/keras_model.h5 -> /home/yh6917/ME495/src/hw3group-jengabells/install/camera/share/camera
[1.607s] copying model/labels.txt -> /home/yh6917/ME495/src/hw3group-jengabells/install/camera/share/camera
[1.608s] running install_egg_info
[1.610s] removing '/home/yh6917/ME495/src/hw3group-jengabells/install/camera/lib/python3.10/site-packages/camera-0.0.0-py3.10.egg-info' (and everything under it)
[1.610s] Copying ../build/camera/camera.egg-info to /home/yh6917/ME495/src/hw3group-jengabells/install/camera/lib/python3.10/site-packages/camera-0.0.0-py3.10.egg-info
[1.611s] running install_scripts
[1.635s] Installing broadcast script to /home/yh6917/ME495/src/hw3group-jengabells/install/camera/lib/camera
[1.635s] Installing cali script to /home/yh6917/ME495/src/hw3group-jengabells/install/camera/lib/camera
[1.635s] Installing cam script to /home/yh6917/ME495/src/hw3group-jengabells/install/camera/lib/camera
[1.636s] writing list of installed files to '/home/yh6917/ME495/src/hw3group-jengabells/build/camera/install.log'
[1.677s] Invoked command in '/home/yh6917/ME495/src/hw3group-jengabells/camera' returned '0': PYTHONPATH=/home/yh6917/ME495/src/hw3group-jengabells/install/camera/lib/python3.10/site-packages:${PYTHONPATH} /usr/bin/python3 setup.py egg_info --egg-base ../build/camera build --build-base /home/yh6917/ME495/src/hw3group-jengabells/build/camera/build install --prefix /home/yh6917/ME495/src/hw3group-jengabells/install/camera --record /home/yh6917/ME495/src/hw3group-jengabells/build/camera/install.log --single-version-externally-managed
