[0.163s] DEBUG:colcon:Command line arguments: ['/usr/bin/colcon', 'build']
[0.163s] DEBUG:colcon:Parsed command line arguments: Namespace(log_base=None, log_level=None, verb_name='build', build_base='build', install_base='install', merge_install=False, symlink_install=False, test_result_base=None, continue_on_error=False, executor='parallel', parallel_workers=8, event_handlers=None, ignore_user_meta=False, metas=['./colcon.meta'], base_paths=['.'], packages_ignore=None, packages_ignore_regex=None, paths=None, packages_up_to=None, packages_up_to_regex=None, packages_above=None, packages_above_and_dependencies=None, packages_above_depth=None, packages_select_by_dep=None, packages_skip_by_dep=None, packages_skip_up_to=None, packages_select_build_failed=False, packages_skip_build_finished=False, packages_select_test_failures=False, packages_skip_test_passed=False, packages_select=None, packages_skip=None, packages_select_regex=None, packages_skip_regex=None, packages_start=None, packages_end=None, allow_overriding=[], cmake_args=None, cmake_target=None, cmake_target_skip_unavailable=False, cmake_clean_cache=False, cmake_clean_first=False, cmake_force_configure=False, ament_cmake_args=None, catkin_cmake_args=None, catkin_skip_building_tests=False, mixin_files=None, mixin=None, verb_parser=<colcon_mixin.mixin.mixin_argument.MixinArgumentDecorator object at 0x7f0f5984e830>, verb_extension=<colcon_core.verb.build.BuildVerb object at 0x7f0f5984e1a0>, main=<bound method BuildVerb.main of <colcon_core.verb.build.BuildVerb object at 0x7f0f5984e1a0>>, mixin_verb=('build',))
[0.190s] Level 1:colcon.colcon_core.package_discovery:discover_packages(colcon_meta) check parameters
[0.191s] Level 1:colcon.colcon_core.package_discovery:discover_packages(recursive) check parameters
[0.191s] Level 1:colcon.colcon_core.package_discovery:discover_packages(ignore) check parameters
[0.191s] Level 1:colcon.colcon_core.package_discovery:discover_packages(path) check parameters
[0.191s] Level 1:colcon.colcon_core.package_discovery:discover_packages(colcon_meta) discover
[0.191s] Level 1:colcon.colcon_core.package_discovery:discover_packages(recursive) discover
[0.191s] INFO:colcon.colcon_core.package_discovery:Crawling recursively for packages in '/home/yh6917/ME495/src/hw3group-jengabells'
[0.191s] Level 1:colcon.colcon_core.package_identification:_identify(.) by extensions ['ignore', 'ignore_ament_install']
[0.191s] Level 1:colcon.colcon_core.package_identification:_identify(.) by extension 'ignore'
[0.191s] Level 1:colcon.colcon_core.package_identification:_identify(.) by extension 'ignore_ament_install'
[0.191s] Level 1:colcon.colcon_core.package_identification:_identify(.) by extensions ['colcon_pkg']
[0.191s] Level 1:colcon.colcon_core.package_identification:_identify(.) by extension 'colcon_pkg'
[0.191s] Level 1:colcon.colcon_core.package_identification:_identify(.) by extensions ['colcon_meta']
[0.191s] Level 1:colcon.colcon_core.package_identification:_identify(.) by extension 'colcon_meta'
[0.191s] Level 1:colcon.colcon_core.package_identification:_identify(.) by extensions ['ros']
[0.191s] Level 1:colcon.colcon_core.package_identification:_identify(.) by extension 'ros'
[0.201s] Level 1:colcon.colcon_core.package_identification:_identify(.) by extensions ['cmake', 'python']
[0.201s] Level 1:colcon.colcon_core.package_identification:_identify(.) by extension 'cmake'
[0.201s] Level 1:colcon.colcon_core.package_identification:_identify(.) by extension 'python'
[0.201s] Level 1:colcon.colcon_core.package_identification:_identify(.) by extensions ['python_setup_py']
[0.201s] Level 1:colcon.colcon_core.package_identification:_identify(.) by extension 'python_setup_py'
[0.201s] Level 1:colcon.colcon_core.package_identification:_identify(build) by extensions ['ignore', 'ignore_ament_install']
[0.201s] Level 1:colcon.colcon_core.package_identification:_identify(build) by extension 'ignore'
[0.201s] Level 1:colcon.colcon_core.package_identification:_identify(build) ignored
[0.202s] Level 1:colcon.colcon_core.package_identification:_identify(install) by extensions ['ignore', 'ignore_ament_install']
[0.202s] Level 1:colcon.colcon_core.package_identification:_identify(install) by extension 'ignore'
[0.202s] Level 1:colcon.colcon_core.package_identification:_identify(install) ignored
[0.202s] Level 1:colcon.colcon_core.package_identification:_identify(log) by extensions ['ignore', 'ignore_ament_install']
[0.202s] Level 1:colcon.colcon_core.package_identification:_identify(log) by extension 'ignore'
[0.202s] Level 1:colcon.colcon_core.package_identification:_identify(log) ignored
[0.202s] Level 1:colcon.colcon_core.package_identification:_identify(plan_execute) by extensions ['ignore', 'ignore_ament_install']
[0.202s] Level 1:colcon.colcon_core.package_identification:_identify(plan_execute) by extension 'ignore'
[0.202s] Level 1:colcon.colcon_core.package_identification:_identify(plan_execute) by extension 'ignore_ament_install'
[0.202s] Level 1:colcon.colcon_core.package_identification:_identify(plan_execute) by extensions ['colcon_pkg']
[0.202s] Level 1:colcon.colcon_core.package_identification:_identify(plan_execute) by extension 'colcon_pkg'
[0.202s] Level 1:colcon.colcon_core.package_identification:_identify(plan_execute) by extensions ['colcon_meta']
[0.202s] Level 1:colcon.colcon_core.package_identification:_identify(plan_execute) by extension 'colcon_meta'
[0.202s] Level 1:colcon.colcon_core.package_identification:_identify(plan_execute) by extensions ['ros']
[0.202s] Level 1:colcon.colcon_core.package_identification:_identify(plan_execute) by extension 'ros'
[0.204s] DEBUG:colcon.colcon_core.package_identification:Package 'plan_execute' with type 'ros.ament_python' and name 'plan_execute'
[0.204s] Level 1:colcon.colcon_core.package_discovery:discover_packages(recursive) using defaults
[0.204s] Level 1:colcon.colcon_core.package_discovery:discover_packages(ignore) discover
[0.204s] Level 1:colcon.colcon_core.package_discovery:discover_packages(ignore) using defaults
[0.204s] Level 1:colcon.colcon_core.package_discovery:discover_packages(path) discover
[0.204s] Level 1:colcon.colcon_core.package_discovery:discover_packages(path) using defaults
[0.229s] Level 1:colcon.colcon_core.package_discovery:discover_packages(prefix_path) check parameters
[0.229s] Level 1:colcon.colcon_core.package_discovery:discover_packages(prefix_path) discover
[0.232s] DEBUG:colcon.colcon_installed_package_information.package_discovery:Found 2 installed packages in /home/yh6917/ME495/src/homework3-hang-yin/install
[0.233s] DEBUG:colcon.colcon_installed_package_information.package_discovery:Found 41 installed packages in /home/yh6917/nuws/install
[0.235s] DEBUG:colcon.colcon_installed_package_information.package_discovery:Found 403 installed packages in /opt/ros/humble
[0.237s] Level 1:colcon.colcon_core.package_discovery:discover_packages(prefix_path) using defaults
[0.302s] Level 5:colcon.colcon_core.verb:set package 'plan_execute' build argument 'cmake_args' from command line to 'None'
[0.302s] Level 5:colcon.colcon_core.verb:set package 'plan_execute' build argument 'cmake_target' from command line to 'None'
[0.302s] Level 5:colcon.colcon_core.verb:set package 'plan_execute' build argument 'cmake_target_skip_unavailable' from command line to 'False'
[0.302s] Level 5:colcon.colcon_core.verb:set package 'plan_execute' build argument 'cmake_clean_cache' from command line to 'False'
[0.302s] Level 5:colcon.colcon_core.verb:set package 'plan_execute' build argument 'cmake_clean_first' from command line to 'False'
[0.302s] Level 5:colcon.colcon_core.verb:set package 'plan_execute' build argument 'cmake_force_configure' from command line to 'False'
[0.302s] Level 5:colcon.colcon_core.verb:set package 'plan_execute' build argument 'ament_cmake_args' from command line to 'None'
[0.302s] Level 5:colcon.colcon_core.verb:set package 'plan_execute' build argument 'catkin_cmake_args' from command line to 'None'
[0.302s] Level 5:colcon.colcon_core.verb:set package 'plan_execute' build argument 'catkin_skip_building_tests' from command line to 'False'
[0.303s] DEBUG:colcon.colcon_core.verb:Building package 'plan_execute' with the following arguments: {'ament_cmake_args': None, 'build_base': '/home/yh6917/ME495/src/hw3group-jengabells/build/plan_execute', 'catkin_cmake_args': None, 'catkin_skip_building_tests': False, 'cmake_args': None, 'cmake_clean_cache': False, 'cmake_clean_first': False, 'cmake_force_configure': False, 'cmake_target': None, 'cmake_target_skip_unavailable': False, 'install_base': '/home/yh6917/ME495/src/hw3group-jengabells/install/plan_execute', 'merge_install': False, 'path': '/home/yh6917/ME495/src/hw3group-jengabells/plan_execute', 'symlink_install': False, 'test_result_base': None}
[0.303s] INFO:colcon.colcon_core.executor:Executing jobs using 'parallel' executor
[0.307s] DEBUG:colcon.colcon_parallel_executor.executor.parallel:run_until_complete
[0.308s] INFO:colcon.colcon_ros.task.ament_python.build:Building ROS package in '/home/yh6917/ME495/src/hw3group-jengabells/plan_execute' with build type 'ament_python'
[0.308s] Level 1:colcon.colcon_core.shell:create_environment_hook('plan_execute', 'ament_prefix_path')
[0.313s] INFO:colcon.colcon_core.plugin_system:Skipping extension 'colcon_core.shell.bat': Not used on non-Windows systems
[0.313s] INFO:colcon.colcon_core.shell:Creating environment hook '/home/yh6917/ME495/src/hw3group-jengabells/install/plan_execute/share/plan_execute/hook/ament_prefix_path.ps1'
[0.313s] INFO:colcon.colcon_core.shell:Creating environment descriptor '/home/yh6917/ME495/src/hw3group-jengabells/install/plan_execute/share/plan_execute/hook/ament_prefix_path.dsv'
[0.314s] INFO:colcon.colcon_core.shell:Creating environment hook '/home/yh6917/ME495/src/hw3group-jengabells/install/plan_execute/share/plan_execute/hook/ament_prefix_path.sh'
[0.315s] INFO:colcon.colcon_core.shell:Skip shell extension 'powershell' for command environment: Not usable outside of PowerShell
[0.315s] DEBUG:colcon.colcon_core.shell:Skip shell extension 'dsv' for command environment
[0.572s] INFO:colcon.colcon_core.task.python.build:Building Python package in '/home/yh6917/ME495/src/hw3group-jengabells/plan_execute'
[0.573s] INFO:colcon.colcon_core.shell:Skip shell extension 'powershell' for command environment: Not usable outside of PowerShell
[0.574s] DEBUG:colcon.colcon_core.shell:Skip shell extension 'dsv' for command environment
[0.933s] DEBUG:colcon.colcon_core.event_handler.log_command:Invoking command in '/home/yh6917/ME495/src/hw3group-jengabells/plan_execute': PYTHONPATH=/home/yh6917/ME495/src/hw3group-jengabells/install/plan_execute/lib/python3.10/site-packages:${PYTHONPATH} /usr/bin/python3 setup.py egg_info --egg-base ../build/plan_execute build --build-base /home/yh6917/ME495/src/hw3group-jengabells/build/plan_execute/build install --prefix /home/yh6917/ME495/src/hw3group-jengabells/install/plan_execute --record /home/yh6917/ME495/src/hw3group-jengabells/build/plan_execute/install.log --single-version-externally-managed
[1.231s] DEBUG:colcon.colcon_core.event_handler.log_command:Invoked command in '/home/yh6917/ME495/src/hw3group-jengabells/plan_execute' returned '0': PYTHONPATH=/home/yh6917/ME495/src/hw3group-jengabells/install/plan_execute/lib/python3.10/site-packages:${PYTHONPATH} /usr/bin/python3 setup.py egg_info --egg-base ../build/plan_execute build --build-base /home/yh6917/ME495/src/hw3group-jengabells/build/plan_execute/build install --prefix /home/yh6917/ME495/src/hw3group-jengabells/install/plan_execute --record /home/yh6917/ME495/src/hw3group-jengabells/build/plan_execute/install.log --single-version-externally-managed
[1.234s] Level 1:colcon.colcon_core.environment:checking '/home/yh6917/ME495/src/hw3group-jengabells/install/plan_execute' for CMake module files
[1.234s] Level 1:colcon.colcon_core.environment:checking '/home/yh6917/ME495/src/hw3group-jengabells/install/plan_execute' for CMake config files
[1.235s] Level 1:colcon.colcon_core.environment:checking '/home/yh6917/ME495/src/hw3group-jengabells/install/plan_execute/lib'
[1.235s] Level 1:colcon.colcon_core.environment:checking '/home/yh6917/ME495/src/hw3group-jengabells/install/plan_execute/bin'
[1.235s] Level 1:colcon.colcon_core.environment:checking '/home/yh6917/ME495/src/hw3group-jengabells/install/plan_execute/lib/pkgconfig/plan_execute.pc'
[1.235s] Level 1:colcon.colcon_core.environment:checking '/home/yh6917/ME495/src/hw3group-jengabells/install/plan_execute/lib/python3.10/site-packages'
[1.235s] Level 1:colcon.colcon_core.shell:create_environment_hook('plan_execute', 'pythonpath')
[1.236s] INFO:colcon.colcon_core.shell:Creating environment hook '/home/yh6917/ME495/src/hw3group-jengabells/install/plan_execute/share/plan_execute/hook/pythonpath.ps1'
[1.237s] INFO:colcon.colcon_core.shell:Creating environment descriptor '/home/yh6917/ME495/src/hw3group-jengabells/install/plan_execute/share/plan_execute/hook/pythonpath.dsv'
[1.237s] INFO:colcon.colcon_core.shell:Creating environment hook '/home/yh6917/ME495/src/hw3group-jengabells/install/plan_execute/share/plan_execute/hook/pythonpath.sh'
[1.237s] Level 1:colcon.colcon_core.environment:checking '/home/yh6917/ME495/src/hw3group-jengabells/install/plan_execute/bin'
[1.237s] Level 1:colcon.colcon_core.environment:create_environment_scripts_only(plan_execute)
[1.239s] INFO:colcon.colcon_core.shell:Creating package script '/home/yh6917/ME495/src/hw3group-jengabells/install/plan_execute/share/plan_execute/package.ps1'
[1.240s] INFO:colcon.colcon_core.shell:Creating package descriptor '/home/yh6917/ME495/src/hw3group-jengabells/install/plan_execute/share/plan_execute/package.dsv'
[1.241s] INFO:colcon.colcon_core.shell:Creating package script '/home/yh6917/ME495/src/hw3group-jengabells/install/plan_execute/share/plan_execute/package.sh'
[1.242s] INFO:colcon.colcon_core.shell:Creating package script '/home/yh6917/ME495/src/hw3group-jengabells/install/plan_execute/share/plan_execute/package.bash'
[1.242s] INFO:colcon.colcon_core.shell:Creating package script '/home/yh6917/ME495/src/hw3group-jengabells/install/plan_execute/share/plan_execute/package.zsh'
[1.243s] Level 1:colcon.colcon_core.environment:create_file_with_runtime_dependencies(/home/yh6917/ME495/src/hw3group-jengabells/install/plan_execute/share/colcon-core/packages/plan_execute)
[1.243s] DEBUG:colcon.colcon_parallel_executor.executor.parallel:closing loop
[1.243s] DEBUG:colcon.colcon_parallel_executor.executor.parallel:loop closed
[1.243s] DEBUG:colcon.colcon_parallel_executor.executor.parallel:run_until_complete finished with '0'
[1.243s] DEBUG:colcon.colcon_core.event_reactor:joining thread
[1.249s] INFO:colcon.colcon_core.plugin_system:Skipping extension 'colcon_notification.desktop_notification.terminal_notifier': Not used on non-Darwin systems
[1.249s] INFO:colcon.colcon_core.plugin_system:Skipping extension 'colcon_notification.desktop_notification.win32': Not used on non-Windows systems
[1.249s] INFO:colcon.colcon_notification.desktop_notification:Sending desktop notification using 'notify2'
[1.264s] DEBUG:colcon.colcon_core.event_reactor:joined thread
[1.267s] INFO:colcon.colcon_core.shell:Creating prefix script '/home/yh6917/ME495/src/hw3group-jengabells/install/local_setup.ps1'
[1.268s] INFO:colcon.colcon_core.shell:Creating prefix util module '/home/yh6917/ME495/src/hw3group-jengabells/install/_local_setup_util_ps1.py'
[1.270s] INFO:colcon.colcon_core.shell:Creating prefix chain script '/home/yh6917/ME495/src/hw3group-jengabells/install/setup.ps1'
[1.271s] INFO:colcon.colcon_core.shell:Creating prefix script '/home/yh6917/ME495/src/hw3group-jengabells/install/local_setup.sh'
[1.272s] INFO:colcon.colcon_core.shell:Creating prefix util module '/home/yh6917/ME495/src/hw3group-jengabells/install/_local_setup_util_sh.py'
[1.273s] INFO:colcon.colcon_core.shell:Creating prefix chain script '/home/yh6917/ME495/src/hw3group-jengabells/install/setup.sh'
[1.274s] INFO:colcon.colcon_core.shell:Creating prefix script '/home/yh6917/ME495/src/hw3group-jengabells/install/local_setup.bash'
[1.275s] INFO:colcon.colcon_core.shell:Creating prefix chain script '/home/yh6917/ME495/src/hw3group-jengabells/install/setup.bash'
[1.276s] INFO:colcon.colcon_core.shell:Creating prefix script '/home/yh6917/ME495/src/hw3group-jengabells/install/local_setup.zsh'
[1.277s] INFO:colcon.colcon_core.shell:Creating prefix chain script '/home/yh6917/ME495/src/hw3group-jengabells/install/setup.zsh'
