running egg_info
writing ../build/camera/camera.egg-info/PKG-INFO
writing dependency_links to ../build/camera/camera.egg-info/dependency_links.txt
writing entry points to ../build/camera/camera.egg-info/entry_points.txt
writing requirements to ../build/camera/camera.egg-info/requires.txt
writing top-level names to ../build/camera/camera.egg-info/top_level.txt
reading manifest file '../build/camera/camera.egg-info/SOURCES.txt'
writing manifest file '../build/camera/camera.egg-info/SOURCES.txt'
running build
running build_py
running install
running install_lib
running install_data
copying model/keras_model.h5 -> /home/yh6917/ME495/src/hw3group-jengabells/install/camera/share/camera
copying model/labels.txt -> /home/yh6917/ME495/src/hw3group-jengabells/install/camera/share/camera
running install_egg_info
removing '/home/yh6917/ME495/src/hw3group-jengabells/install/camera/lib/python3.10/site-packages/camera-0.0.0-py3.10.egg-info' (and everything under it)
Copying ../build/camera/camera.egg-info to /home/yh6917/ME495/src/hw3group-jengabells/install/camera/lib/python3.10/site-packages/camera-0.0.0-py3.10.egg-info
running install_scripts
Installing broadcast script to /home/yh6917/ME495/src/hw3group-jengabells/install/camera/lib/camera
Installing cali script to /home/yh6917/ME495/src/hw3group-jengabells/install/camera/lib/camera
Installing cam script to /home/yh6917/ME495/src/hw3group-jengabells/install/camera/lib/camera
writing list of installed files to '/home/yh6917/ME495/src/hw3group-jengabells/build/camera/install.log'
