[1.115s] Invoking command in '/home/yh6917/ME495/src/hw3group-jengabells/camera': PYTHONPATH=/home/yh6917/ME495/src/hw3group-jengabells/install/camera/lib/python3.10/site-packages:${PYTHONPATH} /usr/bin/python3 setup.py egg_info --egg-base ../build/camera build --build-base /home/yh6917/ME495/src/hw3group-jengabells/build/camera/build install --prefix /home/yh6917/ME495/src/hw3group-jengabells/install/camera --record /home/yh6917/ME495/src/hw3group-jengabells/build/camera/install.log --single-version-externally-managed
[1.495s] running egg_info
[1.500s] writing ../build/camera/camera.egg-info/PKG-INFO
[1.500s] writing dependency_links to ../build/camera/camera.egg-info/dependency_links.txt
[1.503s] writing entry points to ../build/camera/camera.egg-info/entry_points.txt
[1.503s] writing requirements to ../build/camera/camera.egg-info/requires.txt
[1.503s] writing top-level names to ../build/camera/camera.egg-info/top_level.txt
[1.503s] reading manifest file '../build/camera/camera.egg-info/SOURCES.txt'
[1.503s] writing manifest file '../build/camera/camera.egg-info/SOURCES.txt'
[1.504s] running build
[1.504s] running build_py
[1.504s] running install
[1.507s] running install_lib
[1.507s] running install_data
[1.507s] copying model/keras_model.h5 -> /home/yh6917/ME495/src/hw3group-jengabells/install/camera/share/camera
[1.514s] copying model/labels.txt -> /home/yh6917/ME495/src/hw3group-jengabells/install/camera/share/camera
[1.515s] running install_egg_info
[1.516s] removing '/home/yh6917/ME495/src/hw3group-jengabells/install/camera/lib/python3.10/site-packages/camera-0.0.0-py3.10.egg-info' (and everything under it)
[1.516s] Copying ../build/camera/camera.egg-info to /home/yh6917/ME495/src/hw3group-jengabells/install/camera/lib/python3.10/site-packages/camera-0.0.0-py3.10.egg-info
[1.522s] running install_scripts
[1.549s] Installing broadcast script to /home/yh6917/ME495/src/hw3group-jengabells/install/camera/lib/camera
[1.549s] Installing cali script to /home/yh6917/ME495/src/hw3group-jengabells/install/camera/lib/camera
[1.549s] Installing cam script to /home/yh6917/ME495/src/hw3group-jengabells/install/camera/lib/camera
[1.549s] writing list of installed files to '/home/yh6917/ME495/src/hw3group-jengabells/build/camera/install.log'
[1.585s] Invoked command in '/home/yh6917/ME495/src/hw3group-jengabells/camera' returned '0': PYTHONPATH=/home/yh6917/ME495/src/hw3group-jengabells/install/camera/lib/python3.10/site-packages:${PYTHONPATH} /usr/bin/python3 setup.py egg_info --egg-base ../build/camera build --build-base /home/yh6917/ME495/src/hw3group-jengabells/build/camera/build install --prefix /home/yh6917/ME495/src/hw3group-jengabells/install/camera --record /home/yh6917/ME495/src/hw3group-jengabells/build/camera/install.log --single-version-externally-managed
