[0.528s] Invoking command in '/home/yh6917/ME495/src/hw3group-jengabells/build/plan_execute_interface': CMAKE_PREFIX_PATH=${CMAKE_PREFIX_PATH}:/home/yh6917/ME495/src/hw3group-jengabells/install/camera:/home/yh6917/ME495/src/hw3group-jengabells/install/plan_execute:/opt/ros/humble /usr/bin/cmake --build /home/yh6917/ME495/src/hw3group-jengabells/build/plan_execute_interface -- -j8 -l8
[0.576s] [  2%] Built target plan_execute_interface__cpp
[0.577s] [ 12%] Built target plan_execute_interface__rosidl_generator_c
[0.604s] [ 12%] Built target ament_cmake_python_copy_plan_execute_interface
[0.614s] [ 23%] Built target plan_execute_interface__rosidl_typesupport_cpp
[0.617s] [ 33%] Built target plan_execute_interface__rosidl_typesupport_introspection_cpp
[0.617s] [ 43%] Built target plan_execute_interface__rosidl_typesupport_fastrtps_c
[0.619s] [ 53%] Built target plan_execute_interface__rosidl_typesupport_fastrtps_cpp
[0.621s] [ 64%] Built target plan_execute_interface__rosidl_typesupport_c
[0.625s] [ 74%] Built target plan_execute_interface__rosidl_typesupport_introspection_c
[0.645s] [ 74%] Built target plan_execute_interface
[0.667s] [ 76%] Built target plan_execute_interface__py
[0.690s] [ 84%] Built target plan_execute_interface__rosidl_generator_py
[0.722s] [ 94%] Built target plan_execute_interface__rosidl_typesupport_c__pyext
[0.722s] [ 94%] Built target plan_execute_interface__rosidl_typesupport_introspection_c__pyext
[0.723s] [100%] Built target plan_execute_interface__rosidl_typesupport_fastrtps_c__pyext
[0.950s] running egg_info
[0.951s] writing plan_execute_interface.egg-info/PKG-INFO
[0.951s] writing dependency_links to plan_execute_interface.egg-info/dependency_links.txt
[0.951s] writing top-level names to plan_execute_interface.egg-info/top_level.txt
[0.954s] reading manifest file 'plan_execute_interface.egg-info/SOURCES.txt'
[0.955s] writing manifest file 'plan_execute_interface.egg-info/SOURCES.txt'
[0.983s] [100%] Built target ament_cmake_python_build_plan_execute_interface_egg
[0.994s] Invoked command in '/home/yh6917/ME495/src/hw3group-jengabells/build/plan_execute_interface' returned '0': CMAKE_PREFIX_PATH=${CMAKE_PREFIX_PATH}:/home/yh6917/ME495/src/hw3group-jengabells/install/camera:/home/yh6917/ME495/src/hw3group-jengabells/install/plan_execute:/opt/ros/humble /usr/bin/cmake --build /home/yh6917/ME495/src/hw3group-jengabells/build/plan_execute_interface -- -j8 -l8
[1.078s] Invoking command in '/home/yh6917/ME495/src/hw3group-jengabells/build/plan_execute_interface': CMAKE_PREFIX_PATH=${CMAKE_PREFIX_PATH}:/home/yh6917/ME495/src/hw3group-jengabells/install/camera:/home/yh6917/ME495/src/hw3group-jengabells/install/plan_execute:/opt/ros/humble /usr/bin/cmake --install /home/yh6917/ME495/src/hw3group-jengabells/build/plan_execute_interface
[1.087s] -- Install configuration: ""
[1.087s] -- Up-to-date: /home/yh6917/ME495/src/hw3group-jengabells/install/plan_execute_interface/share/ament_index/resource_index/rosidl_interfaces/plan_execute_interface
[1.087s] -- Up-to-date: /home/yh6917/ME495/src/hw3group-jengabells/install/plan_execute_interface/include/plan_execute_interface/plan_execute_interface
[1.087s] -- Up-to-date: /home/yh6917/ME495/src/hw3group-jengabells/install/plan_execute_interface/include/plan_execute_interface/plan_execute_interface/srv
[1.087s] -- Up-to-date: /home/yh6917/ME495/src/hw3group-jengabells/install/plan_execute_interface/include/plan_execute_interface/plan_execute_interface/srv/go_here.h
[1.087s] -- Up-to-date: /home/yh6917/ME495/src/hw3group-jengabells/install/plan_execute_interface/include/plan_execute_interface/plan_execute_interface/srv/place.h
[1.087s] -- Up-to-date: /home/yh6917/ME495/src/hw3group-jengabells/install/plan_execute_interface/include/plan_execute_interface/plan_execute_interface/srv/detail
[1.087s] -- Up-to-date: /home/yh6917/ME495/src/hw3group-jengabells/install/plan_execute_interface/include/plan_execute_interface/plan_execute_interface/srv/detail/go_here__struct.h
[1.087s] -- Up-to-date: /home/yh6917/ME495/src/hw3group-jengabells/install/plan_execute_interface/include/plan_execute_interface/plan_execute_interface/srv/detail/place__type_support.h
[1.088s] -- Up-to-date: /home/yh6917/ME495/src/hw3group-jengabells/install/plan_execute_interface/include/plan_execute_interface/plan_execute_interface/srv/detail/place__functions.c
[1.088s] -- Up-to-date: /home/yh6917/ME495/src/hw3group-jengabells/install/plan_execute_interface/include/plan_execute_interface/plan_execute_interface/srv/detail/go_here__functions.h
[1.089s] -- Up-to-date: /home/yh6917/ME495/src/hw3group-jengabells/install/plan_execute_interface/include/plan_execute_interface/plan_execute_interface/srv/detail/go_here__type_support.h
[1.089s] -- Up-to-date: /home/yh6917/ME495/src/hw3group-jengabells/install/plan_execute_interface/include/plan_execute_interface/plan_execute_interface/srv/detail/place__struct.h
[1.089s] -- Up-to-date: /home/yh6917/ME495/src/hw3group-jengabells/install/plan_execute_interface/include/plan_execute_interface/plan_execute_interface/srv/detail/go_here__functions.c
[1.089s] -- Up-to-date: /home/yh6917/ME495/src/hw3group-jengabells/install/plan_execute_interface/include/plan_execute_interface/plan_execute_interface/srv/detail/place__functions.h
[1.089s] -- Up-to-date: /home/yh6917/ME495/src/hw3group-jengabells/install/plan_execute_interface/include/plan_execute_interface/plan_execute_interface/msg
[1.089s] -- Up-to-date: /home/yh6917/ME495/src/hw3group-jengabells/install/plan_execute_interface/include/plan_execute_interface/plan_execute_interface/msg/rosidl_generator_c__visibility_control.h
[1.090s] -- Up-to-date: /home/yh6917/ME495/src/hw3group-jengabells/install/plan_execute_interface/share/plan_execute_interface/environment/library_path.sh
[1.090s] -- Up-to-date: /home/yh6917/ME495/src/hw3group-jengabells/install/plan_execute_interface/share/plan_execute_interface/environment/library_path.dsv
[1.090s] -- Up-to-date: /home/yh6917/ME495/src/hw3group-jengabells/install/plan_execute_interface/lib/libplan_execute_interface__rosidl_generator_c.so
[1.090s] -- Up-to-date: /home/yh6917/ME495/src/hw3group-jengabells/install/plan_execute_interface/include/plan_execute_interface/plan_execute_interface
[1.090s] -- Up-to-date: /home/yh6917/ME495/src/hw3group-jengabells/install/plan_execute_interface/include/plan_execute_interface/plan_execute_interface/srv
[1.090s] -- Up-to-date: /home/yh6917/ME495/src/hw3group-jengabells/install/plan_execute_interface/include/plan_execute_interface/plan_execute_interface/srv/detail
[1.090s] -- Up-to-date: /home/yh6917/ME495/src/hw3group-jengabells/install/plan_execute_interface/include/plan_execute_interface/plan_execute_interface/srv/detail/go_here__rosidl_typesupport_fastrtps_c.h
[1.091s] -- Up-to-date: /home/yh6917/ME495/src/hw3group-jengabells/install/plan_execute_interface/include/plan_execute_interface/plan_execute_interface/srv/detail/place__rosidl_typesupport_fastrtps_c.h
[1.091s] -- Up-to-date: /home/yh6917/ME495/src/hw3group-jengabells/install/plan_execute_interface/include/plan_execute_interface/plan_execute_interface/msg
[1.091s] -- Up-to-date: /home/yh6917/ME495/src/hw3group-jengabells/install/plan_execute_interface/include/plan_execute_interface/plan_execute_interface/msg/rosidl_typesupport_fastrtps_c__visibility_control.h
[1.091s] -- Up-to-date: /home/yh6917/ME495/src/hw3group-jengabells/install/plan_execute_interface/lib/libplan_execute_interface__rosidl_typesupport_fastrtps_c.so
[1.091s] -- Up-to-date: /home/yh6917/ME495/src/hw3group-jengabells/install/plan_execute_interface/include/plan_execute_interface/plan_execute_interface
[1.091s] -- Up-to-date: /home/yh6917/ME495/src/hw3group-jengabells/install/plan_execute_interface/include/plan_execute_interface/plan_execute_interface/srv
[1.091s] -- Up-to-date: /home/yh6917/ME495/src/hw3group-jengabells/install/plan_execute_interface/include/plan_execute_interface/plan_execute_interface/srv/place.hpp
[1.091s] -- Up-to-date: /home/yh6917/ME495/src/hw3group-jengabells/install/plan_execute_interface/include/plan_execute_interface/plan_execute_interface/srv/detail
[1.092s] -- Up-to-date: /home/yh6917/ME495/src/hw3group-jengabells/install/plan_execute_interface/include/plan_execute_interface/plan_execute_interface/srv/detail/go_here__traits.hpp
[1.092s] -- Up-to-date: /home/yh6917/ME495/src/hw3group-jengabells/install/plan_execute_interface/include/plan_execute_interface/plan_execute_interface/srv/detail/go_here__builder.hpp
[1.092s] -- Up-to-date: /home/yh6917/ME495/src/hw3group-jengabells/install/plan_execute_interface/include/plan_execute_interface/plan_execute_interface/srv/detail/place__struct.hpp
[1.092s] -- Up-to-date: /home/yh6917/ME495/src/hw3group-jengabells/install/plan_execute_interface/include/plan_execute_interface/plan_execute_interface/srv/detail/place__traits.hpp
[1.092s] -- Up-to-date: /home/yh6917/ME495/src/hw3group-jengabells/install/plan_execute_interface/include/plan_execute_interface/plan_execute_interface/srv/detail/place__builder.hpp
[1.093s] -- Up-to-date: /home/yh6917/ME495/src/hw3group-jengabells/install/plan_execute_interface/include/plan_execute_interface/plan_execute_interface/srv/detail/go_here__struct.hpp
[1.093s] -- Up-to-date: /home/yh6917/ME495/src/hw3group-jengabells/install/plan_execute_interface/include/plan_execute_interface/plan_execute_interface/srv/go_here.hpp
[1.093s] -- Up-to-date: /home/yh6917/ME495/src/hw3group-jengabells/install/plan_execute_interface/include/plan_execute_interface/plan_execute_interface
[1.093s] -- Up-to-date: /home/yh6917/ME495/src/hw3group-jengabells/install/plan_execute_interface/include/plan_execute_interface/plan_execute_interface/srv
[1.093s] -- Up-to-date: /home/yh6917/ME495/src/hw3group-jengabells/install/plan_execute_interface/include/plan_execute_interface/plan_execute_interface/srv/detail
[1.093s] -- Up-to-date: /home/yh6917/ME495/src/hw3group-jengabells/install/plan_execute_interface/include/plan_execute_interface/plan_execute_interface/srv/detail/dds_fastrtps
[1.093s] -- Up-to-date: /home/yh6917/ME495/src/hw3group-jengabells/install/plan_execute_interface/include/plan_execute_interface/plan_execute_interface/srv/detail/go_here__rosidl_typesupport_fastrtps_cpp.hpp
[1.093s] -- Up-to-date: /home/yh6917/ME495/src/hw3group-jengabells/install/plan_execute_interface/include/plan_execute_interface/plan_execute_interface/srv/detail/place__rosidl_typesupport_fastrtps_cpp.hpp
[1.094s] -- Up-to-date: /home/yh6917/ME495/src/hw3group-jengabells/install/plan_execute_interface/include/plan_execute_interface/plan_execute_interface/msg
[1.094s] -- Up-to-date: /home/yh6917/ME495/src/hw3group-jengabells/install/plan_execute_interface/include/plan_execute_interface/plan_execute_interface/msg/rosidl_typesupport_fastrtps_cpp__visibility_control.h
[1.094s] -- Up-to-date: /home/yh6917/ME495/src/hw3group-jengabells/install/plan_execute_interface/lib/libplan_execute_interface__rosidl_typesupport_fastrtps_cpp.so
[1.094s] -- Up-to-date: /home/yh6917/ME495/src/hw3group-jengabells/install/plan_execute_interface/include/plan_execute_interface/plan_execute_interface
[1.094s] -- Up-to-date: /home/yh6917/ME495/src/hw3group-jengabells/install/plan_execute_interface/include/plan_execute_interface/plan_execute_interface/srv
[1.094s] -- Up-to-date: /home/yh6917/ME495/src/hw3group-jengabells/install/plan_execute_interface/include/plan_execute_interface/plan_execute_interface/srv/detail
[1.094s] -- Up-to-date: /home/yh6917/ME495/src/hw3group-jengabells/install/plan_execute_interface/include/plan_execute_interface/plan_execute_interface/srv/detail/place__rosidl_typesupport_introspection_c.h
[1.094s] -- Up-to-date: /home/yh6917/ME495/src/hw3group-jengabells/install/plan_execute_interface/include/plan_execute_interface/plan_execute_interface/srv/detail/place__type_support.c
[1.094s] -- Up-to-date: /home/yh6917/ME495/src/hw3group-jengabells/install/plan_execute_interface/include/plan_execute_interface/plan_execute_interface/srv/detail/go_here__type_support.c
[1.094s] -- Up-to-date: /home/yh6917/ME495/src/hw3group-jengabells/install/plan_execute_interface/include/plan_execute_interface/plan_execute_interface/srv/detail/go_here__rosidl_typesupport_introspection_c.h
[1.094s] -- Up-to-date: /home/yh6917/ME495/src/hw3group-jengabells/install/plan_execute_interface/include/plan_execute_interface/plan_execute_interface/msg
[1.095s] -- Up-to-date: /home/yh6917/ME495/src/hw3group-jengabells/install/plan_execute_interface/include/plan_execute_interface/plan_execute_interface/msg/rosidl_typesupport_introspection_c__visibility_control.h
[1.095s] -- Up-to-date: /home/yh6917/ME495/src/hw3group-jengabells/install/plan_execute_interface/lib/libplan_execute_interface__rosidl_typesupport_introspection_c.so
[1.095s] -- Up-to-date: /home/yh6917/ME495/src/hw3group-jengabells/install/plan_execute_interface/lib/libplan_execute_interface__rosidl_typesupport_c.so
[1.095s] -- Up-to-date: /home/yh6917/ME495/src/hw3group-jengabells/install/plan_execute_interface/include/plan_execute_interface/plan_execute_interface
[1.095s] -- Up-to-date: /home/yh6917/ME495/src/hw3group-jengabells/install/plan_execute_interface/include/plan_execute_interface/plan_execute_interface/srv
[1.095s] -- Up-to-date: /home/yh6917/ME495/src/hw3group-jengabells/install/plan_execute_interface/include/plan_execute_interface/plan_execute_interface/srv/detail
[1.095s] -- Up-to-date: /home/yh6917/ME495/src/hw3group-jengabells/install/plan_execute_interface/include/plan_execute_interface/plan_execute_interface/srv/detail/go_here__type_support.cpp
[1.095s] -- Up-to-date: /home/yh6917/ME495/src/hw3group-jengabells/install/plan_execute_interface/include/plan_execute_interface/plan_execute_interface/srv/detail/go_here__rosidl_typesupport_introspection_cpp.hpp
[1.095s] -- Up-to-date: /home/yh6917/ME495/src/hw3group-jengabells/install/plan_execute_interface/include/plan_execute_interface/plan_execute_interface/srv/detail/place__type_support.cpp
[1.095s] -- Up-to-date: /home/yh6917/ME495/src/hw3group-jengabells/install/plan_execute_interface/include/plan_execute_interface/plan_execute_interface/srv/detail/place__rosidl_typesupport_introspection_cpp.hpp
[1.095s] -- Up-to-date: /home/yh6917/ME495/src/hw3group-jengabells/install/plan_execute_interface/lib/libplan_execute_interface__rosidl_typesupport_introspection_cpp.so
[1.095s] -- Up-to-date: /home/yh6917/ME495/src/hw3group-jengabells/install/plan_execute_interface/lib/libplan_execute_interface__rosidl_typesupport_cpp.so
[1.096s] -- Up-to-date: /home/yh6917/ME495/src/hw3group-jengabells/install/plan_execute_interface/share/plan_execute_interface/environment/pythonpath.sh
[1.096s] -- Up-to-date: /home/yh6917/ME495/src/hw3group-jengabells/install/plan_execute_interface/share/plan_execute_interface/environment/pythonpath.dsv
[1.096s] -- Up-to-date: /home/yh6917/ME495/src/hw3group-jengabells/install/plan_execute_interface/local/lib/python3.10/dist-packages/plan_execute_interface-0.0.0-py3.10.egg-info
[1.096s] -- Installing: /home/yh6917/ME495/src/hw3group-jengabells/install/plan_execute_interface/local/lib/python3.10/dist-packages/plan_execute_interface-0.0.0-py3.10.egg-info/dependency_links.txt
[1.096s] -- Installing: /home/yh6917/ME495/src/hw3group-jengabells/install/plan_execute_interface/local/lib/python3.10/dist-packages/plan_execute_interface-0.0.0-py3.10.egg-info/PKG-INFO
[1.096s] -- Installing: /home/yh6917/ME495/src/hw3group-jengabells/install/plan_execute_interface/local/lib/python3.10/dist-packages/plan_execute_interface-0.0.0-py3.10.egg-info/top_level.txt
[1.097s] -- Installing: /home/yh6917/ME495/src/hw3group-jengabells/install/plan_execute_interface/local/lib/python3.10/dist-packages/plan_execute_interface-0.0.0-py3.10.egg-info/SOURCES.txt
[1.097s] -- Up-to-date: /home/yh6917/ME495/src/hw3group-jengabells/install/plan_execute_interface/local/lib/python3.10/dist-packages/plan_execute_interface
[1.097s] -- Up-to-date: /home/yh6917/ME495/src/hw3group-jengabells/install/plan_execute_interface/local/lib/python3.10/dist-packages/plan_execute_interface/__init__.py
[1.097s] -- Up-to-date: /home/yh6917/ME495/src/hw3group-jengabells/install/plan_execute_interface/local/lib/python3.10/dist-packages/plan_execute_interface/srv
[1.097s] -- Up-to-date: /home/yh6917/ME495/src/hw3group-jengabells/install/plan_execute_interface/local/lib/python3.10/dist-packages/plan_execute_interface/srv/__init__.py
[1.097s] -- Up-to-date: /home/yh6917/ME495/src/hw3group-jengabells/install/plan_execute_interface/local/lib/python3.10/dist-packages/plan_execute_interface/srv/_place_s.c
[1.097s] -- Up-to-date: /home/yh6917/ME495/src/hw3group-jengabells/install/plan_execute_interface/local/lib/python3.10/dist-packages/plan_execute_interface/srv/_go_here_s.c
[1.097s] -- Up-to-date: /home/yh6917/ME495/src/hw3group-jengabells/install/plan_execute_interface/local/lib/python3.10/dist-packages/plan_execute_interface/srv/_place.py
[1.097s] -- Up-to-date: /home/yh6917/ME495/src/hw3group-jengabells/install/plan_execute_interface/local/lib/python3.10/dist-packages/plan_execute_interface/srv/_go_here.py
[1.098s] -- Up-to-date: /home/yh6917/ME495/src/hw3group-jengabells/install/plan_execute_interface/local/lib/python3.10/dist-packages/plan_execute_interface/_plan_execute_interface_s.ep.rosidl_typesupport_fastrtps_c.c
[1.098s] -- Up-to-date: /home/yh6917/ME495/src/hw3group-jengabells/install/plan_execute_interface/local/lib/python3.10/dist-packages/plan_execute_interface/plan_execute_interface_s__rosidl_typesupport_introspection_c.cpython-310-x86_64-linux-gnu.so
[1.098s] -- Up-to-date: /home/yh6917/ME495/src/hw3group-jengabells/install/plan_execute_interface/local/lib/python3.10/dist-packages/plan_execute_interface/_plan_execute_interface_s.ep.rosidl_typesupport_c.c
[1.098s] -- Up-to-date: /home/yh6917/ME495/src/hw3group-jengabells/install/plan_execute_interface/local/lib/python3.10/dist-packages/plan_execute_interface/_plan_execute_interface_s.ep.rosidl_typesupport_introspection_c.c
[1.098s] -- Up-to-date: /home/yh6917/ME495/src/hw3group-jengabells/install/plan_execute_interface/local/lib/python3.10/dist-packages/plan_execute_interface/plan_execute_interface_s__rosidl_typesupport_fastrtps_c.cpython-310-x86_64-linux-gnu.so
[1.098s] -- Up-to-date: /home/yh6917/ME495/src/hw3group-jengabells/install/plan_execute_interface/local/lib/python3.10/dist-packages/plan_execute_interface/plan_execute_interface_s__rosidl_typesupport_c.cpython-310-x86_64-linux-gnu.so
[1.098s] -- Up-to-date: /home/yh6917/ME495/src/hw3group-jengabells/install/plan_execute_interface/local/lib/python3.10/dist-packages/plan_execute_interface/libplan_execute_interface__rosidl_generator_py.so
[1.134s] Listing '/home/yh6917/ME495/src/hw3group-jengabells/install/plan_execute_interface/local/lib/python3.10/dist-packages/plan_execute_interface'...
[1.134s] Listing '/home/yh6917/ME495/src/hw3group-jengabells/install/plan_execute_interface/local/lib/python3.10/dist-packages/plan_execute_interface/srv'...
[1.139s] -- Up-to-date: /home/yh6917/ME495/src/hw3group-jengabells/install/plan_execute_interface/local/lib/python3.10/dist-packages/plan_execute_interface/plan_execute_interface_s__rosidl_typesupport_fastrtps_c.cpython-310-x86_64-linux-gnu.so
[1.139s] -- Up-to-date: /home/yh6917/ME495/src/hw3group-jengabells/install/plan_execute_interface/local/lib/python3.10/dist-packages/plan_execute_interface/plan_execute_interface_s__rosidl_typesupport_introspection_c.cpython-310-x86_64-linux-gnu.so
[1.139s] -- Up-to-date: /home/yh6917/ME495/src/hw3group-jengabells/install/plan_execute_interface/local/lib/python3.10/dist-packages/plan_execute_interface/plan_execute_interface_s__rosidl_typesupport_c.cpython-310-x86_64-linux-gnu.so
[1.140s] -- Up-to-date: /home/yh6917/ME495/src/hw3group-jengabells/install/plan_execute_interface/lib/libplan_execute_interface__rosidl_generator_py.so
[1.140s] -- Up-to-date: /home/yh6917/ME495/src/hw3group-jengabells/install/plan_execute_interface/share/plan_execute_interface/srv/GoHere.idl
[1.140s] -- Up-to-date: /home/yh6917/ME495/src/hw3group-jengabells/install/plan_execute_interface/share/plan_execute_interface/srv/Place.idl
[1.140s] -- Up-to-date: /home/yh6917/ME495/src/hw3group-jengabells/install/plan_execute_interface/share/plan_execute_interface/srv/GoHere.srv
[1.140s] -- Up-to-date: /home/yh6917/ME495/src/hw3group-jengabells/install/plan_execute_interface/share/plan_execute_interface/srv/GoHere_Request.msg
[1.140s] -- Up-to-date: /home/yh6917/ME495/src/hw3group-jengabells/install/plan_execute_interface/share/plan_execute_interface/srv/GoHere_Response.msg
[1.141s] -- Up-to-date: /home/yh6917/ME495/src/hw3group-jengabells/install/plan_execute_interface/share/plan_execute_interface/srv/Place.srv
[1.141s] -- Up-to-date: /home/yh6917/ME495/src/hw3group-jengabells/install/plan_execute_interface/share/plan_execute_interface/srv/Place_Request.msg
[1.141s] -- Up-to-date: /home/yh6917/ME495/src/hw3group-jengabells/install/plan_execute_interface/share/plan_execute_interface/srv/Place_Response.msg
[1.141s] -- Up-to-date: /home/yh6917/ME495/src/hw3group-jengabells/install/plan_execute_interface/share/ament_index/resource_index/package_run_dependencies/plan_execute_interface
[1.141s] -- Up-to-date: /home/yh6917/ME495/src/hw3group-jengabells/install/plan_execute_interface/share/ament_index/resource_index/parent_prefix_path/plan_execute_interface
[1.141s] -- Up-to-date: /home/yh6917/ME495/src/hw3group-jengabells/install/plan_execute_interface/share/plan_execute_interface/environment/ament_prefix_path.sh
[1.142s] -- Up-to-date: /home/yh6917/ME495/src/hw3group-jengabells/install/plan_execute_interface/share/plan_execute_interface/environment/ament_prefix_path.dsv
[1.142s] -- Up-to-date: /home/yh6917/ME495/src/hw3group-jengabells/install/plan_execute_interface/share/plan_execute_interface/environment/path.sh
[1.142s] -- Up-to-date: /home/yh6917/ME495/src/hw3group-jengabells/install/plan_execute_interface/share/plan_execute_interface/environment/path.dsv
[1.142s] -- Up-to-date: /home/yh6917/ME495/src/hw3group-jengabells/install/plan_execute_interface/share/plan_execute_interface/local_setup.bash
[1.142s] -- Up-to-date: /home/yh6917/ME495/src/hw3group-jengabells/install/plan_execute_interface/share/plan_execute_interface/local_setup.sh
[1.142s] -- Up-to-date: /home/yh6917/ME495/src/hw3group-jengabells/install/plan_execute_interface/share/plan_execute_interface/local_setup.zsh
[1.143s] -- Up-to-date: /home/yh6917/ME495/src/hw3group-jengabells/install/plan_execute_interface/share/plan_execute_interface/local_setup.dsv
[1.143s] -- Installing: /home/yh6917/ME495/src/hw3group-jengabells/install/plan_execute_interface/share/plan_execute_interface/package.dsv
[1.143s] -- Up-to-date: /home/yh6917/ME495/src/hw3group-jengabells/install/plan_execute_interface/share/ament_index/resource_index/packages/plan_execute_interface
[1.143s] -- Up-to-date: /home/yh6917/ME495/src/hw3group-jengabells/install/plan_execute_interface/share/plan_execute_interface/cmake/export_plan_execute_interface__rosidl_generator_cExport.cmake
[1.144s] -- Up-to-date: /home/yh6917/ME495/src/hw3group-jengabells/install/plan_execute_interface/share/plan_execute_interface/cmake/export_plan_execute_interface__rosidl_generator_cExport-noconfig.cmake
[1.144s] -- Up-to-date: /home/yh6917/ME495/src/hw3group-jengabells/install/plan_execute_interface/share/plan_execute_interface/cmake/export_plan_execute_interface__rosidl_typesupport_fastrtps_cExport.cmake
[1.144s] -- Up-to-date: /home/yh6917/ME495/src/hw3group-jengabells/install/plan_execute_interface/share/plan_execute_interface/cmake/export_plan_execute_interface__rosidl_typesupport_fastrtps_cExport-noconfig.cmake
[1.144s] -- Up-to-date: /home/yh6917/ME495/src/hw3group-jengabells/install/plan_execute_interface/share/plan_execute_interface/cmake/export_plan_execute_interface__rosidl_generator_cppExport.cmake
[1.144s] -- Up-to-date: /home/yh6917/ME495/src/hw3group-jengabells/install/plan_execute_interface/share/plan_execute_interface/cmake/export_plan_execute_interface__rosidl_typesupport_fastrtps_cppExport.cmake
[1.144s] -- Up-to-date: /home/yh6917/ME495/src/hw3group-jengabells/install/plan_execute_interface/share/plan_execute_interface/cmake/export_plan_execute_interface__rosidl_typesupport_fastrtps_cppExport-noconfig.cmake
[1.144s] -- Up-to-date: /home/yh6917/ME495/src/hw3group-jengabells/install/plan_execute_interface/share/plan_execute_interface/cmake/plan_execute_interface__rosidl_typesupport_introspection_cExport.cmake
[1.145s] -- Up-to-date: /home/yh6917/ME495/src/hw3group-jengabells/install/plan_execute_interface/share/plan_execute_interface/cmake/plan_execute_interface__rosidl_typesupport_introspection_cExport-noconfig.cmake
[1.145s] -- Up-to-date: /home/yh6917/ME495/src/hw3group-jengabells/install/plan_execute_interface/share/plan_execute_interface/cmake/plan_execute_interface__rosidl_typesupport_cExport.cmake
[1.145s] -- Up-to-date: /home/yh6917/ME495/src/hw3group-jengabells/install/plan_execute_interface/share/plan_execute_interface/cmake/plan_execute_interface__rosidl_typesupport_cExport-noconfig.cmake
[1.145s] -- Up-to-date: /home/yh6917/ME495/src/hw3group-jengabells/install/plan_execute_interface/share/plan_execute_interface/cmake/plan_execute_interface__rosidl_typesupport_introspection_cppExport.cmake
[1.145s] -- Up-to-date: /home/yh6917/ME495/src/hw3group-jengabells/install/plan_execute_interface/share/plan_execute_interface/cmake/plan_execute_interface__rosidl_typesupport_introspection_cppExport-noconfig.cmake
[1.145s] -- Up-to-date: /home/yh6917/ME495/src/hw3group-jengabells/install/plan_execute_interface/share/plan_execute_interface/cmake/plan_execute_interface__rosidl_typesupport_cppExport.cmake
[1.145s] -- Up-to-date: /home/yh6917/ME495/src/hw3group-jengabells/install/plan_execute_interface/share/plan_execute_interface/cmake/plan_execute_interface__rosidl_typesupport_cppExport-noconfig.cmake
[1.145s] -- Up-to-date: /home/yh6917/ME495/src/hw3group-jengabells/install/plan_execute_interface/share/plan_execute_interface/cmake/export_plan_execute_interface__rosidl_generator_pyExport.cmake
[1.145s] -- Up-to-date: /home/yh6917/ME495/src/hw3group-jengabells/install/plan_execute_interface/share/plan_execute_interface/cmake/export_plan_execute_interface__rosidl_generator_pyExport-noconfig.cmake
[1.146s] -- Up-to-date: /home/yh6917/ME495/src/hw3group-jengabells/install/plan_execute_interface/share/plan_execute_interface/cmake/rosidl_cmake-extras.cmake
[1.147s] -- Up-to-date: /home/yh6917/ME495/src/hw3group-jengabells/install/plan_execute_interface/share/plan_execute_interface/cmake/ament_cmake_export_dependencies-extras.cmake
[1.148s] -- Up-to-date: /home/yh6917/ME495/src/hw3group-jengabells/install/plan_execute_interface/share/plan_execute_interface/cmake/ament_cmake_export_include_directories-extras.cmake
[1.149s] -- Up-to-date: /home/yh6917/ME495/src/hw3group-jengabells/install/plan_execute_interface/share/plan_execute_interface/cmake/ament_cmake_export_libraries-extras.cmake
[1.149s] -- Up-to-date: /home/yh6917/ME495/src/hw3group-jengabells/install/plan_execute_interface/share/plan_execute_interface/cmake/ament_cmake_export_targets-extras.cmake
[1.150s] -- Up-to-date: /home/yh6917/ME495/src/hw3group-jengabells/install/plan_execute_interface/share/plan_execute_interface/cmake/rosidl_cmake_export_typesupport_targets-extras.cmake
[1.150s] -- Up-to-date: /home/yh6917/ME495/src/hw3group-jengabells/install/plan_execute_interface/share/plan_execute_interface/cmake/rosidl_cmake_export_typesupport_libraries-extras.cmake
[1.151s] -- Up-to-date: /home/yh6917/ME495/src/hw3group-jengabells/install/plan_execute_interface/share/plan_execute_interface/cmake/plan_execute_interfaceConfig.cmake
[1.151s] -- Up-to-date: /home/yh6917/ME495/src/hw3group-jengabells/install/plan_execute_interface/share/plan_execute_interface/cmake/plan_execute_interfaceConfig-version.cmake
[1.151s] -- Up-to-date: /home/yh6917/ME495/src/hw3group-jengabells/install/plan_execute_interface/share/plan_execute_interface/package.xml
[1.152s] Invoked command in '/home/yh6917/ME495/src/hw3group-jengabells/build/plan_execute_interface' returned '0': CMAKE_PREFIX_PATH=${CMAKE_PREFIX_PATH}:/home/yh6917/ME495/src/hw3group-jengabells/install/camera:/home/yh6917/ME495/src/hw3group-jengabells/install/plan_execute:/opt/ros/humble /usr/bin/cmake --install /home/yh6917/ME495/src/hw3group-jengabells/build/plan_execute_interface
