[0.142s] DEBUG:colcon:Command line arguments: ['/usr/bin/colcon', 'build']
[0.142s] DEBUG:colcon:Parsed command line arguments: Namespace(log_base=None, log_level=None, verb_name='build', build_base='build', install_base='install', merge_install=False, symlink_install=False, test_result_base=None, continue_on_error=False, executor='parallel', parallel_workers=8, event_handlers=None, ignore_user_meta=False, metas=['./colcon.meta'], base_paths=['.'], packages_ignore=None, packages_ignore_regex=None, paths=None, packages_up_to=None, packages_up_to_regex=None, packages_above=None, packages_above_and_dependencies=None, packages_above_depth=None, packages_select_by_dep=None, packages_skip_by_dep=None, packages_skip_up_to=None, packages_select_build_failed=False, packages_skip_build_finished=False, packages_select_test_failures=False, packages_skip_test_passed=False, packages_select=None, packages_skip=None, packages_select_regex=None, packages_skip_regex=None, packages_start=None, packages_end=None, allow_overriding=[], cmake_args=None, cmake_target=None, cmake_target_skip_unavailable=False, cmake_clean_cache=False, cmake_clean_first=False, cmake_force_configure=False, ament_cmake_args=None, catkin_cmake_args=None, catkin_skip_building_tests=False, mixin_files=None, mixin=None, verb_parser=<colcon_mixin.mixin.mixin_argument.MixinArgumentDecorator object at 0x7f04ea942050>, verb_extension=<colcon_core.verb.build.BuildVerb object at 0x7f04ea9419c0>, main=<bound method BuildVerb.main of <colcon_core.verb.build.BuildVerb object at 0x7f04ea9419c0>>, mixin_verb=('build',))
[0.160s] Level 1:colcon.colcon_core.package_discovery:discover_packages(colcon_meta) check parameters
[0.160s] Level 1:colcon.colcon_core.package_discovery:discover_packages(recursive) check parameters
[0.160s] Level 1:colcon.colcon_core.package_discovery:discover_packages(ignore) check parameters
[0.160s] Level 1:colcon.colcon_core.package_discovery:discover_packages(path) check parameters
[0.160s] Level 1:colcon.colcon_core.package_discovery:discover_packages(colcon_meta) discover
[0.160s] Level 1:colcon.colcon_core.package_discovery:discover_packages(recursive) discover
[0.160s] INFO:colcon.colcon_core.package_discovery:Crawling recursively for packages in '/home/yh6917/ME495/src/hw3group-jengabells'
[0.160s] Level 1:colcon.colcon_core.package_identification:_identify(.) by extensions ['ignore', 'ignore_ament_install']
[0.160s] Level 1:colcon.colcon_core.package_identification:_identify(.) by extension 'ignore'
[0.160s] Level 1:colcon.colcon_core.package_identification:_identify(.) by extension 'ignore_ament_install'
[0.160s] Level 1:colcon.colcon_core.package_identification:_identify(.) by extensions ['colcon_pkg']
[0.160s] Level 1:colcon.colcon_core.package_identification:_identify(.) by extension 'colcon_pkg'
[0.160s] Level 1:colcon.colcon_core.package_identification:_identify(.) by extensions ['colcon_meta']
[0.160s] Level 1:colcon.colcon_core.package_identification:_identify(.) by extension 'colcon_meta'
[0.160s] Level 1:colcon.colcon_core.package_identification:_identify(.) by extensions ['ros']
[0.160s] Level 1:colcon.colcon_core.package_identification:_identify(.) by extension 'ros'
[0.169s] Level 1:colcon.colcon_core.package_identification:_identify(.) by extensions ['cmake', 'python']
[0.169s] Level 1:colcon.colcon_core.package_identification:_identify(.) by extension 'cmake'
[0.169s] Level 1:colcon.colcon_core.package_identification:_identify(.) by extension 'python'
[0.169s] Level 1:colcon.colcon_core.package_identification:_identify(.) by extensions ['python_setup_py']
[0.169s] Level 1:colcon.colcon_core.package_identification:_identify(.) by extension 'python_setup_py'
[0.169s] Level 1:colcon.colcon_core.package_identification:_identify(build) by extensions ['ignore', 'ignore_ament_install']
[0.169s] Level 1:colcon.colcon_core.package_identification:_identify(build) by extension 'ignore'
[0.170s] Level 1:colcon.colcon_core.package_identification:_identify(build) ignored
[0.170s] Level 1:colcon.colcon_core.package_identification:_identify(camera) by extensions ['ignore', 'ignore_ament_install']
[0.170s] Level 1:colcon.colcon_core.package_identification:_identify(camera) by extension 'ignore'
[0.170s] Level 1:colcon.colcon_core.package_identification:_identify(camera) by extension 'ignore_ament_install'
[0.170s] Level 1:colcon.colcon_core.package_identification:_identify(camera) by extensions ['colcon_pkg']
[0.170s] Level 1:colcon.colcon_core.package_identification:_identify(camera) by extension 'colcon_pkg'
[0.170s] Level 1:colcon.colcon_core.package_identification:_identify(camera) by extensions ['colcon_meta']
[0.170s] Level 1:colcon.colcon_core.package_identification:_identify(camera) by extension 'colcon_meta'
[0.170s] Level 1:colcon.colcon_core.package_identification:_identify(camera) by extensions ['ros']
[0.170s] Level 1:colcon.colcon_core.package_identification:_identify(camera) by extension 'ros'
[0.172s] DEBUG:colcon.colcon_core.package_identification:Package 'camera' with type 'ros.ament_python' and name 'camera'
[0.172s] Level 1:colcon.colcon_core.package_identification:_identify(install) by extensions ['ignore', 'ignore_ament_install']
[0.172s] Level 1:colcon.colcon_core.package_identification:_identify(install) by extension 'ignore'
[0.172s] Level 1:colcon.colcon_core.package_identification:_identify(install) ignored
[0.173s] Level 1:colcon.colcon_core.package_identification:_identify(log) by extensions ['ignore', 'ignore_ament_install']
[0.173s] Level 1:colcon.colcon_core.package_identification:_identify(log) by extension 'ignore'
[0.173s] Level 1:colcon.colcon_core.package_identification:_identify(log) ignored
[0.173s] Level 1:colcon.colcon_core.package_identification:_identify(plan_execute) by extensions ['ignore', 'ignore_ament_install']
[0.173s] Level 1:colcon.colcon_core.package_identification:_identify(plan_execute) by extension 'ignore'
[0.173s] Level 1:colcon.colcon_core.package_identification:_identify(plan_execute) by extension 'ignore_ament_install'
[0.173s] Level 1:colcon.colcon_core.package_identification:_identify(plan_execute) by extensions ['colcon_pkg']
[0.173s] Level 1:colcon.colcon_core.package_identification:_identify(plan_execute) by extension 'colcon_pkg'
[0.173s] Level 1:colcon.colcon_core.package_identification:_identify(plan_execute) by extensions ['colcon_meta']
[0.173s] Level 1:colcon.colcon_core.package_identification:_identify(plan_execute) by extension 'colcon_meta'
[0.173s] Level 1:colcon.colcon_core.package_identification:_identify(plan_execute) by extensions ['ros']
[0.173s] Level 1:colcon.colcon_core.package_identification:_identify(plan_execute) by extension 'ros'
[0.173s] DEBUG:colcon.colcon_core.package_identification:Package 'plan_execute' with type 'ros.ament_python' and name 'plan_execute'
[0.174s] Level 1:colcon.colcon_core.package_identification:_identify(plan_execute_interface) by extensions ['ignore', 'ignore_ament_install']
[0.174s] Level 1:colcon.colcon_core.package_identification:_identify(plan_execute_interface) by extension 'ignore'
[0.174s] Level 1:colcon.colcon_core.package_identification:_identify(plan_execute_interface) by extension 'ignore_ament_install'
[0.174s] Level 1:colcon.colcon_core.package_identification:_identify(plan_execute_interface) by extensions ['colcon_pkg']
[0.174s] Level 1:colcon.colcon_core.package_identification:_identify(plan_execute_interface) by extension 'colcon_pkg'
[0.174s] Level 1:colcon.colcon_core.package_identification:_identify(plan_execute_interface) by extensions ['colcon_meta']
[0.174s] Level 1:colcon.colcon_core.package_identification:_identify(plan_execute_interface) by extension 'colcon_meta'
[0.174s] Level 1:colcon.colcon_core.package_identification:_identify(plan_execute_interface) by extensions ['ros']
[0.174s] Level 1:colcon.colcon_core.package_identification:_identify(plan_execute_interface) by extension 'ros'
[0.174s] DEBUG:colcon.colcon_core.package_identification:Package 'plan_execute_interface' with type 'ros.ament_cmake' and name 'plan_execute_interface'
[0.174s] Level 1:colcon.colcon_core.package_discovery:discover_packages(recursive) using defaults
[0.174s] Level 1:colcon.colcon_core.package_discovery:discover_packages(ignore) discover
[0.174s] Level 1:colcon.colcon_core.package_discovery:discover_packages(ignore) using defaults
[0.174s] Level 1:colcon.colcon_core.package_discovery:discover_packages(path) discover
[0.174s] Level 1:colcon.colcon_core.package_discovery:discover_packages(path) using defaults
[0.195s] Level 1:colcon.colcon_core.package_discovery:discover_packages(prefix_path) check parameters
[0.195s] Level 1:colcon.colcon_core.package_discovery:discover_packages(prefix_path) discover
[0.197s] DEBUG:colcon.colcon_installed_package_information.package_discovery:Found 3 installed packages in /home/yh6917/ME495/src/hw3group-jengabells/install
[0.198s] DEBUG:colcon.colcon_installed_package_information.package_discovery:Found 41 installed packages in /home/yh6917/nuws/install
[0.200s] DEBUG:colcon.colcon_installed_package_information.package_discovery:Found 448 installed packages in /opt/ros/humble
[0.202s] Level 1:colcon.colcon_core.package_discovery:discover_packages(prefix_path) using defaults
[0.286s] Level 5:colcon.colcon_core.verb:set package 'camera' build argument 'cmake_args' from command line to 'None'
[0.286s] Level 5:colcon.colcon_core.verb:set package 'camera' build argument 'cmake_target' from command line to 'None'
[0.286s] Level 5:colcon.colcon_core.verb:set package 'camera' build argument 'cmake_target_skip_unavailable' from command line to 'False'
[0.286s] Level 5:colcon.colcon_core.verb:set package 'camera' build argument 'cmake_clean_cache' from command line to 'False'
[0.286s] Level 5:colcon.colcon_core.verb:set package 'camera' build argument 'cmake_clean_first' from command line to 'False'
[0.286s] Level 5:colcon.colcon_core.verb:set package 'camera' build argument 'cmake_force_configure' from command line to 'False'
[0.286s] Level 5:colcon.colcon_core.verb:set package 'camera' build argument 'ament_cmake_args' from command line to 'None'
[0.286s] Level 5:colcon.colcon_core.verb:set package 'camera' build argument 'catkin_cmake_args' from command line to 'None'
[0.286s] Level 5:colcon.colcon_core.verb:set package 'camera' build argument 'catkin_skip_building_tests' from command line to 'False'
[0.287s] DEBUG:colcon.colcon_core.verb:Building package 'camera' with the following arguments: {'ament_cmake_args': None, 'build_base': '/home/yh6917/ME495/src/hw3group-jengabells/build/camera', 'catkin_cmake_args': None, 'catkin_skip_building_tests': False, 'cmake_args': None, 'cmake_clean_cache': False, 'cmake_clean_first': False, 'cmake_force_configure': False, 'cmake_target': None, 'cmake_target_skip_unavailable': False, 'install_base': '/home/yh6917/ME495/src/hw3group-jengabells/install/camera', 'merge_install': False, 'path': '/home/yh6917/ME495/src/hw3group-jengabells/camera', 'symlink_install': False, 'test_result_base': None}
[0.288s] Level 5:colcon.colcon_core.verb:set package 'plan_execute' build argument 'cmake_args' from command line to 'None'
[0.288s] Level 5:colcon.colcon_core.verb:set package 'plan_execute' build argument 'cmake_target' from command line to 'None'
[0.288s] Level 5:colcon.colcon_core.verb:set package 'plan_execute' build argument 'cmake_target_skip_unavailable' from command line to 'False'
[0.288s] Level 5:colcon.colcon_core.verb:set package 'plan_execute' build argument 'cmake_clean_cache' from command line to 'False'
[0.288s] Level 5:colcon.colcon_core.verb:set package 'plan_execute' build argument 'cmake_clean_first' from command line to 'False'
[0.288s] Level 5:colcon.colcon_core.verb:set package 'plan_execute' build argument 'cmake_force_configure' from command line to 'False'
[0.288s] Level 5:colcon.colcon_core.verb:set package 'plan_execute' build argument 'ament_cmake_args' from command line to 'None'
[0.288s] Level 5:colcon.colcon_core.verb:set package 'plan_execute' build argument 'catkin_cmake_args' from command line to 'None'
[0.288s] Level 5:colcon.colcon_core.verb:set package 'plan_execute' build argument 'catkin_skip_building_tests' from command line to 'False'
[0.288s] DEBUG:colcon.colcon_core.verb:Building package 'plan_execute' with the following arguments: {'ament_cmake_args': None, 'build_base': '/home/yh6917/ME495/src/hw3group-jengabells/build/plan_execute', 'catkin_cmake_args': None, 'catkin_skip_building_tests': False, 'cmake_args': None, 'cmake_clean_cache': False, 'cmake_clean_first': False, 'cmake_force_configure': False, 'cmake_target': None, 'cmake_target_skip_unavailable': False, 'install_base': '/home/yh6917/ME495/src/hw3group-jengabells/install/plan_execute', 'merge_install': False, 'path': '/home/yh6917/ME495/src/hw3group-jengabells/plan_execute', 'symlink_install': False, 'test_result_base': None}
[0.290s] Level 5:colcon.colcon_core.verb:set package 'plan_execute_interface' build argument 'cmake_args' from command line to 'None'
[0.290s] Level 5:colcon.colcon_core.verb:set package 'plan_execute_interface' build argument 'cmake_target' from command line to 'None'
[0.290s] Level 5:colcon.colcon_core.verb:set package 'plan_execute_interface' build argument 'cmake_target_skip_unavailable' from command line to 'False'
[0.290s] Level 5:colcon.colcon_core.verb:set package 'plan_execute_interface' build argument 'cmake_clean_cache' from command line to 'False'
[0.290s] Level 5:colcon.colcon_core.verb:set package 'plan_execute_interface' build argument 'cmake_clean_first' from command line to 'False'
[0.290s] Level 5:colcon.colcon_core.verb:set package 'plan_execute_interface' build argument 'cmake_force_configure' from command line to 'False'
[0.290s] Level 5:colcon.colcon_core.verb:set package 'plan_execute_interface' build argument 'ament_cmake_args' from command line to 'None'
[0.290s] Level 5:colcon.colcon_core.verb:set package 'plan_execute_interface' build argument 'catkin_cmake_args' from command line to 'None'
[0.290s] Level 5:colcon.colcon_core.verb:set package 'plan_execute_interface' build argument 'catkin_skip_building_tests' from command line to 'False'
[0.290s] DEBUG:colcon.colcon_core.verb:Building package 'plan_execute_interface' with the following arguments: {'ament_cmake_args': None, 'build_base': '/home/yh6917/ME495/src/hw3group-jengabells/build/plan_execute_interface', 'catkin_cmake_args': None, 'catkin_skip_building_tests': False, 'cmake_args': None, 'cmake_clean_cache': False, 'cmake_clean_first': False, 'cmake_force_configure': False, 'cmake_target': None, 'cmake_target_skip_unavailable': False, 'install_base': '/home/yh6917/ME495/src/hw3group-jengabells/install/plan_execute_interface', 'merge_install': False, 'path': '/home/yh6917/ME495/src/hw3group-jengabells/plan_execute_interface', 'symlink_install': False, 'test_result_base': None}
[0.291s] INFO:colcon.colcon_core.executor:Executing jobs using 'parallel' executor
[0.296s] DEBUG:colcon.colcon_parallel_executor.executor.parallel:run_until_complete
[0.296s] INFO:colcon.colcon_ros.task.ament_python.build:Building ROS package in '/home/yh6917/ME495/src/hw3group-jengabells/camera' with build type 'ament_python'
[0.296s] Level 1:colcon.colcon_core.shell:create_environment_hook('camera', 'ament_prefix_path')
[0.302s] INFO:colcon.colcon_core.plugin_system:Skipping extension 'colcon_core.shell.bat': Not used on non-Windows systems
[0.302s] INFO:colcon.colcon_core.shell:Creating environment hook '/home/yh6917/ME495/src/hw3group-jengabells/install/camera/share/camera/hook/ament_prefix_path.ps1'
[0.303s] INFO:colcon.colcon_core.shell:Creating environment descriptor '/home/yh6917/ME495/src/hw3group-jengabells/install/camera/share/camera/hook/ament_prefix_path.dsv'
[0.303s] INFO:colcon.colcon_core.shell:Creating environment hook '/home/yh6917/ME495/src/hw3group-jengabells/install/camera/share/camera/hook/ament_prefix_path.sh'
[0.306s] INFO:colcon.colcon_core.shell:Skip shell extension 'powershell' for command environment: Not usable outside of PowerShell
[0.306s] DEBUG:colcon.colcon_core.shell:Skip shell extension 'dsv' for command environment
[0.314s] INFO:colcon.colcon_ros.task.ament_python.build:Building ROS package in '/home/yh6917/ME495/src/hw3group-jengabells/plan_execute' with build type 'ament_python'
[0.314s] Level 1:colcon.colcon_core.shell:create_environment_hook('plan_execute', 'ament_prefix_path')
[0.316s] INFO:colcon.colcon_core.shell:Creating environment hook '/home/yh6917/ME495/src/hw3group-jengabells/install/plan_execute/share/plan_execute/hook/ament_prefix_path.ps1'
[0.316s] INFO:colcon.colcon_core.shell:Creating environment descriptor '/home/yh6917/ME495/src/hw3group-jengabells/install/plan_execute/share/plan_execute/hook/ament_prefix_path.dsv'
[0.317s] INFO:colcon.colcon_core.shell:Creating environment hook '/home/yh6917/ME495/src/hw3group-jengabells/install/plan_execute/share/plan_execute/hook/ament_prefix_path.sh'
[0.319s] INFO:colcon.colcon_core.shell:Skip shell extension 'powershell' for command environment: Not usable outside of PowerShell
[0.319s] DEBUG:colcon.colcon_core.shell:Skip shell extension 'dsv' for command environment
[0.326s] INFO:colcon.colcon_ros.task.ament_cmake.build:Building ROS package in '/home/yh6917/ME495/src/hw3group-jengabells/plan_execute_interface' with build type 'ament_cmake'
[0.327s] INFO:colcon.colcon_cmake.task.cmake.build:Building CMake package in '/home/yh6917/ME495/src/hw3group-jengabells/plan_execute_interface'
[0.328s] INFO:colcon.colcon_core.shell:Skip shell extension 'powershell' for command environment: Not usable outside of PowerShell
[0.328s] DEBUG:colcon.colcon_core.shell:Skip shell extension 'dsv' for command environment
[0.566s] INFO:colcon.colcon_core.task.python.build:Building Python package in '/home/yh6917/ME495/src/hw3group-jengabells/camera'
[0.568s] INFO:colcon.colcon_core.shell:Skip shell extension 'powershell' for command environment: Not usable outside of PowerShell
[0.568s] DEBUG:colcon.colcon_core.shell:Skip shell extension 'dsv' for command environment
[0.790s] INFO:colcon.colcon_core.task.python.build:Building Python package in '/home/yh6917/ME495/src/hw3group-jengabells/plan_execute'
[0.792s] INFO:colcon.colcon_core.shell:Skip shell extension 'powershell' for command environment: Not usable outside of PowerShell
[0.792s] DEBUG:colcon.colcon_core.shell:Skip shell extension 'dsv' for command environment
[0.801s] DEBUG:colcon.colcon_core.event_handler.log_command:Invoking command in '/home/yh6917/ME495/src/hw3group-jengabells/build/plan_execute_interface': CMAKE_PREFIX_PATH=${CMAKE_PREFIX_PATH}:/home/yh6917/ME495/src/hw3group-jengabells/install/plan_execute:/home/yh6917/ME495/src/hw3group-jengabells/install/camera:/opt/ros/humble /usr/bin/cmake --build /home/yh6917/ME495/src/hw3group-jengabells/build/plan_execute_interface -- -j8 -l8
[1.189s] DEBUG:colcon.colcon_core.event_handler.log_command:Invoking command in '/home/yh6917/ME495/src/hw3group-jengabells/camera': PYTHONPATH=/home/yh6917/ME495/src/hw3group-jengabells/install/camera/lib/python3.10/site-packages:${PYTHONPATH} /usr/bin/python3 setup.py egg_info --egg-base ../build/camera build --build-base /home/yh6917/ME495/src/hw3group-jengabells/build/camera/build install --prefix /home/yh6917/ME495/src/hw3group-jengabells/install/camera --record /home/yh6917/ME495/src/hw3group-jengabells/build/camera/install.log --single-version-externally-managed
[1.228s] DEBUG:colcon.colcon_core.event_handler.log_command:Invoking command in '/home/yh6917/ME495/src/hw3group-jengabells/plan_execute': PYTHONPATH=/home/yh6917/ME495/src/hw3group-jengabells/install/plan_execute/lib/python3.10/site-packages:${PYTHONPATH} /usr/bin/python3 setup.py egg_info --egg-base ../build/plan_execute build --build-base /home/yh6917/ME495/src/hw3group-jengabells/build/plan_execute/build install --prefix /home/yh6917/ME495/src/hw3group-jengabells/install/plan_execute --record /home/yh6917/ME495/src/hw3group-jengabells/build/plan_execute/install.log --single-version-externally-managed
[1.269s] DEBUG:colcon.colcon_core.event_handler.log_command:Invoked command in '/home/yh6917/ME495/src/hw3group-jengabells/build/plan_execute_interface' returned '0': CMAKE_PREFIX_PATH=${CMAKE_PREFIX_PATH}:/home/yh6917/ME495/src/hw3group-jengabells/install/plan_execute:/home/yh6917/ME495/src/hw3group-jengabells/install/camera:/opt/ros/humble /usr/bin/cmake --build /home/yh6917/ME495/src/hw3group-jengabells/build/plan_execute_interface -- -j8 -l8
[1.333s] DEBUG:colcon.colcon_core.event_handler.log_command:Invoking command in '/home/yh6917/ME495/src/hw3group-jengabells/build/plan_execute_interface': CMAKE_PREFIX_PATH=${CMAKE_PREFIX_PATH}:/home/yh6917/ME495/src/hw3group-jengabells/install/plan_execute:/home/yh6917/ME495/src/hw3group-jengabells/install/camera:/opt/ros/humble /usr/bin/cmake --install /home/yh6917/ME495/src/hw3group-jengabells/build/plan_execute_interface
[1.387s] Level 1:colcon.colcon_core.environment:create_environment_scripts_only(plan_execute_interface)
[1.392s] DEBUG:colcon.colcon_core.event_handler.log_command:Invoked command in '/home/yh6917/ME495/src/hw3group-jengabells/build/plan_execute_interface' returned '0': CMAKE_PREFIX_PATH=${CMAKE_PREFIX_PATH}:/home/yh6917/ME495/src/hw3group-jengabells/install/plan_execute:/home/yh6917/ME495/src/hw3group-jengabells/install/camera:/opt/ros/humble /usr/bin/cmake --install /home/yh6917/ME495/src/hw3group-jengabells/build/plan_execute_interface
[1.393s] Level 1:colcon.colcon_core.environment:checking '/home/yh6917/ME495/src/hw3group-jengabells/install/plan_execute_interface' for CMake module files
[1.394s] Level 1:colcon.colcon_core.environment:checking '/home/yh6917/ME495/src/hw3group-jengabells/install/plan_execute_interface' for CMake config files
[1.394s] Level 1:colcon.colcon_core.shell:create_environment_hook('plan_execute_interface', 'cmake_prefix_path')
[1.395s] INFO:colcon.colcon_core.shell:Creating environment hook '/home/yh6917/ME495/src/hw3group-jengabells/install/plan_execute_interface/share/plan_execute_interface/hook/cmake_prefix_path.ps1'
[1.395s] INFO:colcon.colcon_core.shell:Creating environment descriptor '/home/yh6917/ME495/src/hw3group-jengabells/install/plan_execute_interface/share/plan_execute_interface/hook/cmake_prefix_path.dsv'
[1.396s] INFO:colcon.colcon_core.shell:Creating environment hook '/home/yh6917/ME495/src/hw3group-jengabells/install/plan_execute_interface/share/plan_execute_interface/hook/cmake_prefix_path.sh'
[1.396s] Level 1:colcon.colcon_core.environment:checking '/home/yh6917/ME495/src/hw3group-jengabells/install/plan_execute_interface/lib'
[1.396s] Level 1:colcon.colcon_core.shell:create_environment_hook('plan_execute_interface', 'ld_library_path_lib')
[1.397s] INFO:colcon.colcon_core.shell:Creating environment hook '/home/yh6917/ME495/src/hw3group-jengabells/install/plan_execute_interface/share/plan_execute_interface/hook/ld_library_path_lib.ps1'
[1.398s] INFO:colcon.colcon_core.shell:Creating environment descriptor '/home/yh6917/ME495/src/hw3group-jengabells/install/plan_execute_interface/share/plan_execute_interface/hook/ld_library_path_lib.dsv'
[1.398s] INFO:colcon.colcon_core.shell:Creating environment hook '/home/yh6917/ME495/src/hw3group-jengabells/install/plan_execute_interface/share/plan_execute_interface/hook/ld_library_path_lib.sh'
[1.398s] Level 1:colcon.colcon_core.environment:checking '/home/yh6917/ME495/src/hw3group-jengabells/install/plan_execute_interface/bin'
[1.399s] Level 1:colcon.colcon_core.environment:checking '/home/yh6917/ME495/src/hw3group-jengabells/install/plan_execute_interface/lib/pkgconfig/plan_execute_interface.pc'
[1.399s] Level 1:colcon.colcon_core.environment:checking '/home/yh6917/ME495/src/hw3group-jengabells/install/plan_execute_interface/lib/python3.10/site-packages'
[1.399s] Level 1:colcon.colcon_core.environment:checking '/home/yh6917/ME495/src/hw3group-jengabells/install/plan_execute_interface/bin'
[1.400s] INFO:colcon.colcon_core.shell:Creating package script '/home/yh6917/ME495/src/hw3group-jengabells/install/plan_execute_interface/share/plan_execute_interface/package.ps1'
[1.401s] INFO:colcon.colcon_core.shell:Creating package descriptor '/home/yh6917/ME495/src/hw3group-jengabells/install/plan_execute_interface/share/plan_execute_interface/package.dsv'
[1.402s] INFO:colcon.colcon_core.shell:Creating package script '/home/yh6917/ME495/src/hw3group-jengabells/install/plan_execute_interface/share/plan_execute_interface/package.sh'
[1.402s] INFO:colcon.colcon_core.shell:Creating package script '/home/yh6917/ME495/src/hw3group-jengabells/install/plan_execute_interface/share/plan_execute_interface/package.bash'
[1.403s] INFO:colcon.colcon_core.shell:Creating package script '/home/yh6917/ME495/src/hw3group-jengabells/install/plan_execute_interface/share/plan_execute_interface/package.zsh'
[1.403s] Level 1:colcon.colcon_core.environment:create_file_with_runtime_dependencies(/home/yh6917/ME495/src/hw3group-jengabells/install/plan_execute_interface/share/colcon-core/packages/plan_execute_interface)
[1.450s] Level 1:colcon.colcon_core.environment:create_environment_scripts_only(plan_execute_interface)
[1.452s] Level 1:colcon.colcon_core.environment:checking '/home/yh6917/ME495/src/hw3group-jengabells/install/plan_execute_interface' for CMake module files
[1.453s] Level 1:colcon.colcon_core.environment:checking '/home/yh6917/ME495/src/hw3group-jengabells/install/plan_execute_interface' for CMake config files
[1.454s] Level 1:colcon.colcon_core.shell:create_environment_hook('plan_execute_interface', 'cmake_prefix_path')
[1.455s] INFO:colcon.colcon_core.shell:Creating environment hook '/home/yh6917/ME495/src/hw3group-jengabells/install/plan_execute_interface/share/plan_execute_interface/hook/cmake_prefix_path.ps1'
[1.456s] INFO:colcon.colcon_core.shell:Creating environment descriptor '/home/yh6917/ME495/src/hw3group-jengabells/install/plan_execute_interface/share/plan_execute_interface/hook/cmake_prefix_path.dsv'
[1.456s] INFO:colcon.colcon_core.shell:Creating environment hook '/home/yh6917/ME495/src/hw3group-jengabells/install/plan_execute_interface/share/plan_execute_interface/hook/cmake_prefix_path.sh'
[1.457s] Level 1:colcon.colcon_core.environment:checking '/home/yh6917/ME495/src/hw3group-jengabells/install/plan_execute_interface/lib'
[1.457s] Level 1:colcon.colcon_core.shell:create_environment_hook('plan_execute_interface', 'ld_library_path_lib')
[1.458s] INFO:colcon.colcon_core.shell:Creating environment hook '/home/yh6917/ME495/src/hw3group-jengabells/install/plan_execute_interface/share/plan_execute_interface/hook/ld_library_path_lib.ps1'
[1.459s] INFO:colcon.colcon_core.shell:Creating environment descriptor '/home/yh6917/ME495/src/hw3group-jengabells/install/plan_execute_interface/share/plan_execute_interface/hook/ld_library_path_lib.dsv'
[1.459s] INFO:colcon.colcon_core.shell:Creating environment hook '/home/yh6917/ME495/src/hw3group-jengabells/install/plan_execute_interface/share/plan_execute_interface/hook/ld_library_path_lib.sh'
[1.459s] Level 1:colcon.colcon_core.environment:checking '/home/yh6917/ME495/src/hw3group-jengabells/install/plan_execute_interface/bin'
[1.460s] Level 1:colcon.colcon_core.environment:checking '/home/yh6917/ME495/src/hw3group-jengabells/install/plan_execute_interface/lib/pkgconfig/plan_execute_interface.pc'
[1.460s] Level 1:colcon.colcon_core.environment:checking '/home/yh6917/ME495/src/hw3group-jengabells/install/plan_execute_interface/lib/python3.10/site-packages'
[1.460s] Level 1:colcon.colcon_core.environment:checking '/home/yh6917/ME495/src/hw3group-jengabells/install/plan_execute_interface/bin'
[1.462s] INFO:colcon.colcon_core.shell:Creating package script '/home/yh6917/ME495/src/hw3group-jengabells/install/plan_execute_interface/share/plan_execute_interface/package.ps1'
[1.462s] INFO:colcon.colcon_core.shell:Creating package descriptor '/home/yh6917/ME495/src/hw3group-jengabells/install/plan_execute_interface/share/plan_execute_interface/package.dsv'
[1.463s] INFO:colcon.colcon_core.shell:Creating package script '/home/yh6917/ME495/src/hw3group-jengabells/install/plan_execute_interface/share/plan_execute_interface/package.sh'
[1.464s] INFO:colcon.colcon_core.shell:Creating package script '/home/yh6917/ME495/src/hw3group-jengabells/install/plan_execute_interface/share/plan_execute_interface/package.bash'
[1.464s] INFO:colcon.colcon_core.shell:Creating package script '/home/yh6917/ME495/src/hw3group-jengabells/install/plan_execute_interface/share/plan_execute_interface/package.zsh'
[1.464s] Level 1:colcon.colcon_core.environment:create_file_with_runtime_dependencies(/home/yh6917/ME495/src/hw3group-jengabells/install/plan_execute_interface/share/colcon-core/packages/plan_execute_interface)
[1.517s] Level 1:colcon.colcon_core.environment:checking '/home/yh6917/ME495/src/hw3group-jengabells/install/camera' for CMake module files
[1.517s] DEBUG:colcon.colcon_core.event_handler.log_command:Invoked command in '/home/yh6917/ME495/src/hw3group-jengabells/camera' returned '0': PYTHONPATH=/home/yh6917/ME495/src/hw3group-jengabells/install/camera/lib/python3.10/site-packages:${PYTHONPATH} /usr/bin/python3 setup.py egg_info --egg-base ../build/camera build --build-base /home/yh6917/ME495/src/hw3group-jengabells/build/camera/build install --prefix /home/yh6917/ME495/src/hw3group-jengabells/install/camera --record /home/yh6917/ME495/src/hw3group-jengabells/build/camera/install.log --single-version-externally-managed
[1.518s] Level 1:colcon.colcon_core.environment:checking '/home/yh6917/ME495/src/hw3group-jengabells/install/camera' for CMake config files
[1.518s] Level 1:colcon.colcon_core.environment:checking '/home/yh6917/ME495/src/hw3group-jengabells/install/camera/lib'
[1.519s] Level 1:colcon.colcon_core.environment:checking '/home/yh6917/ME495/src/hw3group-jengabells/install/camera/bin'
[1.519s] Level 1:colcon.colcon_core.environment:checking '/home/yh6917/ME495/src/hw3group-jengabells/install/camera/lib/pkgconfig/camera.pc'
[1.519s] Level 1:colcon.colcon_core.environment:checking '/home/yh6917/ME495/src/hw3group-jengabells/install/camera/lib/python3.10/site-packages'
[1.519s] Level 1:colcon.colcon_core.shell:create_environment_hook('camera', 'pythonpath')
[1.521s] INFO:colcon.colcon_core.shell:Creating environment hook '/home/yh6917/ME495/src/hw3group-jengabells/install/camera/share/camera/hook/pythonpath.ps1'
[1.521s] INFO:colcon.colcon_core.shell:Creating environment descriptor '/home/yh6917/ME495/src/hw3group-jengabells/install/camera/share/camera/hook/pythonpath.dsv'
[1.522s] INFO:colcon.colcon_core.shell:Creating environment hook '/home/yh6917/ME495/src/hw3group-jengabells/install/camera/share/camera/hook/pythonpath.sh'
[1.522s] Level 1:colcon.colcon_core.environment:checking '/home/yh6917/ME495/src/hw3group-jengabells/install/camera/bin'
[1.522s] Level 1:colcon.colcon_core.environment:create_environment_scripts_only(camera)
[1.524s] INFO:colcon.colcon_core.shell:Creating package script '/home/yh6917/ME495/src/hw3group-jengabells/install/camera/share/camera/package.ps1'
[1.525s] INFO:colcon.colcon_core.shell:Creating package descriptor '/home/yh6917/ME495/src/hw3group-jengabells/install/camera/share/camera/package.dsv'
[1.525s] INFO:colcon.colcon_core.shell:Creating package script '/home/yh6917/ME495/src/hw3group-jengabells/install/camera/share/camera/package.sh'
[1.526s] INFO:colcon.colcon_core.shell:Creating package script '/home/yh6917/ME495/src/hw3group-jengabells/install/camera/share/camera/package.bash'
[1.526s] INFO:colcon.colcon_core.shell:Creating package script '/home/yh6917/ME495/src/hw3group-jengabells/install/camera/share/camera/package.zsh'
[1.526s] Level 1:colcon.colcon_core.environment:create_file_with_runtime_dependencies(/home/yh6917/ME495/src/hw3group-jengabells/install/camera/share/colcon-core/packages/camera)
[1.529s] Level 1:colcon.colcon_core.environment:checking '/home/yh6917/ME495/src/hw3group-jengabells/install/plan_execute' for CMake module files
[1.530s] DEBUG:colcon.colcon_core.event_handler.log_command:Invoked command in '/home/yh6917/ME495/src/hw3group-jengabells/plan_execute' returned '0': PYTHONPATH=/home/yh6917/ME495/src/hw3group-jengabells/install/plan_execute/lib/python3.10/site-packages:${PYTHONPATH} /usr/bin/python3 setup.py egg_info --egg-base ../build/plan_execute build --build-base /home/yh6917/ME495/src/hw3group-jengabells/build/plan_execute/build install --prefix /home/yh6917/ME495/src/hw3group-jengabells/install/plan_execute --record /home/yh6917/ME495/src/hw3group-jengabells/build/plan_execute/install.log --single-version-externally-managed
[1.530s] Level 1:colcon.colcon_core.environment:checking '/home/yh6917/ME495/src/hw3group-jengabells/install/plan_execute' for CMake config files
[1.530s] Level 1:colcon.colcon_core.environment:checking '/home/yh6917/ME495/src/hw3group-jengabells/install/plan_execute/lib'
[1.530s] Level 1:colcon.colcon_core.environment:checking '/home/yh6917/ME495/src/hw3group-jengabells/install/plan_execute/bin'
[1.530s] Level 1:colcon.colcon_core.environment:checking '/home/yh6917/ME495/src/hw3group-jengabells/install/plan_execute/lib/pkgconfig/plan_execute.pc'
[1.530s] Level 1:colcon.colcon_core.environment:checking '/home/yh6917/ME495/src/hw3group-jengabells/install/plan_execute/lib/python3.10/site-packages'
[1.530s] Level 1:colcon.colcon_core.shell:create_environment_hook('plan_execute', 'pythonpath')
[1.531s] INFO:colcon.colcon_core.shell:Creating environment hook '/home/yh6917/ME495/src/hw3group-jengabells/install/plan_execute/share/plan_execute/hook/pythonpath.ps1'
[1.532s] INFO:colcon.colcon_core.shell:Creating environment descriptor '/home/yh6917/ME495/src/hw3group-jengabells/install/plan_execute/share/plan_execute/hook/pythonpath.dsv'
[1.532s] INFO:colcon.colcon_core.shell:Creating environment hook '/home/yh6917/ME495/src/hw3group-jengabells/install/plan_execute/share/plan_execute/hook/pythonpath.sh'
[1.533s] Level 1:colcon.colcon_core.environment:checking '/home/yh6917/ME495/src/hw3group-jengabells/install/plan_execute/bin'
[1.533s] Level 1:colcon.colcon_core.environment:create_environment_scripts_only(plan_execute)
[1.534s] INFO:colcon.colcon_core.shell:Creating package script '/home/yh6917/ME495/src/hw3group-jengabells/install/plan_execute/share/plan_execute/package.ps1'
[1.534s] INFO:colcon.colcon_core.shell:Creating package descriptor '/home/yh6917/ME495/src/hw3group-jengabells/install/plan_execute/share/plan_execute/package.dsv'
[1.534s] INFO:colcon.colcon_core.shell:Creating package script '/home/yh6917/ME495/src/hw3group-jengabells/install/plan_execute/share/plan_execute/package.sh'
[1.535s] INFO:colcon.colcon_core.shell:Creating package script '/home/yh6917/ME495/src/hw3group-jengabells/install/plan_execute/share/plan_execute/package.bash'
[1.535s] INFO:colcon.colcon_core.shell:Creating package script '/home/yh6917/ME495/src/hw3group-jengabells/install/plan_execute/share/plan_execute/package.zsh'
[1.535s] Level 1:colcon.colcon_core.environment:create_file_with_runtime_dependencies(/home/yh6917/ME495/src/hw3group-jengabells/install/plan_execute/share/colcon-core/packages/plan_execute)
[1.535s] DEBUG:colcon.colcon_parallel_executor.executor.parallel:closing loop
[1.535s] DEBUG:colcon.colcon_parallel_executor.executor.parallel:loop closed
[1.536s] DEBUG:colcon.colcon_parallel_executor.executor.parallel:run_until_complete finished with '0'
[1.536s] DEBUG:colcon.colcon_core.event_reactor:joining thread
[1.540s] INFO:colcon.colcon_core.plugin_system:Skipping extension 'colcon_notification.desktop_notification.terminal_notifier': Not used on non-Darwin systems
[1.540s] INFO:colcon.colcon_core.plugin_system:Skipping extension 'colcon_notification.desktop_notification.win32': Not used on non-Windows systems
[1.540s] INFO:colcon.colcon_notification.desktop_notification:Sending desktop notification using 'notify2'
[1.549s] DEBUG:colcon.colcon_core.event_reactor:joined thread
[1.550s] INFO:colcon.colcon_core.shell:Creating prefix script '/home/yh6917/ME495/src/hw3group-jengabells/install/local_setup.ps1'
[1.551s] INFO:colcon.colcon_core.shell:Creating prefix util module '/home/yh6917/ME495/src/hw3group-jengabells/install/_local_setup_util_ps1.py'
[1.552s] INFO:colcon.colcon_core.shell:Creating prefix chain script '/home/yh6917/ME495/src/hw3group-jengabells/install/setup.ps1'
[1.553s] INFO:colcon.colcon_core.shell:Creating prefix script '/home/yh6917/ME495/src/hw3group-jengabells/install/local_setup.sh'
[1.553s] INFO:colcon.colcon_core.shell:Creating prefix util module '/home/yh6917/ME495/src/hw3group-jengabells/install/_local_setup_util_sh.py'
[1.554s] INFO:colcon.colcon_core.shell:Creating prefix chain script '/home/yh6917/ME495/src/hw3group-jengabells/install/setup.sh'
[1.555s] INFO:colcon.colcon_core.shell:Creating prefix script '/home/yh6917/ME495/src/hw3group-jengabells/install/local_setup.bash'
[1.555s] INFO:colcon.colcon_core.shell:Creating prefix chain script '/home/yh6917/ME495/src/hw3group-jengabells/install/setup.bash'
[1.556s] INFO:colcon.colcon_core.shell:Creating prefix script '/home/yh6917/ME495/src/hw3group-jengabells/install/local_setup.zsh'
[1.556s] INFO:colcon.colcon_core.shell:Creating prefix chain script '/home/yh6917/ME495/src/hw3group-jengabells/install/setup.zsh'
