running egg_info
writing ../build/plan_execute/plan_execute.egg-info/PKG-INFO
writing dependency_links to ../build/plan_execute/plan_execute.egg-info/dependency_links.txt
writing entry points to ../build/plan_execute/plan_execute.egg-info/entry_points.txt
writing requirements to ../build/plan_execute/plan_execute.egg-info/requires.txt
writing top-level names to ../build/plan_execute/plan_execute.egg-info/top_level.txt
reading manifest file '../build/plan_execute/plan_execute.egg-info/SOURCES.txt'
writing manifest file '../build/plan_execute/plan_execute.egg-info/SOURCES.txt'
running build
running build_py
copying plan_execute/cv_test.py -> /home/yh6917/ME495/src/hw3group-jengabells/build/plan_execute/build/lib/plan_execute
running install
running install_lib
copying /home/yh6917/ME495/src/hw3group-jengabells/build/plan_execute/build/lib/plan_execute/cv_test.py -> /home/yh6917/ME495/src/hw3group-jengabells/install/plan_execute/lib/python3.10/site-packages/plan_execute
byte-compiling /home/yh6917/ME495/src/hw3group-jengabells/install/plan_execute/lib/python3.10/site-packages/plan_execute/cv_test.py to cv_test.cpython-310.pyc
running install_data
running install_egg_info
removing '/home/yh6917/ME495/src/hw3group-jengabells/install/plan_execute/lib/python3.10/site-packages/plan_execute-0.0.0-py3.10.egg-info' (and everything under it)
Copying ../build/plan_execute/plan_execute.egg-info to /home/yh6917/ME495/src/hw3group-jengabells/install/plan_execute/lib/python3.10/site-packages/plan_execute-0.0.0-py3.10.egg-info
running install_scripts
Installing cv_test script to /home/yh6917/ME495/src/hw3group-jengabells/install/plan_execute/lib/plan_execute
Installing simple_move script to /home/yh6917/ME495/src/hw3group-jengabells/install/plan_execute/lib/plan_execute
writing list of installed files to '/home/yh6917/ME495/src/hw3group-jengabells/build/plan_execute/install.log'
