[0.501s] Invoking command in '/home/yh6917/ME495/src/hw3group-jengabells/build/plan_execute_interface': CMAKE_PREFIX_PATH=${CMAKE_PREFIX_PATH}:/home/yh6917/ME495/src/hw3group-jengabells/install/camera:/home/yh6917/ME495/src/hw3group-jengabells/install/plan_execute:/opt/ros/humble /usr/bin/cmake --build /home/yh6917/ME495/src/hw3group-jengabells/build/plan_execute_interface -- -j8 -l8
[0.550s] [  2%] Built target plan_execute_interface__cpp
[0.551s] [ 12%] Built target plan_execute_interface__rosidl_generator_c
[0.575s] [ 12%] Built target ament_cmake_python_copy_plan_execute_interface
[0.581s] [ 23%] Built target plan_execute_interface__rosidl_typesupport_introspection_c
[0.582s] [ 33%] Built target plan_execute_interface__rosidl_typesupport_cpp
[0.586s] [ 43%] Built target plan_execute_interface__rosidl_typesupport_fastrtps_cpp
[0.587s] [ 53%] Built target plan_execute_interface__rosidl_typesupport_introspection_cpp
[0.591s] [ 64%] Built target plan_execute_interface__rosidl_typesupport_c
[0.596s] [ 74%] Built target plan_execute_interface__rosidl_typesupport_fastrtps_c
[0.615s] [ 74%] Built target plan_execute_interface
[0.635s] [ 76%] Built target plan_execute_interface__py
[0.658s] [ 84%] Built target plan_execute_interface__rosidl_generator_py
[0.684s] [ 89%] Built target plan_execute_interface__rosidl_typesupport_c__pyext
[0.684s] [ 94%] Built target plan_execute_interface__rosidl_typesupport_fastrtps_c__pyext
[0.688s] [100%] Built target plan_execute_interface__rosidl_typesupport_introspection_c__pyext
[0.901s] running egg_info
[0.901s] writing plan_execute_interface.egg-info/PKG-INFO
[0.902s] writing dependency_links to plan_execute_interface.egg-info/dependency_links.txt
[0.902s] writing top-level names to plan_execute_interface.egg-info/top_level.txt
[0.904s] reading manifest file 'plan_execute_interface.egg-info/SOURCES.txt'
[0.905s] writing manifest file 'plan_execute_interface.egg-info/SOURCES.txt'
[0.934s] [100%] Built target ament_cmake_python_build_plan_execute_interface_egg
[0.946s] Invoked command in '/home/yh6917/ME495/src/hw3group-jengabells/build/plan_execute_interface' returned '0': CMAKE_PREFIX_PATH=${CMAKE_PREFIX_PATH}:/home/yh6917/ME495/src/hw3group-jengabells/install/camera:/home/yh6917/ME495/src/hw3group-jengabells/install/plan_execute:/opt/ros/humble /usr/bin/cmake --build /home/yh6917/ME495/src/hw3group-jengabells/build/plan_execute_interface -- -j8 -l8
[1.035s] Invoking command in '/home/yh6917/ME495/src/hw3group-jengabells/build/plan_execute_interface': CMAKE_PREFIX_PATH=${CMAKE_PREFIX_PATH}:/home/yh6917/ME495/src/hw3group-jengabells/install/camera:/home/yh6917/ME495/src/hw3group-jengabells/install/plan_execute:/opt/ros/humble /usr/bin/cmake --install /home/yh6917/ME495/src/hw3group-jengabells/build/plan_execute_interface
[1.044s] -- Install configuration: ""
[1.044s] -- Up-to-date: /home/yh6917/ME495/src/hw3group-jengabells/install/plan_execute_interface/share/ament_index/resource_index/rosidl_interfaces/plan_execute_interface
[1.044s] -- Up-to-date: /home/yh6917/ME495/src/hw3group-jengabells/install/plan_execute_interface/include/plan_execute_interface/plan_execute_interface
[1.044s] -- Up-to-date: /home/yh6917/ME495/src/hw3group-jengabells/install/plan_execute_interface/include/plan_execute_interface/plan_execute_interface/srv
[1.044s] -- Up-to-date: /home/yh6917/ME495/src/hw3group-jengabells/install/plan_execute_interface/include/plan_execute_interface/plan_execute_interface/srv/go_here.h
[1.045s] -- Up-to-date: /home/yh6917/ME495/src/hw3group-jengabells/install/plan_execute_interface/include/plan_execute_interface/plan_execute_interface/srv/place.h
[1.045s] -- Up-to-date: /home/yh6917/ME495/src/hw3group-jengabells/install/plan_execute_interface/include/plan_execute_interface/plan_execute_interface/srv/detail
[1.045s] -- Up-to-date: /home/yh6917/ME495/src/hw3group-jengabells/install/plan_execute_interface/include/plan_execute_interface/plan_execute_interface/srv/detail/go_here__struct.h
[1.045s] -- Up-to-date: /home/yh6917/ME495/src/hw3group-jengabells/install/plan_execute_interface/include/plan_execute_interface/plan_execute_interface/srv/detail/place__type_support.h
[1.045s] -- Up-to-date: /home/yh6917/ME495/src/hw3group-jengabells/install/plan_execute_interface/include/plan_execute_interface/plan_execute_interface/srv/detail/place__functions.c
[1.045s] -- Up-to-date: /home/yh6917/ME495/src/hw3group-jengabells/install/plan_execute_interface/include/plan_execute_interface/plan_execute_interface/srv/detail/go_here__functions.h
[1.046s] -- Up-to-date: /home/yh6917/ME495/src/hw3group-jengabells/install/plan_execute_interface/include/plan_execute_interface/plan_execute_interface/srv/detail/go_here__type_support.h
[1.046s] -- Up-to-date: /home/yh6917/ME495/src/hw3group-jengabells/install/plan_execute_interface/include/plan_execute_interface/plan_execute_interface/srv/detail/place__struct.h
[1.046s] -- Up-to-date: /home/yh6917/ME495/src/hw3group-jengabells/install/plan_execute_interface/include/plan_execute_interface/plan_execute_interface/srv/detail/go_here__functions.c
[1.046s] -- Up-to-date: /home/yh6917/ME495/src/hw3group-jengabells/install/plan_execute_interface/include/plan_execute_interface/plan_execute_interface/srv/detail/place__functions.h
[1.046s] -- Up-to-date: /home/yh6917/ME495/src/hw3group-jengabells/install/plan_execute_interface/include/plan_execute_interface/plan_execute_interface/msg
[1.046s] -- Up-to-date: /home/yh6917/ME495/src/hw3group-jengabells/install/plan_execute_interface/include/plan_execute_interface/plan_execute_interface/msg/rosidl_generator_c__visibility_control.h
[1.046s] -- Up-to-date: /home/yh6917/ME495/src/hw3group-jengabells/install/plan_execute_interface/share/plan_execute_interface/environment/library_path.sh
[1.047s] -- Up-to-date: /home/yh6917/ME495/src/hw3group-jengabells/install/plan_execute_interface/share/plan_execute_interface/environment/library_path.dsv
[1.047s] -- Up-to-date: /home/yh6917/ME495/src/hw3group-jengabells/install/plan_execute_interface/lib/libplan_execute_interface__rosidl_generator_c.so
[1.047s] -- Up-to-date: /home/yh6917/ME495/src/hw3group-jengabells/install/plan_execute_interface/include/plan_execute_interface/plan_execute_interface
[1.047s] -- Up-to-date: /home/yh6917/ME495/src/hw3group-jengabells/install/plan_execute_interface/include/plan_execute_interface/plan_execute_interface/srv
[1.047s] -- Up-to-date: /home/yh6917/ME495/src/hw3group-jengabells/install/plan_execute_interface/include/plan_execute_interface/plan_execute_interface/srv/detail
[1.047s] -- Up-to-date: /home/yh6917/ME495/src/hw3group-jengabells/install/plan_execute_interface/include/plan_execute_interface/plan_execute_interface/srv/detail/go_here__rosidl_typesupport_fastrtps_c.h
[1.047s] -- Up-to-date: /home/yh6917/ME495/src/hw3group-jengabells/install/plan_execute_interface/include/plan_execute_interface/plan_execute_interface/srv/detail/place__rosidl_typesupport_fastrtps_c.h
[1.047s] -- Up-to-date: /home/yh6917/ME495/src/hw3group-jengabells/install/plan_execute_interface/include/plan_execute_interface/plan_execute_interface/msg
[1.048s] -- Up-to-date: /home/yh6917/ME495/src/hw3group-jengabells/install/plan_execute_interface/include/plan_execute_interface/plan_execute_interface/msg/rosidl_typesupport_fastrtps_c__visibility_control.h
[1.048s] -- Up-to-date: /home/yh6917/ME495/src/hw3group-jengabells/install/plan_execute_interface/lib/libplan_execute_interface__rosidl_typesupport_fastrtps_c.so
[1.048s] -- Up-to-date: /home/yh6917/ME495/src/hw3group-jengabells/install/plan_execute_interface/include/plan_execute_interface/plan_execute_interface
[1.048s] -- Up-to-date: /home/yh6917/ME495/src/hw3group-jengabells/install/plan_execute_interface/include/plan_execute_interface/plan_execute_interface/srv
[1.048s] -- Up-to-date: /home/yh6917/ME495/src/hw3group-jengabells/install/plan_execute_interface/include/plan_execute_interface/plan_execute_interface/srv/place.hpp
[1.048s] -- Up-to-date: /home/yh6917/ME495/src/hw3group-jengabells/install/plan_execute_interface/include/plan_execute_interface/plan_execute_interface/srv/detail
[1.048s] -- Up-to-date: /home/yh6917/ME495/src/hw3group-jengabells/install/plan_execute_interface/include/plan_execute_interface/plan_execute_interface/srv/detail/go_here__traits.hpp
[1.049s] -- Up-to-date: /home/yh6917/ME495/src/hw3group-jengabells/install/plan_execute_interface/include/plan_execute_interface/plan_execute_interface/srv/detail/go_here__builder.hpp
[1.049s] -- Up-to-date: /home/yh6917/ME495/src/hw3group-jengabells/install/plan_execute_interface/include/plan_execute_interface/plan_execute_interface/srv/detail/place__struct.hpp
[1.049s] -- Up-to-date: /home/yh6917/ME495/src/hw3group-jengabells/install/plan_execute_interface/include/plan_execute_interface/plan_execute_interface/srv/detail/place__traits.hpp
[1.049s] -- Up-to-date: /home/yh6917/ME495/src/hw3group-jengabells/install/plan_execute_interface/include/plan_execute_interface/plan_execute_interface/srv/detail/place__builder.hpp
[1.049s] -- Up-to-date: /home/yh6917/ME495/src/hw3group-jengabells/install/plan_execute_interface/include/plan_execute_interface/plan_execute_interface/srv/detail/go_here__struct.hpp
[1.049s] -- Up-to-date: /home/yh6917/ME495/src/hw3group-jengabells/install/plan_execute_interface/include/plan_execute_interface/plan_execute_interface/srv/go_here.hpp
[1.049s] -- Up-to-date: /home/yh6917/ME495/src/hw3group-jengabells/install/plan_execute_interface/include/plan_execute_interface/plan_execute_interface
[1.049s] -- Up-to-date: /home/yh6917/ME495/src/hw3group-jengabells/install/plan_execute_interface/include/plan_execute_interface/plan_execute_interface/srv
[1.050s] -- Up-to-date: /home/yh6917/ME495/src/hw3group-jengabells/install/plan_execute_interface/include/plan_execute_interface/plan_execute_interface/srv/detail
[1.050s] -- Up-to-date: /home/yh6917/ME495/src/hw3group-jengabells/install/plan_execute_interface/include/plan_execute_interface/plan_execute_interface/srv/detail/dds_fastrtps
[1.050s] -- Up-to-date: /home/yh6917/ME495/src/hw3group-jengabells/install/plan_execute_interface/include/plan_execute_interface/plan_execute_interface/srv/detail/go_here__rosidl_typesupport_fastrtps_cpp.hpp
[1.050s] -- Up-to-date: /home/yh6917/ME495/src/hw3group-jengabells/install/plan_execute_interface/include/plan_execute_interface/plan_execute_interface/srv/detail/place__rosidl_typesupport_fastrtps_cpp.hpp
[1.050s] -- Up-to-date: /home/yh6917/ME495/src/hw3group-jengabells/install/plan_execute_interface/include/plan_execute_interface/plan_execute_interface/msg
[1.050s] -- Up-to-date: /home/yh6917/ME495/src/hw3group-jengabells/install/plan_execute_interface/include/plan_execute_interface/plan_execute_interface/msg/rosidl_typesupport_fastrtps_cpp__visibility_control.h
[1.050s] -- Up-to-date: /home/yh6917/ME495/src/hw3group-jengabells/install/plan_execute_interface/lib/libplan_execute_interface__rosidl_typesupport_fastrtps_cpp.so
[1.050s] -- Up-to-date: /home/yh6917/ME495/src/hw3group-jengabells/install/plan_execute_interface/include/plan_execute_interface/plan_execute_interface
[1.050s] -- Up-to-date: /home/yh6917/ME495/src/hw3group-jengabells/install/plan_execute_interface/include/plan_execute_interface/plan_execute_interface/srv
[1.051s] -- Up-to-date: /home/yh6917/ME495/src/hw3group-jengabells/install/plan_execute_interface/include/plan_execute_interface/plan_execute_interface/srv/detail
[1.051s] -- Up-to-date: /home/yh6917/ME495/src/hw3group-jengabells/install/plan_execute_interface/include/plan_execute_interface/plan_execute_interface/srv/detail/place__rosidl_typesupport_introspection_c.h
[1.051s] -- Up-to-date: /home/yh6917/ME495/src/hw3group-jengabells/install/plan_execute_interface/include/plan_execute_interface/plan_execute_interface/srv/detail/place__type_support.c
[1.051s] -- Up-to-date: /home/yh6917/ME495/src/hw3group-jengabells/install/plan_execute_interface/include/plan_execute_interface/plan_execute_interface/srv/detail/go_here__type_support.c
[1.051s] -- Up-to-date: /home/yh6917/ME495/src/hw3group-jengabells/install/plan_execute_interface/include/plan_execute_interface/plan_execute_interface/srv/detail/go_here__rosidl_typesupport_introspection_c.h
[1.051s] -- Up-to-date: /home/yh6917/ME495/src/hw3group-jengabells/install/plan_execute_interface/include/plan_execute_interface/plan_execute_interface/msg
[1.051s] -- Up-to-date: /home/yh6917/ME495/src/hw3group-jengabells/install/plan_execute_interface/include/plan_execute_interface/plan_execute_interface/msg/rosidl_typesupport_introspection_c__visibility_control.h
[1.051s] -- Up-to-date: /home/yh6917/ME495/src/hw3group-jengabells/install/plan_execute_interface/lib/libplan_execute_interface__rosidl_typesupport_introspection_c.so
[1.051s] -- Up-to-date: /home/yh6917/ME495/src/hw3group-jengabells/install/plan_execute_interface/lib/libplan_execute_interface__rosidl_typesupport_c.so
[1.052s] -- Up-to-date: /home/yh6917/ME495/src/hw3group-jengabells/install/plan_execute_interface/include/plan_execute_interface/plan_execute_interface
[1.052s] -- Up-to-date: /home/yh6917/ME495/src/hw3group-jengabells/install/plan_execute_interface/include/plan_execute_interface/plan_execute_interface/srv
[1.052s] -- Up-to-date: /home/yh6917/ME495/src/hw3group-jengabells/install/plan_execute_interface/include/plan_execute_interface/plan_execute_interface/srv/detail
[1.052s] -- Up-to-date: /home/yh6917/ME495/src/hw3group-jengabells/install/plan_execute_interface/include/plan_execute_interface/plan_execute_interface/srv/detail/go_here__type_support.cpp
[1.052s] -- Up-to-date: /home/yh6917/ME495/src/hw3group-jengabells/install/plan_execute_interface/include/plan_execute_interface/plan_execute_interface/srv/detail/go_here__rosidl_typesupport_introspection_cpp.hpp
[1.052s] -- Up-to-date: /home/yh6917/ME495/src/hw3group-jengabells/install/plan_execute_interface/include/plan_execute_interface/plan_execute_interface/srv/detail/place__type_support.cpp
[1.052s] -- Up-to-date: /home/yh6917/ME495/src/hw3group-jengabells/install/plan_execute_interface/include/plan_execute_interface/plan_execute_interface/srv/detail/place__rosidl_typesupport_introspection_cpp.hpp
[1.052s] -- Up-to-date: /home/yh6917/ME495/src/hw3group-jengabells/install/plan_execute_interface/lib/libplan_execute_interface__rosidl_typesupport_introspection_cpp.so
[1.052s] -- Up-to-date: /home/yh6917/ME495/src/hw3group-jengabells/install/plan_execute_interface/lib/libplan_execute_interface__rosidl_typesupport_cpp.so
[1.053s] -- Up-to-date: /home/yh6917/ME495/src/hw3group-jengabells/install/plan_execute_interface/share/plan_execute_interface/environment/pythonpath.sh
[1.053s] -- Up-to-date: /home/yh6917/ME495/src/hw3group-jengabells/install/plan_execute_interface/share/plan_execute_interface/environment/pythonpath.dsv
[1.053s] -- Up-to-date: /home/yh6917/ME495/src/hw3group-jengabells/install/plan_execute_interface/local/lib/python3.10/dist-packages/plan_execute_interface-0.0.0-py3.10.egg-info
[1.053s] -- Installing: /home/yh6917/ME495/src/hw3group-jengabells/install/plan_execute_interface/local/lib/python3.10/dist-packages/plan_execute_interface-0.0.0-py3.10.egg-info/dependency_links.txt
[1.053s] -- Installing: /home/yh6917/ME495/src/hw3group-jengabells/install/plan_execute_interface/local/lib/python3.10/dist-packages/plan_execute_interface-0.0.0-py3.10.egg-info/PKG-INFO
[1.053s] -- Installing: /home/yh6917/ME495/src/hw3group-jengabells/install/plan_execute_interface/local/lib/python3.10/dist-packages/plan_execute_interface-0.0.0-py3.10.egg-info/top_level.txt
[1.053s] -- Installing: /home/yh6917/ME495/src/hw3group-jengabells/install/plan_execute_interface/local/lib/python3.10/dist-packages/plan_execute_interface-0.0.0-py3.10.egg-info/SOURCES.txt
[1.053s] -- Up-to-date: /home/yh6917/ME495/src/hw3group-jengabells/install/plan_execute_interface/local/lib/python3.10/dist-packages/plan_execute_interface
[1.053s] -- Up-to-date: /home/yh6917/ME495/src/hw3group-jengabells/install/plan_execute_interface/local/lib/python3.10/dist-packages/plan_execute_interface/__init__.py
[1.054s] -- Up-to-date: /home/yh6917/ME495/src/hw3group-jengabells/install/plan_execute_interface/local/lib/python3.10/dist-packages/plan_execute_interface/srv
[1.054s] -- Up-to-date: /home/yh6917/ME495/src/hw3group-jengabells/install/plan_execute_interface/local/lib/python3.10/dist-packages/plan_execute_interface/srv/__init__.py
[1.054s] -- Up-to-date: /home/yh6917/ME495/src/hw3group-jengabells/install/plan_execute_interface/local/lib/python3.10/dist-packages/plan_execute_interface/srv/_place_s.c
[1.054s] -- Up-to-date: /home/yh6917/ME495/src/hw3group-jengabells/install/plan_execute_interface/local/lib/python3.10/dist-packages/plan_execute_interface/srv/_go_here_s.c
[1.054s] -- Up-to-date: /home/yh6917/ME495/src/hw3group-jengabells/install/plan_execute_interface/local/lib/python3.10/dist-packages/plan_execute_interface/srv/_place.py
[1.054s] -- Up-to-date: /home/yh6917/ME495/src/hw3group-jengabells/install/plan_execute_interface/local/lib/python3.10/dist-packages/plan_execute_interface/srv/_go_here.py
[1.054s] -- Up-to-date: /home/yh6917/ME495/src/hw3group-jengabells/install/plan_execute_interface/local/lib/python3.10/dist-packages/plan_execute_interface/_plan_execute_interface_s.ep.rosidl_typesupport_fastrtps_c.c
[1.054s] -- Up-to-date: /home/yh6917/ME495/src/hw3group-jengabells/install/plan_execute_interface/local/lib/python3.10/dist-packages/plan_execute_interface/plan_execute_interface_s__rosidl_typesupport_introspection_c.cpython-310-x86_64-linux-gnu.so
[1.054s] -- Up-to-date: /home/yh6917/ME495/src/hw3group-jengabells/install/plan_execute_interface/local/lib/python3.10/dist-packages/plan_execute_interface/_plan_execute_interface_s.ep.rosidl_typesupport_c.c
[1.055s] -- Up-to-date: /home/yh6917/ME495/src/hw3group-jengabells/install/plan_execute_interface/local/lib/python3.10/dist-packages/plan_execute_interface/_plan_execute_interface_s.ep.rosidl_typesupport_introspection_c.c
[1.055s] -- Up-to-date: /home/yh6917/ME495/src/hw3group-jengabells/install/plan_execute_interface/local/lib/python3.10/dist-packages/plan_execute_interface/plan_execute_interface_s__rosidl_typesupport_fastrtps_c.cpython-310-x86_64-linux-gnu.so
[1.055s] -- Up-to-date: /home/yh6917/ME495/src/hw3group-jengabells/install/plan_execute_interface/local/lib/python3.10/dist-packages/plan_execute_interface/plan_execute_interface_s__rosidl_typesupport_c.cpython-310-x86_64-linux-gnu.so
[1.055s] -- Up-to-date: /home/yh6917/ME495/src/hw3group-jengabells/install/plan_execute_interface/local/lib/python3.10/dist-packages/plan_execute_interface/libplan_execute_interface__rosidl_generator_py.so
[1.086s] Listing '/home/yh6917/ME495/src/hw3group-jengabells/install/plan_execute_interface/local/lib/python3.10/dist-packages/plan_execute_interface'...
[1.086s] Listing '/home/yh6917/ME495/src/hw3group-jengabells/install/plan_execute_interface/local/lib/python3.10/dist-packages/plan_execute_interface/srv'...
[1.091s] -- Up-to-date: /home/yh6917/ME495/src/hw3group-jengabells/install/plan_execute_interface/local/lib/python3.10/dist-packages/plan_execute_interface/plan_execute_interface_s__rosidl_typesupport_fastrtps_c.cpython-310-x86_64-linux-gnu.so
[1.092s] -- Up-to-date: /home/yh6917/ME495/src/hw3group-jengabells/install/plan_execute_interface/local/lib/python3.10/dist-packages/plan_execute_interface/plan_execute_interface_s__rosidl_typesupport_introspection_c.cpython-310-x86_64-linux-gnu.so
[1.092s] -- Up-to-date: /home/yh6917/ME495/src/hw3group-jengabells/install/plan_execute_interface/local/lib/python3.10/dist-packages/plan_execute_interface/plan_execute_interface_s__rosidl_typesupport_c.cpython-310-x86_64-linux-gnu.so
[1.092s] -- Up-to-date: /home/yh6917/ME495/src/hw3group-jengabells/install/plan_execute_interface/lib/libplan_execute_interface__rosidl_generator_py.so
[1.093s] -- Up-to-date: /home/yh6917/ME495/src/hw3group-jengabells/install/plan_execute_interface/share/plan_execute_interface/srv/GoHere.idl
[1.093s] -- Up-to-date: /home/yh6917/ME495/src/hw3group-jengabells/install/plan_execute_interface/share/plan_execute_interface/srv/Place.idl
[1.093s] -- Up-to-date: /home/yh6917/ME495/src/hw3group-jengabells/install/plan_execute_interface/share/plan_execute_interface/srv/GoHere.srv
[1.093s] -- Up-to-date: /home/yh6917/ME495/src/hw3group-jengabells/install/plan_execute_interface/share/plan_execute_interface/srv/GoHere_Request.msg
[1.093s] -- Up-to-date: /home/yh6917/ME495/src/hw3group-jengabells/install/plan_execute_interface/share/plan_execute_interface/srv/GoHere_Response.msg
[1.093s] -- Up-to-date: /home/yh6917/ME495/src/hw3group-jengabells/install/plan_execute_interface/share/plan_execute_interface/srv/Place.srv
[1.094s] -- Up-to-date: /home/yh6917/ME495/src/hw3group-jengabells/install/plan_execute_interface/share/plan_execute_interface/srv/Place_Request.msg
[1.094s] -- Up-to-date: /home/yh6917/ME495/src/hw3group-jengabells/install/plan_execute_interface/share/plan_execute_interface/srv/Place_Response.msg
[1.094s] -- Up-to-date: /home/yh6917/ME495/src/hw3group-jengabells/install/plan_execute_interface/share/ament_index/resource_index/package_run_dependencies/plan_execute_interface
[1.094s] -- Up-to-date: /home/yh6917/ME495/src/hw3group-jengabells/install/plan_execute_interface/share/ament_index/resource_index/parent_prefix_path/plan_execute_interface
[1.094s] -- Up-to-date: /home/yh6917/ME495/src/hw3group-jengabells/install/plan_execute_interface/share/plan_execute_interface/environment/ament_prefix_path.sh
[1.094s] -- Up-to-date: /home/yh6917/ME495/src/hw3group-jengabells/install/plan_execute_interface/share/plan_execute_interface/environment/ament_prefix_path.dsv
[1.094s] -- Up-to-date: /home/yh6917/ME495/src/hw3group-jengabells/install/plan_execute_interface/share/plan_execute_interface/environment/path.sh
[1.095s] -- Up-to-date: /home/yh6917/ME495/src/hw3group-jengabells/install/plan_execute_interface/share/plan_execute_interface/environment/path.dsv
[1.095s] -- Up-to-date: /home/yh6917/ME495/src/hw3group-jengabells/install/plan_execute_interface/share/plan_execute_interface/local_setup.bash
[1.095s] -- Up-to-date: /home/yh6917/ME495/src/hw3group-jengabells/install/plan_execute_interface/share/plan_execute_interface/local_setup.sh
[1.095s] -- Up-to-date: /home/yh6917/ME495/src/hw3group-jengabells/install/plan_execute_interface/share/plan_execute_interface/local_setup.zsh
[1.095s] -- Up-to-date: /home/yh6917/ME495/src/hw3group-jengabells/install/plan_execute_interface/share/plan_execute_interface/local_setup.dsv
[1.095s] -- Installing: /home/yh6917/ME495/src/hw3group-jengabells/install/plan_execute_interface/share/plan_execute_interface/package.dsv
[1.095s] -- Up-to-date: /home/yh6917/ME495/src/hw3group-jengabells/install/plan_execute_interface/share/ament_index/resource_index/packages/plan_execute_interface
[1.096s] -- Up-to-date: /home/yh6917/ME495/src/hw3group-jengabells/install/plan_execute_interface/share/plan_execute_interface/cmake/export_plan_execute_interface__rosidl_generator_cExport.cmake
[1.096s] -- Up-to-date: /home/yh6917/ME495/src/hw3group-jengabells/install/plan_execute_interface/share/plan_execute_interface/cmake/export_plan_execute_interface__rosidl_generator_cExport-noconfig.cmake
[1.096s] -- Up-to-date: /home/yh6917/ME495/src/hw3group-jengabells/install/plan_execute_interface/share/plan_execute_interface/cmake/export_plan_execute_interface__rosidl_typesupport_fastrtps_cExport.cmake
[1.096s] -- Up-to-date: /home/yh6917/ME495/src/hw3group-jengabells/install/plan_execute_interface/share/plan_execute_interface/cmake/export_plan_execute_interface__rosidl_typesupport_fastrtps_cExport-noconfig.cmake
[1.096s] -- Up-to-date: /home/yh6917/ME495/src/hw3group-jengabells/install/plan_execute_interface/share/plan_execute_interface/cmake/export_plan_execute_interface__rosidl_generator_cppExport.cmake
[1.096s] -- Up-to-date: /home/yh6917/ME495/src/hw3group-jengabells/install/plan_execute_interface/share/plan_execute_interface/cmake/export_plan_execute_interface__rosidl_typesupport_fastrtps_cppExport.cmake
[1.096s] -- Up-to-date: /home/yh6917/ME495/src/hw3group-jengabells/install/plan_execute_interface/share/plan_execute_interface/cmake/export_plan_execute_interface__rosidl_typesupport_fastrtps_cppExport-noconfig.cmake
[1.097s] -- Up-to-date: /home/yh6917/ME495/src/hw3group-jengabells/install/plan_execute_interface/share/plan_execute_interface/cmake/plan_execute_interface__rosidl_typesupport_introspection_cExport.cmake
[1.097s] -- Up-to-date: /home/yh6917/ME495/src/hw3group-jengabells/install/plan_execute_interface/share/plan_execute_interface/cmake/plan_execute_interface__rosidl_typesupport_introspection_cExport-noconfig.cmake
[1.097s] -- Up-to-date: /home/yh6917/ME495/src/hw3group-jengabells/install/plan_execute_interface/share/plan_execute_interface/cmake/plan_execute_interface__rosidl_typesupport_cExport.cmake
[1.097s] -- Up-to-date: /home/yh6917/ME495/src/hw3group-jengabells/install/plan_execute_interface/share/plan_execute_interface/cmake/plan_execute_interface__rosidl_typesupport_cExport-noconfig.cmake
[1.097s] -- Up-to-date: /home/yh6917/ME495/src/hw3group-jengabells/install/plan_execute_interface/share/plan_execute_interface/cmake/plan_execute_interface__rosidl_typesupport_introspection_cppExport.cmake
[1.097s] -- Up-to-date: /home/yh6917/ME495/src/hw3group-jengabells/install/plan_execute_interface/share/plan_execute_interface/cmake/plan_execute_interface__rosidl_typesupport_introspection_cppExport-noconfig.cmake
[1.097s] -- Up-to-date: /home/yh6917/ME495/src/hw3group-jengabells/install/plan_execute_interface/share/plan_execute_interface/cmake/plan_execute_interface__rosidl_typesupport_cppExport.cmake
[1.097s] -- Up-to-date: /home/yh6917/ME495/src/hw3group-jengabells/install/plan_execute_interface/share/plan_execute_interface/cmake/plan_execute_interface__rosidl_typesupport_cppExport-noconfig.cmake
[1.098s] -- Up-to-date: /home/yh6917/ME495/src/hw3group-jengabells/install/plan_execute_interface/share/plan_execute_interface/cmake/export_plan_execute_interface__rosidl_generator_pyExport.cmake
[1.098s] -- Up-to-date: /home/yh6917/ME495/src/hw3group-jengabells/install/plan_execute_interface/share/plan_execute_interface/cmake/export_plan_execute_interface__rosidl_generator_pyExport-noconfig.cmake
[1.098s] -- Up-to-date: /home/yh6917/ME495/src/hw3group-jengabells/install/plan_execute_interface/share/plan_execute_interface/cmake/rosidl_cmake-extras.cmake
[1.098s] -- Up-to-date: /home/yh6917/ME495/src/hw3group-jengabells/install/plan_execute_interface/share/plan_execute_interface/cmake/ament_cmake_export_dependencies-extras.cmake
[1.098s] -- Up-to-date: /home/yh6917/ME495/src/hw3group-jengabells/install/plan_execute_interface/share/plan_execute_interface/cmake/ament_cmake_export_include_directories-extras.cmake
[1.098s] -- Up-to-date: /home/yh6917/ME495/src/hw3group-jengabells/install/plan_execute_interface/share/plan_execute_interface/cmake/ament_cmake_export_libraries-extras.cmake
[1.098s] -- Up-to-date: /home/yh6917/ME495/src/hw3group-jengabells/install/plan_execute_interface/share/plan_execute_interface/cmake/ament_cmake_export_targets-extras.cmake
[1.098s] -- Up-to-date: /home/yh6917/ME495/src/hw3group-jengabells/install/plan_execute_interface/share/plan_execute_interface/cmake/rosidl_cmake_export_typesupport_targets-extras.cmake
[1.098s] -- Up-to-date: /home/yh6917/ME495/src/hw3group-jengabells/install/plan_execute_interface/share/plan_execute_interface/cmake/rosidl_cmake_export_typesupport_libraries-extras.cmake
[1.099s] -- Up-to-date: /home/yh6917/ME495/src/hw3group-jengabells/install/plan_execute_interface/share/plan_execute_interface/cmake/plan_execute_interfaceConfig.cmake
[1.099s] -- Up-to-date: /home/yh6917/ME495/src/hw3group-jengabells/install/plan_execute_interface/share/plan_execute_interface/cmake/plan_execute_interfaceConfig-version.cmake
[1.099s] -- Up-to-date: /home/yh6917/ME495/src/hw3group-jengabells/install/plan_execute_interface/share/plan_execute_interface/package.xml
[1.101s] Invoked command in '/home/yh6917/ME495/src/hw3group-jengabells/build/plan_execute_interface' returned '0': CMAKE_PREFIX_PATH=${CMAKE_PREFIX_PATH}:/home/yh6917/ME495/src/hw3group-jengabells/install/camera:/home/yh6917/ME495/src/hw3group-jengabells/install/plan_execute:/opt/ros/humble /usr/bin/cmake --install /home/yh6917/ME495/src/hw3group-jengabells/build/plan_execute_interface
