[0.986s] Invoking command in '/home/yh6917/ME495/src/hw3group-jengabells/camera': PYTHONPATH=/home/yh6917/ME495/src/hw3group-jengabells/install/camera/lib/python3.10/site-packages:${PYTHONPATH} /usr/bin/python3 setup.py egg_info --egg-base ../build/camera build --build-base /home/yh6917/ME495/src/hw3group-jengabells/build/camera/build install --prefix /home/yh6917/ME495/src/hw3group-jengabells/install/camera --record /home/yh6917/ME495/src/hw3group-jengabells/build/camera/install.log --single-version-externally-managed
[1.206s] running egg_info
[1.206s] writing ../build/camera/camera.egg-info/PKG-INFO
[1.206s] writing dependency_links to ../build/camera/camera.egg-info/dependency_links.txt
[1.206s] writing entry points to ../build/camera/camera.egg-info/entry_points.txt
[1.206s] writing requirements to ../build/camera/camera.egg-info/requires.txt
[1.206s] writing top-level names to ../build/camera/camera.egg-info/top_level.txt
[1.208s] reading manifest file '../build/camera/camera.egg-info/SOURCES.txt'
[1.208s] writing manifest file '../build/camera/camera.egg-info/SOURCES.txt'
[1.209s] running build
[1.209s] running build_py
[1.209s] copying camera/realsense.py -> /home/yh6917/ME495/src/hw3group-jengabells/build/camera/build/lib/camera
[1.209s] running install
[1.210s] running install_lib
[1.210s] copying /home/yh6917/ME495/src/hw3group-jengabells/build/camera/build/lib/camera/realsense.py -> /home/yh6917/ME495/src/hw3group-jengabells/install/camera/lib/python3.10/site-packages/camera
[1.211s] byte-compiling /home/yh6917/ME495/src/hw3group-jengabells/install/camera/lib/python3.10/site-packages/camera/realsense.py to realsense.cpython-310.pyc
[1.213s] running install_data
[1.214s] running install_egg_info
[1.215s] removing '/home/yh6917/ME495/src/hw3group-jengabells/install/camera/lib/python3.10/site-packages/camera-0.0.0-py3.10.egg-info' (and everything under it)
[1.215s] Copying ../build/camera/camera.egg-info to /home/yh6917/ME495/src/hw3group-jengabells/install/camera/lib/python3.10/site-packages/camera-0.0.0-py3.10.egg-info
[1.216s] running install_scripts
[1.232s] Installing broadcast script to /home/yh6917/ME495/src/hw3group-jengabells/install/camera/lib/camera
[1.233s] Installing cali script to /home/yh6917/ME495/src/hw3group-jengabells/install/camera/lib/camera
[1.233s] Installing cam script to /home/yh6917/ME495/src/hw3group-jengabells/install/camera/lib/camera
[1.233s] writing list of installed files to '/home/yh6917/ME495/src/hw3group-jengabells/build/camera/install.log'
[1.258s] Invoked command in '/home/yh6917/ME495/src/hw3group-jengabells/camera' returned '0': PYTHONPATH=/home/yh6917/ME495/src/hw3group-jengabells/install/camera/lib/python3.10/site-packages:${PYTHONPATH} /usr/bin/python3 setup.py egg_info --egg-base ../build/camera build --build-base /home/yh6917/ME495/src/hw3group-jengabells/build/camera/build install --prefix /home/yh6917/ME495/src/hw3group-jengabells/install/camera --record /home/yh6917/ME495/src/hw3group-jengabells/build/camera/install.log --single-version-externally-managed
