[0.444s] Invoking command in '/home/yh6917/ME495/src/hw3group-jengabells/build/plan_execute_interface': CMAKE_PREFIX_PATH=${CMAKE_PREFIX_PATH}:/home/yh6917/ME495/src/hw3group-jengabells/install/camera:/home/yh6917/ME495/src/hw3group-jengabells/install/plan_execute:/opt/ros/humble /usr/bin/cmake --build /home/yh6917/ME495/src/hw3group-jengabells/build/plan_execute_interface -- -j8 -l8
[0.487s] [  2%] Built target plan_execute_interface__cpp
[0.489s] [ 12%] Built target plan_execute_interface__rosidl_generator_c
[0.511s] [ 12%] Built target ament_cmake_python_copy_plan_execute_interface
[0.522s] [ 35%] Built target plan_execute_interface__rosidl_typesupport_introspection_cpp
[0.522s] [ 43%] Built target plan_execute_interface__rosidl_typesupport_c
[0.523s] [ 35%] Built target plan_execute_interface__rosidl_typesupport_fastrtps_cpp
[0.523s] [ 53%] Built target plan_execute_interface__rosidl_typesupport_fastrtps_c
[0.525s] [ 64%] Built target plan_execute_interface__rosidl_typesupport_introspection_c
[0.528s] [ 74%] Built target plan_execute_interface__rosidl_typesupport_cpp
[0.547s] [ 74%] Built target plan_execute_interface
[0.566s] [ 76%] Built target plan_execute_interface__py
[0.586s] [ 84%] Built target plan_execute_interface__rosidl_generator_py
[0.611s] [ 94%] Built target plan_execute_interface__rosidl_typesupport_c__pyext
[0.611s] [ 94%] Built target plan_execute_interface__rosidl_typesupport_introspection_c__pyext
[0.615s] [100%] Built target plan_execute_interface__rosidl_typesupport_fastrtps_c__pyext
[0.832s] running egg_info
[0.833s] writing plan_execute_interface.egg-info/PKG-INFO
[0.833s] writing dependency_links to plan_execute_interface.egg-info/dependency_links.txt
[0.833s] writing top-level names to plan_execute_interface.egg-info/top_level.txt
[0.836s] reading manifest file 'plan_execute_interface.egg-info/SOURCES.txt'
[0.837s] writing manifest file 'plan_execute_interface.egg-info/SOURCES.txt'
[0.862s] [100%] Built target ament_cmake_python_build_plan_execute_interface_egg
[0.874s] Invoked command in '/home/yh6917/ME495/src/hw3group-jengabells/build/plan_execute_interface' returned '0': CMAKE_PREFIX_PATH=${CMAKE_PREFIX_PATH}:/home/yh6917/ME495/src/hw3group-jengabells/install/camera:/home/yh6917/ME495/src/hw3group-jengabells/install/plan_execute:/opt/ros/humble /usr/bin/cmake --build /home/yh6917/ME495/src/hw3group-jengabells/build/plan_execute_interface -- -j8 -l8
[0.953s] Invoking command in '/home/yh6917/ME495/src/hw3group-jengabells/build/plan_execute_interface': CMAKE_PREFIX_PATH=${CMAKE_PREFIX_PATH}:/home/yh6917/ME495/src/hw3group-jengabells/install/camera:/home/yh6917/ME495/src/hw3group-jengabells/install/plan_execute:/opt/ros/humble /usr/bin/cmake --install /home/yh6917/ME495/src/hw3group-jengabells/build/plan_execute_interface
[0.960s] -- Install configuration: ""
[0.961s] -- Up-to-date: /home/yh6917/ME495/src/hw3group-jengabells/install/plan_execute_interface/share/ament_index/resource_index/rosidl_interfaces/plan_execute_interface
[0.961s] -- Up-to-date: /home/yh6917/ME495/src/hw3group-jengabells/install/plan_execute_interface/include/plan_execute_interface/plan_execute_interface
[0.961s] -- Up-to-date: /home/yh6917/ME495/src/hw3group-jengabells/install/plan_execute_interface/include/plan_execute_interface/plan_execute_interface/srv
[0.961s] -- Up-to-date: /home/yh6917/ME495/src/hw3group-jengabells/install/plan_execute_interface/include/plan_execute_interface/plan_execute_interface/srv/go_here.h
[0.961s] -- Up-to-date: /home/yh6917/ME495/src/hw3group-jengabells/install/plan_execute_interface/include/plan_execute_interface/plan_execute_interface/srv/place.h
[0.961s] -- Up-to-date: /home/yh6917/ME495/src/hw3group-jengabells/install/plan_execute_interface/include/plan_execute_interface/plan_execute_interface/srv/detail
[0.962s] -- Up-to-date: /home/yh6917/ME495/src/hw3group-jengabells/install/plan_execute_interface/include/plan_execute_interface/plan_execute_interface/srv/detail/go_here__struct.h
[0.962s] -- Up-to-date: /home/yh6917/ME495/src/hw3group-jengabells/install/plan_execute_interface/include/plan_execute_interface/plan_execute_interface/srv/detail/place__type_support.h
[0.962s] -- Up-to-date: /home/yh6917/ME495/src/hw3group-jengabells/install/plan_execute_interface/include/plan_execute_interface/plan_execute_interface/srv/detail/place__functions.c
[0.962s] -- Up-to-date: /home/yh6917/ME495/src/hw3group-jengabells/install/plan_execute_interface/include/plan_execute_interface/plan_execute_interface/srv/detail/go_here__functions.h
[0.962s] -- Up-to-date: /home/yh6917/ME495/src/hw3group-jengabells/install/plan_execute_interface/include/plan_execute_interface/plan_execute_interface/srv/detail/go_here__type_support.h
[0.962s] -- Up-to-date: /home/yh6917/ME495/src/hw3group-jengabells/install/plan_execute_interface/include/plan_execute_interface/plan_execute_interface/srv/detail/place__struct.h
[0.963s] -- Up-to-date: /home/yh6917/ME495/src/hw3group-jengabells/install/plan_execute_interface/include/plan_execute_interface/plan_execute_interface/srv/detail/go_here__functions.c
[0.963s] -- Up-to-date: /home/yh6917/ME495/src/hw3group-jengabells/install/plan_execute_interface/include/plan_execute_interface/plan_execute_interface/srv/detail/place__functions.h
[0.963s] -- Up-to-date: /home/yh6917/ME495/src/hw3group-jengabells/install/plan_execute_interface/include/plan_execute_interface/plan_execute_interface/msg
[0.963s] -- Up-to-date: /home/yh6917/ME495/src/hw3group-jengabells/install/plan_execute_interface/include/plan_execute_interface/plan_execute_interface/msg/rosidl_generator_c__visibility_control.h
[0.963s] -- Up-to-date: /home/yh6917/ME495/src/hw3group-jengabells/install/plan_execute_interface/share/plan_execute_interface/environment/library_path.sh
[0.963s] -- Up-to-date: /home/yh6917/ME495/src/hw3group-jengabells/install/plan_execute_interface/share/plan_execute_interface/environment/library_path.dsv
[0.963s] -- Up-to-date: /home/yh6917/ME495/src/hw3group-jengabells/install/plan_execute_interface/lib/libplan_execute_interface__rosidl_generator_c.so
[0.964s] -- Up-to-date: /home/yh6917/ME495/src/hw3group-jengabells/install/plan_execute_interface/include/plan_execute_interface/plan_execute_interface
[0.964s] -- Up-to-date: /home/yh6917/ME495/src/hw3group-jengabells/install/plan_execute_interface/include/plan_execute_interface/plan_execute_interface/srv
[0.964s] -- Up-to-date: /home/yh6917/ME495/src/hw3group-jengabells/install/plan_execute_interface/include/plan_execute_interface/plan_execute_interface/srv/detail
[0.964s] -- Up-to-date: /home/yh6917/ME495/src/hw3group-jengabells/install/plan_execute_interface/include/plan_execute_interface/plan_execute_interface/srv/detail/go_here__rosidl_typesupport_fastrtps_c.h
[0.964s] -- Up-to-date: /home/yh6917/ME495/src/hw3group-jengabells/install/plan_execute_interface/include/plan_execute_interface/plan_execute_interface/srv/detail/place__rosidl_typesupport_fastrtps_c.h
[0.964s] -- Up-to-date: /home/yh6917/ME495/src/hw3group-jengabells/install/plan_execute_interface/include/plan_execute_interface/plan_execute_interface/msg
[0.964s] -- Up-to-date: /home/yh6917/ME495/src/hw3group-jengabells/install/plan_execute_interface/include/plan_execute_interface/plan_execute_interface/msg/rosidl_typesupport_fastrtps_c__visibility_control.h
[0.964s] -- Up-to-date: /home/yh6917/ME495/src/hw3group-jengabells/install/plan_execute_interface/lib/libplan_execute_interface__rosidl_typesupport_fastrtps_c.so
[0.965s] -- Up-to-date: /home/yh6917/ME495/src/hw3group-jengabells/install/plan_execute_interface/include/plan_execute_interface/plan_execute_interface
[0.965s] -- Up-to-date: /home/yh6917/ME495/src/hw3group-jengabells/install/plan_execute_interface/include/plan_execute_interface/plan_execute_interface/srv
[0.965s] -- Up-to-date: /home/yh6917/ME495/src/hw3group-jengabells/install/plan_execute_interface/include/plan_execute_interface/plan_execute_interface/srv/place.hpp
[0.965s] -- Up-to-date: /home/yh6917/ME495/src/hw3group-jengabells/install/plan_execute_interface/include/plan_execute_interface/plan_execute_interface/srv/detail
[0.965s] -- Up-to-date: /home/yh6917/ME495/src/hw3group-jengabells/install/plan_execute_interface/include/plan_execute_interface/plan_execute_interface/srv/detail/go_here__traits.hpp
[0.965s] -- Up-to-date: /home/yh6917/ME495/src/hw3group-jengabells/install/plan_execute_interface/include/plan_execute_interface/plan_execute_interface/srv/detail/go_here__builder.hpp
[0.966s] -- Up-to-date: /home/yh6917/ME495/src/hw3group-jengabells/install/plan_execute_interface/include/plan_execute_interface/plan_execute_interface/srv/detail/place__struct.hpp
[0.966s] -- Up-to-date: /home/yh6917/ME495/src/hw3group-jengabells/install/plan_execute_interface/include/plan_execute_interface/plan_execute_interface/srv/detail/place__traits.hpp
[0.966s] -- Up-to-date: /home/yh6917/ME495/src/hw3group-jengabells/install/plan_execute_interface/include/plan_execute_interface/plan_execute_interface/srv/detail/place__builder.hpp
[0.966s] -- Up-to-date: /home/yh6917/ME495/src/hw3group-jengabells/install/plan_execute_interface/include/plan_execute_interface/plan_execute_interface/srv/detail/go_here__struct.hpp
[0.966s] -- Up-to-date: /home/yh6917/ME495/src/hw3group-jengabells/install/plan_execute_interface/include/plan_execute_interface/plan_execute_interface/srv/go_here.hpp
[0.966s] -- Up-to-date: /home/yh6917/ME495/src/hw3group-jengabells/install/plan_execute_interface/include/plan_execute_interface/plan_execute_interface
[0.966s] -- Up-to-date: /home/yh6917/ME495/src/hw3group-jengabells/install/plan_execute_interface/include/plan_execute_interface/plan_execute_interface/srv
[0.966s] -- Up-to-date: /home/yh6917/ME495/src/hw3group-jengabells/install/plan_execute_interface/include/plan_execute_interface/plan_execute_interface/srv/detail
[0.966s] -- Up-to-date: /home/yh6917/ME495/src/hw3group-jengabells/install/plan_execute_interface/include/plan_execute_interface/plan_execute_interface/srv/detail/dds_fastrtps
[0.966s] -- Up-to-date: /home/yh6917/ME495/src/hw3group-jengabells/install/plan_execute_interface/include/plan_execute_interface/plan_execute_interface/srv/detail/go_here__rosidl_typesupport_fastrtps_cpp.hpp
[0.967s] -- Up-to-date: /home/yh6917/ME495/src/hw3group-jengabells/install/plan_execute_interface/include/plan_execute_interface/plan_execute_interface/srv/detail/place__rosidl_typesupport_fastrtps_cpp.hpp
[0.967s] -- Up-to-date: /home/yh6917/ME495/src/hw3group-jengabells/install/plan_execute_interface/include/plan_execute_interface/plan_execute_interface/msg
[0.967s] -- Up-to-date: /home/yh6917/ME495/src/hw3group-jengabells/install/plan_execute_interface/include/plan_execute_interface/plan_execute_interface/msg/rosidl_typesupport_fastrtps_cpp__visibility_control.h
[0.967s] -- Up-to-date: /home/yh6917/ME495/src/hw3group-jengabells/install/plan_execute_interface/lib/libplan_execute_interface__rosidl_typesupport_fastrtps_cpp.so
[0.967s] -- Up-to-date: /home/yh6917/ME495/src/hw3group-jengabells/install/plan_execute_interface/include/plan_execute_interface/plan_execute_interface
[0.967s] -- Up-to-date: /home/yh6917/ME495/src/hw3group-jengabells/install/plan_execute_interface/include/plan_execute_interface/plan_execute_interface/srv
[0.967s] -- Up-to-date: /home/yh6917/ME495/src/hw3group-jengabells/install/plan_execute_interface/include/plan_execute_interface/plan_execute_interface/srv/detail
[0.967s] -- Up-to-date: /home/yh6917/ME495/src/hw3group-jengabells/install/plan_execute_interface/include/plan_execute_interface/plan_execute_interface/srv/detail/place__rosidl_typesupport_introspection_c.h
[0.967s] -- Up-to-date: /home/yh6917/ME495/src/hw3group-jengabells/install/plan_execute_interface/include/plan_execute_interface/plan_execute_interface/srv/detail/place__type_support.c
[0.967s] -- Up-to-date: /home/yh6917/ME495/src/hw3group-jengabells/install/plan_execute_interface/include/plan_execute_interface/plan_execute_interface/srv/detail/go_here__type_support.c
[0.967s] -- Up-to-date: /home/yh6917/ME495/src/hw3group-jengabells/install/plan_execute_interface/include/plan_execute_interface/plan_execute_interface/srv/detail/go_here__rosidl_typesupport_introspection_c.h
[0.967s] -- Up-to-date: /home/yh6917/ME495/src/hw3group-jengabells/install/plan_execute_interface/include/plan_execute_interface/plan_execute_interface/msg
[0.967s] -- Up-to-date: /home/yh6917/ME495/src/hw3group-jengabells/install/plan_execute_interface/include/plan_execute_interface/plan_execute_interface/msg/rosidl_typesupport_introspection_c__visibility_control.h
[0.967s] -- Up-to-date: /home/yh6917/ME495/src/hw3group-jengabells/install/plan_execute_interface/lib/libplan_execute_interface__rosidl_typesupport_introspection_c.so
[0.967s] -- Up-to-date: /home/yh6917/ME495/src/hw3group-jengabells/install/plan_execute_interface/lib/libplan_execute_interface__rosidl_typesupport_c.so
[0.967s] -- Up-to-date: /home/yh6917/ME495/src/hw3group-jengabells/install/plan_execute_interface/include/plan_execute_interface/plan_execute_interface
[0.968s] -- Up-to-date: /home/yh6917/ME495/src/hw3group-jengabells/install/plan_execute_interface/include/plan_execute_interface/plan_execute_interface/srv
[0.968s] -- Up-to-date: /home/yh6917/ME495/src/hw3group-jengabells/install/plan_execute_interface/include/plan_execute_interface/plan_execute_interface/srv/detail
[0.968s] -- Up-to-date: /home/yh6917/ME495/src/hw3group-jengabells/install/plan_execute_interface/include/plan_execute_interface/plan_execute_interface/srv/detail/go_here__type_support.cpp
[0.968s] -- Up-to-date: /home/yh6917/ME495/src/hw3group-jengabells/install/plan_execute_interface/include/plan_execute_interface/plan_execute_interface/srv/detail/go_here__rosidl_typesupport_introspection_cpp.hpp
[0.968s] -- Up-to-date: /home/yh6917/ME495/src/hw3group-jengabells/install/plan_execute_interface/include/plan_execute_interface/plan_execute_interface/srv/detail/place__type_support.cpp
[0.968s] -- Up-to-date: /home/yh6917/ME495/src/hw3group-jengabells/install/plan_execute_interface/include/plan_execute_interface/plan_execute_interface/srv/detail/place__rosidl_typesupport_introspection_cpp.hpp
[0.968s] -- Up-to-date: /home/yh6917/ME495/src/hw3group-jengabells/install/plan_execute_interface/lib/libplan_execute_interface__rosidl_typesupport_introspection_cpp.so
[0.968s] -- Up-to-date: /home/yh6917/ME495/src/hw3group-jengabells/install/plan_execute_interface/lib/libplan_execute_interface__rosidl_typesupport_cpp.so
[0.968s] -- Up-to-date: /home/yh6917/ME495/src/hw3group-jengabells/install/plan_execute_interface/share/plan_execute_interface/environment/pythonpath.sh
[0.968s] -- Up-to-date: /home/yh6917/ME495/src/hw3group-jengabells/install/plan_execute_interface/share/plan_execute_interface/environment/pythonpath.dsv
[0.968s] -- Up-to-date: /home/yh6917/ME495/src/hw3group-jengabells/install/plan_execute_interface/local/lib/python3.10/dist-packages/plan_execute_interface-0.0.0-py3.10.egg-info
[0.968s] -- Installing: /home/yh6917/ME495/src/hw3group-jengabells/install/plan_execute_interface/local/lib/python3.10/dist-packages/plan_execute_interface-0.0.0-py3.10.egg-info/dependency_links.txt
[0.968s] -- Installing: /home/yh6917/ME495/src/hw3group-jengabells/install/plan_execute_interface/local/lib/python3.10/dist-packages/plan_execute_interface-0.0.0-py3.10.egg-info/PKG-INFO
[0.968s] -- Installing: /home/yh6917/ME495/src/hw3group-jengabells/install/plan_execute_interface/local/lib/python3.10/dist-packages/plan_execute_interface-0.0.0-py3.10.egg-info/top_level.txt
[0.968s] -- Installing: /home/yh6917/ME495/src/hw3group-jengabells/install/plan_execute_interface/local/lib/python3.10/dist-packages/plan_execute_interface-0.0.0-py3.10.egg-info/SOURCES.txt
[0.968s] -- Up-to-date: /home/yh6917/ME495/src/hw3group-jengabells/install/plan_execute_interface/local/lib/python3.10/dist-packages/plan_execute_interface
[0.968s] -- Up-to-date: /home/yh6917/ME495/src/hw3group-jengabells/install/plan_execute_interface/local/lib/python3.10/dist-packages/plan_execute_interface/__init__.py
[0.969s] -- Up-to-date: /home/yh6917/ME495/src/hw3group-jengabells/install/plan_execute_interface/local/lib/python3.10/dist-packages/plan_execute_interface/srv
[0.969s] -- Up-to-date: /home/yh6917/ME495/src/hw3group-jengabells/install/plan_execute_interface/local/lib/python3.10/dist-packages/plan_execute_interface/srv/__init__.py
[0.969s] -- Up-to-date: /home/yh6917/ME495/src/hw3group-jengabells/install/plan_execute_interface/local/lib/python3.10/dist-packages/plan_execute_interface/srv/_place_s.c
[0.969s] -- Up-to-date: /home/yh6917/ME495/src/hw3group-jengabells/install/plan_execute_interface/local/lib/python3.10/dist-packages/plan_execute_interface/srv/_go_here_s.c
[0.969s] -- Up-to-date: /home/yh6917/ME495/src/hw3group-jengabells/install/plan_execute_interface/local/lib/python3.10/dist-packages/plan_execute_interface/srv/_place.py
[0.969s] -- Up-to-date: /home/yh6917/ME495/src/hw3group-jengabells/install/plan_execute_interface/local/lib/python3.10/dist-packages/plan_execute_interface/srv/_go_here.py
[0.969s] -- Up-to-date: /home/yh6917/ME495/src/hw3group-jengabells/install/plan_execute_interface/local/lib/python3.10/dist-packages/plan_execute_interface/_plan_execute_interface_s.ep.rosidl_typesupport_fastrtps_c.c
[0.969s] -- Up-to-date: /home/yh6917/ME495/src/hw3group-jengabells/install/plan_execute_interface/local/lib/python3.10/dist-packages/plan_execute_interface/plan_execute_interface_s__rosidl_typesupport_introspection_c.cpython-310-x86_64-linux-gnu.so
[0.969s] -- Up-to-date: /home/yh6917/ME495/src/hw3group-jengabells/install/plan_execute_interface/local/lib/python3.10/dist-packages/plan_execute_interface/_plan_execute_interface_s.ep.rosidl_typesupport_c.c
[0.969s] -- Up-to-date: /home/yh6917/ME495/src/hw3group-jengabells/install/plan_execute_interface/local/lib/python3.10/dist-packages/plan_execute_interface/_plan_execute_interface_s.ep.rosidl_typesupport_introspection_c.c
[0.969s] -- Up-to-date: /home/yh6917/ME495/src/hw3group-jengabells/install/plan_execute_interface/local/lib/python3.10/dist-packages/plan_execute_interface/plan_execute_interface_s__rosidl_typesupport_fastrtps_c.cpython-310-x86_64-linux-gnu.so
[0.969s] -- Up-to-date: /home/yh6917/ME495/src/hw3group-jengabells/install/plan_execute_interface/local/lib/python3.10/dist-packages/plan_execute_interface/plan_execute_interface_s__rosidl_typesupport_c.cpython-310-x86_64-linux-gnu.so
[0.970s] -- Up-to-date: /home/yh6917/ME495/src/hw3group-jengabells/install/plan_execute_interface/local/lib/python3.10/dist-packages/plan_execute_interface/libplan_execute_interface__rosidl_generator_py.so
[1.000s] Listing '/home/yh6917/ME495/src/hw3group-jengabells/install/plan_execute_interface/local/lib/python3.10/dist-packages/plan_execute_interface'...
[1.000s] Listing '/home/yh6917/ME495/src/hw3group-jengabells/install/plan_execute_interface/local/lib/python3.10/dist-packages/plan_execute_interface/srv'...
[1.004s] -- Up-to-date: /home/yh6917/ME495/src/hw3group-jengabells/install/plan_execute_interface/local/lib/python3.10/dist-packages/plan_execute_interface/plan_execute_interface_s__rosidl_typesupport_fastrtps_c.cpython-310-x86_64-linux-gnu.so
[1.004s] -- Up-to-date: /home/yh6917/ME495/src/hw3group-jengabells/install/plan_execute_interface/local/lib/python3.10/dist-packages/plan_execute_interface/plan_execute_interface_s__rosidl_typesupport_introspection_c.cpython-310-x86_64-linux-gnu.so
[1.005s] -- Up-to-date: /home/yh6917/ME495/src/hw3group-jengabells/install/plan_execute_interface/local/lib/python3.10/dist-packages/plan_execute_interface/plan_execute_interface_s__rosidl_typesupport_c.cpython-310-x86_64-linux-gnu.so
[1.005s] -- Up-to-date: /home/yh6917/ME495/src/hw3group-jengabells/install/plan_execute_interface/lib/libplan_execute_interface__rosidl_generator_py.so
[1.005s] -- Up-to-date: /home/yh6917/ME495/src/hw3group-jengabells/install/plan_execute_interface/share/plan_execute_interface/srv/GoHere.idl
[1.005s] -- Up-to-date: /home/yh6917/ME495/src/hw3group-jengabells/install/plan_execute_interface/share/plan_execute_interface/srv/Place.idl
[1.006s] -- Up-to-date: /home/yh6917/ME495/src/hw3group-jengabells/install/plan_execute_interface/share/plan_execute_interface/srv/GoHere.srv
[1.006s] -- Up-to-date: /home/yh6917/ME495/src/hw3group-jengabells/install/plan_execute_interface/share/plan_execute_interface/srv/GoHere_Request.msg
[1.006s] -- Up-to-date: /home/yh6917/ME495/src/hw3group-jengabells/install/plan_execute_interface/share/plan_execute_interface/srv/GoHere_Response.msg
[1.006s] -- Up-to-date: /home/yh6917/ME495/src/hw3group-jengabells/install/plan_execute_interface/share/plan_execute_interface/srv/Place.srv
[1.006s] -- Up-to-date: /home/yh6917/ME495/src/hw3group-jengabells/install/plan_execute_interface/share/plan_execute_interface/srv/Place_Request.msg
[1.006s] -- Up-to-date: /home/yh6917/ME495/src/hw3group-jengabells/install/plan_execute_interface/share/plan_execute_interface/srv/Place_Response.msg
[1.007s] -- Up-to-date: /home/yh6917/ME495/src/hw3group-jengabells/install/plan_execute_interface/share/ament_index/resource_index/package_run_dependencies/plan_execute_interface
[1.007s] -- Up-to-date: /home/yh6917/ME495/src/hw3group-jengabells/install/plan_execute_interface/share/ament_index/resource_index/parent_prefix_path/plan_execute_interface
[1.007s] -- Up-to-date: /home/yh6917/ME495/src/hw3group-jengabells/install/plan_execute_interface/share/plan_execute_interface/environment/ament_prefix_path.sh
[1.007s] -- Up-to-date: /home/yh6917/ME495/src/hw3group-jengabells/install/plan_execute_interface/share/plan_execute_interface/environment/ament_prefix_path.dsv
[1.007s] -- Up-to-date: /home/yh6917/ME495/src/hw3group-jengabells/install/plan_execute_interface/share/plan_execute_interface/environment/path.sh
[1.007s] -- Up-to-date: /home/yh6917/ME495/src/hw3group-jengabells/install/plan_execute_interface/share/plan_execute_interface/environment/path.dsv
[1.008s] -- Up-to-date: /home/yh6917/ME495/src/hw3group-jengabells/install/plan_execute_interface/share/plan_execute_interface/local_setup.bash
[1.008s] -- Up-to-date: /home/yh6917/ME495/src/hw3group-jengabells/install/plan_execute_interface/share/plan_execute_interface/local_setup.sh
[1.008s] -- Up-to-date: /home/yh6917/ME495/src/hw3group-jengabells/install/plan_execute_interface/share/plan_execute_interface/local_setup.zsh
[1.008s] -- Up-to-date: /home/yh6917/ME495/src/hw3group-jengabells/install/plan_execute_interface/share/plan_execute_interface/local_setup.dsv
[1.008s] -- Installing: /home/yh6917/ME495/src/hw3group-jengabells/install/plan_execute_interface/share/plan_execute_interface/package.dsv
[1.008s] -- Up-to-date: /home/yh6917/ME495/src/hw3group-jengabells/install/plan_execute_interface/share/ament_index/resource_index/packages/plan_execute_interface
[1.009s] -- Up-to-date: /home/yh6917/ME495/src/hw3group-jengabells/install/plan_execute_interface/share/plan_execute_interface/cmake/export_plan_execute_interface__rosidl_generator_cExport.cmake
[1.009s] -- Up-to-date: /home/yh6917/ME495/src/hw3group-jengabells/install/plan_execute_interface/share/plan_execute_interface/cmake/export_plan_execute_interface__rosidl_generator_cExport-noconfig.cmake
[1.009s] -- Up-to-date: /home/yh6917/ME495/src/hw3group-jengabells/install/plan_execute_interface/share/plan_execute_interface/cmake/export_plan_execute_interface__rosidl_typesupport_fastrtps_cExport.cmake
[1.009s] -- Up-to-date: /home/yh6917/ME495/src/hw3group-jengabells/install/plan_execute_interface/share/plan_execute_interface/cmake/export_plan_execute_interface__rosidl_typesupport_fastrtps_cExport-noconfig.cmake
[1.010s] -- Up-to-date: /home/yh6917/ME495/src/hw3group-jengabells/install/plan_execute_interface/share/plan_execute_interface/cmake/export_plan_execute_interface__rosidl_generator_cppExport.cmake
[1.010s] -- Up-to-date: /home/yh6917/ME495/src/hw3group-jengabells/install/plan_execute_interface/share/plan_execute_interface/cmake/export_plan_execute_interface__rosidl_typesupport_fastrtps_cppExport.cmake
[1.010s] -- Up-to-date: /home/yh6917/ME495/src/hw3group-jengabells/install/plan_execute_interface/share/plan_execute_interface/cmake/export_plan_execute_interface__rosidl_typesupport_fastrtps_cppExport-noconfig.cmake
[1.010s] -- Up-to-date: /home/yh6917/ME495/src/hw3group-jengabells/install/plan_execute_interface/share/plan_execute_interface/cmake/plan_execute_interface__rosidl_typesupport_introspection_cExport.cmake
[1.010s] -- Up-to-date: /home/yh6917/ME495/src/hw3group-jengabells/install/plan_execute_interface/share/plan_execute_interface/cmake/plan_execute_interface__rosidl_typesupport_introspection_cExport-noconfig.cmake
[1.010s] -- Up-to-date: /home/yh6917/ME495/src/hw3group-jengabells/install/plan_execute_interface/share/plan_execute_interface/cmake/plan_execute_interface__rosidl_typesupport_cExport.cmake
[1.010s] -- Up-to-date: /home/yh6917/ME495/src/hw3group-jengabells/install/plan_execute_interface/share/plan_execute_interface/cmake/plan_execute_interface__rosidl_typesupport_cExport-noconfig.cmake
[1.011s] -- Up-to-date: /home/yh6917/ME495/src/hw3group-jengabells/install/plan_execute_interface/share/plan_execute_interface/cmake/plan_execute_interface__rosidl_typesupport_introspection_cppExport.cmake
[1.011s] -- Up-to-date: /home/yh6917/ME495/src/hw3group-jengabells/install/plan_execute_interface/share/plan_execute_interface/cmake/plan_execute_interface__rosidl_typesupport_introspection_cppExport-noconfig.cmake
[1.011s] -- Up-to-date: /home/yh6917/ME495/src/hw3group-jengabells/install/plan_execute_interface/share/plan_execute_interface/cmake/plan_execute_interface__rosidl_typesupport_cppExport.cmake
[1.011s] -- Up-to-date: /home/yh6917/ME495/src/hw3group-jengabells/install/plan_execute_interface/share/plan_execute_interface/cmake/plan_execute_interface__rosidl_typesupport_cppExport-noconfig.cmake
[1.011s] -- Up-to-date: /home/yh6917/ME495/src/hw3group-jengabells/install/plan_execute_interface/share/plan_execute_interface/cmake/export_plan_execute_interface__rosidl_generator_pyExport.cmake
[1.012s] -- Up-to-date: /home/yh6917/ME495/src/hw3group-jengabells/install/plan_execute_interface/share/plan_execute_interface/cmake/export_plan_execute_interface__rosidl_generator_pyExport-noconfig.cmake
[1.012s] -- Up-to-date: /home/yh6917/ME495/src/hw3group-jengabells/install/plan_execute_interface/share/plan_execute_interface/cmake/rosidl_cmake-extras.cmake
[1.013s] -- Up-to-date: /home/yh6917/ME495/src/hw3group-jengabells/install/plan_execute_interface/share/plan_execute_interface/cmake/ament_cmake_export_dependencies-extras.cmake
[1.014s] -- Up-to-date: /home/yh6917/ME495/src/hw3group-jengabells/install/plan_execute_interface/share/plan_execute_interface/cmake/ament_cmake_export_include_directories-extras.cmake
[1.014s] -- Up-to-date: /home/yh6917/ME495/src/hw3group-jengabells/install/plan_execute_interface/share/plan_execute_interface/cmake/ament_cmake_export_libraries-extras.cmake
[1.014s] -- Up-to-date: /home/yh6917/ME495/src/hw3group-jengabells/install/plan_execute_interface/share/plan_execute_interface/cmake/ament_cmake_export_targets-extras.cmake
[1.014s] -- Up-to-date: /home/yh6917/ME495/src/hw3group-jengabells/install/plan_execute_interface/share/plan_execute_interface/cmake/rosidl_cmake_export_typesupport_targets-extras.cmake
[1.015s] -- Up-to-date: /home/yh6917/ME495/src/hw3group-jengabells/install/plan_execute_interface/share/plan_execute_interface/cmake/rosidl_cmake_export_typesupport_libraries-extras.cmake
[1.015s] -- Up-to-date: /home/yh6917/ME495/src/hw3group-jengabells/install/plan_execute_interface/share/plan_execute_interface/cmake/plan_execute_interfaceConfig.cmake
[1.016s] -- Up-to-date: /home/yh6917/ME495/src/hw3group-jengabells/install/plan_execute_interface/share/plan_execute_interface/cmake/plan_execute_interfaceConfig-version.cmake
[1.016s] -- Up-to-date: /home/yh6917/ME495/src/hw3group-jengabells/install/plan_execute_interface/share/plan_execute_interface/package.xml
[1.016s] Invoked command in '/home/yh6917/ME495/src/hw3group-jengabells/build/plan_execute_interface' returned '0': CMAKE_PREFIX_PATH=${CMAKE_PREFIX_PATH}:/home/yh6917/ME495/src/hw3group-jengabells/install/camera:/home/yh6917/ME495/src/hw3group-jengabells/install/plan_execute:/opt/ros/humble /usr/bin/cmake --install /home/yh6917/ME495/src/hw3group-jengabells/build/plan_execute_interface
