running egg_info
creating ../build/plan_execute/plan_execute.egg-info
writing ../build/plan_execute/plan_execute.egg-info/PKG-INFO
writing dependency_links to ../build/plan_execute/plan_execute.egg-info/dependency_links.txt
writing entry points to ../build/plan_execute/plan_execute.egg-info/entry_points.txt
writing requirements to ../build/plan_execute/plan_execute.egg-info/requires.txt
writing top-level names to ../build/plan_execute/plan_execute.egg-info/top_level.txt
writing manifest file '../build/plan_execute/plan_execute.egg-info/SOURCES.txt'
reading manifest file '../build/plan_execute/plan_execute.egg-info/SOURCES.txt'
writing manifest file '../build/plan_execute/plan_execute.egg-info/SOURCES.txt'
running build
running build_py
creating /home/yh6917/ME495/src/hw3group-jengabells/build/plan_execute/build
creating /home/yh6917/ME495/src/hw3group-jengabells/build/plan_execute/build/lib
creating /home/yh6917/ME495/src/hw3group-jengabells/build/plan_execute/build/lib/plan_execute
copying plan_execute/__init__.py -> /home/yh6917/ME495/src/hw3group-jengabells/build/plan_execute/build/lib/plan_execute
copying plan_execute/plan_and_execute.py -> /home/yh6917/ME495/src/hw3group-jengabells/build/plan_execute/build/lib/plan_execute
copying plan_execute/simple_move.py -> /home/yh6917/ME495/src/hw3group-jengabells/build/plan_execute/build/lib/plan_execute
running install
running install_lib
creating /home/yh6917/ME495/src/hw3group-jengabells/install/plan_execute/lib/python3.10/site-packages/plan_execute
copying /home/yh6917/ME495/src/hw3group-jengabells/build/plan_execute/build/lib/plan_execute/__init__.py -> /home/yh6917/ME495/src/hw3group-jengabells/install/plan_execute/lib/python3.10/site-packages/plan_execute
copying /home/yh6917/ME495/src/hw3group-jengabells/build/plan_execute/build/lib/plan_execute/plan_and_execute.py -> /home/yh6917/ME495/src/hw3group-jengabells/install/plan_execute/lib/python3.10/site-packages/plan_execute
copying /home/yh6917/ME495/src/hw3group-jengabells/build/plan_execute/build/lib/plan_execute/simple_move.py -> /home/yh6917/ME495/src/hw3group-jengabells/install/plan_execute/lib/python3.10/site-packages/plan_execute
byte-compiling /home/yh6917/ME495/src/hw3group-jengabells/install/plan_execute/lib/python3.10/site-packages/plan_execute/__init__.py to __init__.cpython-310.pyc
byte-compiling /home/yh6917/ME495/src/hw3group-jengabells/install/plan_execute/lib/python3.10/site-packages/plan_execute/plan_and_execute.py to plan_and_execute.cpython-310.pyc
byte-compiling /home/yh6917/ME495/src/hw3group-jengabells/install/plan_execute/lib/python3.10/site-packages/plan_execute/simple_move.py to simple_move.cpython-310.pyc
running install_data
creating /home/yh6917/ME495/src/hw3group-jengabells/install/plan_execute/share/ament_index
creating /home/yh6917/ME495/src/hw3group-jengabells/install/plan_execute/share/ament_index/resource_index
creating /home/yh6917/ME495/src/hw3group-jengabells/install/plan_execute/share/ament_index/resource_index/packages
copying resource/plan_execute -> /home/yh6917/ME495/src/hw3group-jengabells/install/plan_execute/share/ament_index/resource_index/packages
copying package.xml -> /home/yh6917/ME495/src/hw3group-jengabells/install/plan_execute/share/plan_execute
copying launch/simple_move.launch.py -> /home/yh6917/ME495/src/hw3group-jengabells/install/plan_execute/share/plan_execute
copying plan_execute/plan_and_execute.py -> /home/yh6917/ME495/src/hw3group-jengabells/install/plan_execute/share/plan_execute
running install_egg_info
Copying ../build/plan_execute/plan_execute.egg-info to /home/yh6917/ME495/src/hw3group-jengabells/install/plan_execute/lib/python3.10/site-packages/plan_execute-0.0.0-py3.10.egg-info
running install_scripts
Installing simple_move script to /home/yh6917/ME495/src/hw3group-jengabells/install/plan_execute/lib/plan_execute
writing list of installed files to '/home/yh6917/ME495/src/hw3group-jengabells/build/plan_execute/install.log'
