[1.390s] Invoking command in '/home/yh6917/ME495/src/hw3group-jengabells/camera': PYTHONPATH=/home/yh6917/ME495/src/hw3group-jengabells/install/camera/lib/python3.10/site-packages:${PYTHONPATH} /usr/bin/python3 setup.py egg_info --egg-base ../build/camera build --build-base /home/yh6917/ME495/src/hw3group-jengabells/build/camera/build install --prefix /home/yh6917/ME495/src/hw3group-jengabells/install/camera --record /home/yh6917/ME495/src/hw3group-jengabells/build/camera/install.log --single-version-externally-managed
[1.719s] running egg_info
[1.719s] writing ../build/camera/camera.egg-info/PKG-INFO
[1.719s] writing dependency_links to ../build/camera/camera.egg-info/dependency_links.txt
[1.720s] writing entry points to ../build/camera/camera.egg-info/entry_points.txt
[1.720s] writing requirements to ../build/camera/camera.egg-info/requires.txt
[1.720s] writing top-level names to ../build/camera/camera.egg-info/top_level.txt
[1.723s] reading manifest file '../build/camera/camera.egg-info/SOURCES.txt'
[1.724s] writing manifest file '../build/camera/camera.egg-info/SOURCES.txt'
[1.724s] running build
[1.724s] running build_py
[1.724s] running install
[1.725s] running install_lib
[1.726s] running install_data
[1.727s] running install_egg_info
[1.729s] removing '/home/yh6917/ME495/src/hw3group-jengabells/install/camera/lib/python3.10/site-packages/camera-0.0.0-py3.10.egg-info' (and everything under it)
[1.729s] Copying ../build/camera/camera.egg-info to /home/yh6917/ME495/src/hw3group-jengabells/install/camera/lib/python3.10/site-packages/camera-0.0.0-py3.10.egg-info
[1.730s] running install_scripts
[1.757s] Installing broadcast script to /home/yh6917/ME495/src/hw3group-jengabells/install/camera/lib/camera
[1.758s] Installing cali script to /home/yh6917/ME495/src/hw3group-jengabells/install/camera/lib/camera
[1.758s] Installing cam script to /home/yh6917/ME495/src/hw3group-jengabells/install/camera/lib/camera
[1.758s] writing list of installed files to '/home/yh6917/ME495/src/hw3group-jengabells/build/camera/install.log'
[1.792s] Invoked command in '/home/yh6917/ME495/src/hw3group-jengabells/camera' returned '0': PYTHONPATH=/home/yh6917/ME495/src/hw3group-jengabells/install/camera/lib/python3.10/site-packages:${PYTHONPATH} /usr/bin/python3 setup.py egg_info --egg-base ../build/camera build --build-base /home/yh6917/ME495/src/hw3group-jengabells/build/camera/build install --prefix /home/yh6917/ME495/src/hw3group-jengabells/install/camera --record /home/yh6917/ME495/src/hw3group-jengabells/build/camera/install.log --single-version-externally-managed
