/home/yh6917/ME495/src/hw3group-jengabells/install/camera/lib/python3.10/site-packages/camera/__init__.py
/home/yh6917/ME495/src/hw3group-jengabells/install/camera/lib/python3.10/site-packages/camera/test.py
/home/yh6917/ME495/src/hw3group-jengabells/install/camera/lib/python3.10/site-packages/camera/realsense.py
/home/yh6917/ME495/src/hw3group-jengabells/install/camera/lib/python3.10/site-packages/camera/broadcast_transform.py
/home/yh6917/ME495/src/hw3group-jengabells/install/camera/lib/python3.10/site-packages/camera/calibrate.py
/home/yh6917/ME495/src/hw3group-jengabells/install/camera/lib/python3.10/site-packages/camera/__pycache__/__init__.cpython-310.pyc
/home/yh6917/ME495/src/hw3group-jengabells/install/camera/lib/python3.10/site-packages/camera/__pycache__/test.cpython-310.pyc
/home/yh6917/ME495/src/hw3group-jengabells/install/camera/lib/python3.10/site-packages/camera/__pycache__/realsense.cpython-310.pyc
/home/yh6917/ME495/src/hw3group-jengabells/install/camera/lib/python3.10/site-packages/camera/__pycache__/broadcast_transform.cpython-310.pyc
/home/yh6917/ME495/src/hw3group-jengabells/install/camera/lib/python3.10/site-packages/camera/__pycache__/calibrate.cpython-310.pyc
/home/yh6917/ME495/src/hw3group-jengabells/install/camera/share/ament_index/resource_index/packages/camera
/home/yh6917/ME495/src/hw3group-jengabells/install/camera/share/camera/package.xml
/home/yh6917/ME495/src/hw3group-jengabells/install/camera/share/camera/jenga_vision.launch.py
/home/yh6917/ME495/src/hw3group-jengabells/install/camera/share/camera/cv.launch.py
/home/yh6917/ME495/src/hw3group-jengabells/install/camera/share/camera/april.rviz
/home/yh6917/ME495/src/hw3group-jengabells/install/camera/share/camera/april.yaml
/home/yh6917/ME495/src/hw3group-jengabells/install/camera/share/camera/tf.yaml
/home/yh6917/ME495/src/hw3group-jengabells/install/camera/share/camera/keras_model.h5
/home/yh6917/ME495/src/hw3group-jengabells/install/camera/share/camera/labels.txt
/home/yh6917/ME495/src/hw3group-jengabells/install/camera/lib/python3.10/site-packages/camera-0.0.0-py3.10.egg-info/dependency_links.txt
/home/yh6917/ME495/src/hw3group-jengabells/install/camera/lib/python3.10/site-packages/camera-0.0.0-py3.10.egg-info/entry_points.txt
/home/yh6917/ME495/src/hw3group-jengabells/install/camera/lib/python3.10/site-packages/camera-0.0.0-py3.10.egg-info/PKG-INFO
/home/yh6917/ME495/src/hw3group-jengabells/install/camera/lib/python3.10/site-packages/camera-0.0.0-py3.10.egg-info/top_level.txt
/home/yh6917/ME495/src/hw3group-jengabells/install/camera/lib/python3.10/site-packages/camera-0.0.0-py3.10.egg-info/zip-safe
/home/yh6917/ME495/src/hw3group-jengabells/install/camera/lib/python3.10/site-packages/camera-0.0.0-py3.10.egg-info/SOURCES.txt
/home/yh6917/ME495/src/hw3group-jengabells/install/camera/lib/python3.10/site-packages/camera-0.0.0-py3.10.egg-info/requires.txt
/home/yh6917/ME495/src/hw3group-jengabells/install/camera/lib/camera/broadcast
/home/yh6917/ME495/src/hw3group-jengabells/install/camera/lib/camera/cali
/home/yh6917/ME495/src/hw3group-jengabells/install/camera/lib/camera/cam
